============================= test session starts ==============================
platform linux -- Python 3.12.11, pytest-8.3.4, pluggy-1.6.0
rootdir: /mnt/e/source/personal_repos/homeassistant/custom_components/price_tracker
configfile: pytest.ini
plugins: asyncio-0.24.0, socket-0.7.0, picked-0.5.0, xdist-3.6.1, syrupy-4.8.0, unordered-0.6.1, respx-0.21.1, anyio-4.10.0, pytest_freezer-0.4.8, sugar-1.0.0, aiohttp-1.0.5, requests-mock-1.12.1, cov-6.0.0, homeassistant-custom-component-0.13.205, github-actions-annotate-failures-0.2.0, timeout-2.3.1
asyncio: mode=Mode.AUTO, default_loop_scope="function"
collected 29 items

tests/buywisely/test_buywisely_parser.py::test_hydration_parser_with_real_data 
-------------------------------- live log setup --------------------------------
2025-09-23 17:05:32 [DEBUG] Using selector: EpollSelector (selector_events.py:64)
2025-09-23 17:05:32 [DEBUG] Using selector: EpollSelector (selector_events.py:64)
-------------------------------- live log call ---------------------------------
2025-09-23 17:05:32 [DEBUG] __NEXT_DATA__ successfully parsed: {'props': {'pageProps': {'product': {'name': 'Motorola Moto G75 5G 256GB Grey with Buds', 'offers': [{'price': 299.99, 'currency': 'USD', 'seller': 'Amazon', 'seller_product_url': 'http://example.com/seller_product_url'}]}}}} (hydration_parser.py:37)
2025-09-23 17:05:32 [DEBUG] [DIAG][_find_product_data_recursive] Processing data (type: <class 'dict'>): {'props': {'pageProps': {'product': {'name': 'Motorola Moto G75 5G 256GB Grey with Buds', 'offers': ... (json_parser_utils.py:118)
2025-09-23 17:05:32 [DEBUG] [DIAG][_find_product_data_recursive] Found product data in props.pageProps: {'name': 'Motorola Moto G75 5G 256GB Grey with Buds', 'offers': [{'price': 299.99, 'currency': 'USD'... (json_parser_utils.py:121)
2025-09-23 17:05:32 [DEBUG] [DIAG][find_product_with_offers_recursive] Processing data (type: <class 'dict'>): {'name': 'Motorola Moto G75 5G 256GB Grey with Buds', 'offers': [{'price': 299.99, 'currency': 'USD'... (json_parser_utils.py:94)
2025-09-23 17:05:32 [DEBUG] [DIAG][find_product_with_offers_recursive] Found product data with offers: {'name': 'Motorola Moto G75 5G 256GB Grey with Buds', 'offers': [{'price': 299.99, 'currency': 'USD'... (json_parser_utils.py:97)
2025-09-23 17:05:32 [INFO] Found product data from __NEXT_DATA__. (hydration_parser.py:40)
PASSED                                                                   [  3%]
------------------------------ live log teardown -------------------------------
2025-09-23 17:05:32 [DEBUG] Close <_UnixSelectorEventLoop running=False closed=False debug=True> (base_events.py:714)
2025-09-23 17:05:32 [DEBUG] Using selector: EpollSelector (selector_events.py:64)

tests/buywisely/test_buywisely_currency_format.py::test_buywisely_currency_price_format_handling 
-------------------------------- live log setup --------------------------------
2025-09-23 17:05:32 [DEBUG] Using selector: EpollSelector (selector_events.py:64)
-------------------------------- live log call ---------------------------------
2025-09-23 17:05:32 [INFO] BuyWisely HtmlExtractor: Starting HTML extraction (html_extractor.py:37)
2025-09-23 17:05:32 [DEBUG] __NEXT_DATA__ successfully parsed: {'props': {'pageProps': {'product': {'title': 'Product X', 'offers': [{'base_price': 12.34, 'currency': 'XYZ$'}]}}}} (hydration_parser.py:37)
2025-09-23 17:05:32 [DEBUG] [DIAG][_find_product_data_recursive] Processing data (type: <class 'dict'>): {'props': {'pageProps': {'product': {'title': 'Product X', 'offers': [{'base_price': 12.34, 'currenc... (json_parser_utils.py:118)
2025-09-23 17:05:32 [DEBUG] [DIAG][_find_product_data_recursive] Found product data in props.pageProps: {'title': 'Product X', 'offers': [{'base_price': 12.34, 'currency': 'XYZ$'}]}... (json_parser_utils.py:121)
2025-09-23 17:05:32 [DEBUG] [DIAG][find_product_with_offers_recursive] Processing data (type: <class 'dict'>): {'title': 'Product X', 'offers': [{'base_price': 12.34, 'currency': 'XYZ$'}]}... (json_parser_utils.py:94)
2025-09-23 17:05:32 [DEBUG] [DIAG][find_product_with_offers_recursive] Recursing into key 'title' (json_parser_utils.py:100)
2025-09-23 17:05:32 [DEBUG] [DIAG][find_product_with_offers_recursive] Processing data (type: <class 'str'>): Product X... (json_parser_utils.py:94)
2025-09-23 17:05:32 [DEBUG] [DIAG][find_product_with_offers_recursive] Recursing into key 'offers' (json_parser_utils.py:100)
2025-09-23 17:05:32 [DEBUG] [DIAG][find_product_with_offers_recursive] Processing data (type: <class 'list'>): [{'base_price': 12.34, 'currency': 'XYZ$'}]... (json_parser_utils.py:94)
2025-09-23 17:05:32 [DEBUG] [DIAG][find_product_with_offers_recursive] Iterating list of length 1 (json_parser_utils.py:105)
2025-09-23 17:05:32 [DEBUG] [DIAG][find_product_with_offers_recursive] Recursing into list item 0 (json_parser_utils.py:107)
2025-09-23 17:05:32 [DEBUG] [DIAG][find_product_with_offers_recursive] Processing data (type: <class 'dict'>): {'base_price': 12.34, 'currency': 'XYZ$'}... (json_parser_utils.py:94)
2025-09-23 17:05:32 [DEBUG] [DIAG][find_product_with_offers_recursive] Recursing into key 'base_price' (json_parser_utils.py:100)
2025-09-23 17:05:32 [DEBUG] [DIAG][find_product_with_offers_recursive] Processing data (type: <class 'float'>): 12.34... (json_parser_utils.py:94)
2025-09-23 17:05:32 [DEBUG] [DIAG][find_product_with_offers_recursive] Recursing into key 'currency' (json_parser_utils.py:100)
2025-09-23 17:05:32 [DEBUG] [DIAG][find_product_with_offers_recursive] Processing data (type: <class 'str'>): XYZ$... (json_parser_utils.py:94)
2025-09-23 17:05:32 [INFO] No product data found in __NEXT_DATA__. (hydration_parser.py:43)
2025-09-23 17:05:32 [DEBUG] [DIAG][html_extractor] Raw parsed_data_list from hydration_parser: [] (html_extractor.py:41)
2025-09-23 17:05:32 [INFO] [DIAG][html_extractor] Full parsed_data (hydration): [] (html_extractor.py:45)
2025-09-23 17:05:32 [INFO] [DIAG] Parsed data from hydration_parser: [] (html_extractor.py:48)
2025-09-23 17:05:32 [WARNING] [DIAG] HydrationDataExtractor returned empty, attempting manual __NEXT_DATA__ extraction. (html_extractor.py:55)
2025-09-23 17:05:32 [INFO] [DIAG] Manually extracted __NEXT_DATA__ JSON: <class 'dict'> (html_extractor.py:61)
2025-09-23 17:05:32 [DEBUG] [DIAG][_find_product_data_recursive] Processing data at path: , type: <class 'dict'> (html_extractor.py:11)
2025-09-23 17:05:32 [DEBUG] [DIAG][_find_product_data_recursive] Processing data at path: .props, type: <class 'dict'> (html_extractor.py:11)
2025-09-23 17:05:32 [DEBUG] [DIAG][_find_product_data_recursive] Processing data at path: .props.pageProps, type: <class 'dict'> (html_extractor.py:11)
2025-09-23 17:05:32 [DEBUG] [DIAG][_find_product_data_recursive] Found product data (legacy 'product' key) at path: .props.pageProps (html_extractor.py:19)
2025-09-23 17:05:32 [DEBUG] [DIAG][html_extractor] Product data after recursive search: {'title': 'Product X', 'offers': [{'base_price': 12.34, 'currency': 'XYZ$'}]} (html_extractor.py:76)
2025-09-23 17:05:32 [INFO] [DIAG][html_extractor] Found product data: {'title': 'Product X', 'offers': [{'base_price': 12.34, 'currency': 'XYZ$'}]} (html_extractor.py:79)
2025-09-23 17:05:32 [INFO] [DIAG][html_extractor] Full offers list: [{'base_price': 12.34, 'currency': 'XYZ$'}] (html_extractor.py:87)
2025-09-23 17:05:32 [INFO] [DIAG][html_extractor] All candidate seller_product_url values: [] (html_extractor.py:88)
2025-09-23 17:05:32 [DEBUG] [DIAG][is_valid_seller_url] Checking URL: 'None' (html_extractor.py:94)
2025-09-23 17:05:32 [DEBUG] [DIAG][is_valid_seller_url] Invalid: URL is None or not a string. URL: None (html_extractor.py:96)
2025-09-23 17:05:32 [ERROR] [html_extractor] No valid seller URL found in offers. Extraction failure. (html_extractor.py:131)
2025-09-23 17:05:32 [INFO] [DIAG][html_extractor] raw_data before return: {'title': 'Product X', 'price': None, 'image': None, 'currency': 'AUD', 'availability': 'In Stock', 'brand': 'Product', 'url': '', 'offers': [{'base_price': 12.34, 'currency': 'XYZ$'}]} (html_extractor.py:147)
2025-09-23 17:05:32 [DEBUG] [DIAG][data_transformer] Raw data received: {'title': 'Product X', 'price': None, 'image': None, 'currency': 'AUD', 'availability': 'In Stock', 'brand': 'Product', 'url': '', 'offers': [{'base_price': 12.34, 'currency': 'XYZ$'}]} (data_transformer.py:9)
2025-09-23 17:05:32 [INFO] [DIAG][data_transformer] Offers count: 1 (data_transformer.py:16)
2025-09-23 17:05:32 [INFO] [DIAG][data_transformer] Offer 0 seller_product_url: None (data_transformer.py:19)
2025-09-23 17:05:32 [DEBUG] [DIAG][data_transformer] Lowest offer identified: {'base_price': 12.34, 'currency': 'XYZ$'} (data_transformer.py:26)
2025-09-23 17:05:32 [DEBUG] [DIAG][data_transformer] Seller product URL from lowest offer: None (data_transformer.py:31)
2025-09-23 17:05:32 [ERROR] [DIAG][data_transformer] No seller_product_url found in lowest_offer: {'base_price': 12.34, 'currency': 'XYZ$'} (data_transformer.py:33)
2025-09-23 17:05:32 [INFO] [DIAG][data_transformer] extracted_url (seller_product_url): None, item_url:  (data_transformer.py:73)
2025-09-23 17:05:32 [INFO] [DIAG][data_transformer] is_valid_seller_url: url is None or not a string: None (data_transformer.py:57)
2025-09-23 17:05:32 [ERROR] [data_transformer] No valid seller product URL found in offers for product_id=currency-1. Extraction failure. (data_transformer.py:78)
2025-09-23 17:05:32 [INFO] [DIAG][data_transformer] Final url for ItemData:  (data_transformer.py:79)
2025-09-23 17:05:32 [DEBUG] [DIAG][data_transformer] Price value: 12.34, Currency value: XYZ$ (data_transformer.py:83)
2025-09-23 17:05:32 [DEBUG] [DIAG][data_transformer] Name value: Product X, Brand value: Product (data_transformer.py:84)
2025-09-23 17:05:32 [DEBUG] [DIAG][data_transformer] Image value: , Status value: ItemStatus.ACTIVE (data_transformer.py:85)
2025-09-23 17:05:32 [DEBUG] [DIAG][data_transformer] Product link:  (data_transformer.py:86)
2025-09-23 17:05:32 [INFO] [DIAG][DataTransformer] Returning ItemData: ItemData(), as_dict: {'product_id': 'currency-1', 'brand': 'Product', 'name': 'Product X', 'description': None, 'display_category': ['None'], 'display_category_last': 'None', 'original_price': 12.34, 'price': 12.34, 'discount_rate': 0.0, 'discount_amount': 0.0, 'payback_price': 0.0, 'currency': 'XYZ$', 'delivery_type': 'NO_DELIVERY', 'delivery_pay_type': 'UNKNOWN', 'delivery_price': None, 'delivery_free_threshold_price': None, 'delivery_minimum_price': None, 'delivery_arrive_date': None, 'url': '', 'image': '', 'inventory_status': 'OUT_OF_STOCK', 'inventory_status_rank': 0, 'unit_value': 1, 'unit_type': 'PIECE', 'unit_price': 12.34, 'sort_price': '12.340000000:2', 'product_options': [], 'status': 'ACTIVE', 'http_status': 200} (data_transformer.py:98)
2025-09-23 17:05:36 [INFO] BuyWisely HtmlExtractor: Starting HTML extraction (html_extractor.py:37)
2025-09-23 17:05:36 [DEBUG] __NEXT_DATA__ successfully parsed: {'props': {'pageProps': {'product': {'title': 'Product Y', 'offers': [{'base_price': '1,234.56', 'currency': 'AUD'}]}}}} (hydration_parser.py:37)
2025-09-23 17:05:36 [DEBUG] [DIAG][_find_product_data_recursive] Processing data (type: <class 'dict'>): {'props': {'pageProps': {'product': {'title': 'Product Y', 'offers': [{'base_price': '1,234.56', 'cu... (json_parser_utils.py:118)
2025-09-23 17:05:36 [DEBUG] [DIAG][_find_product_data_recursive] Found product data in props.pageProps: {'title': 'Product Y', 'offers': [{'base_price': '1,234.56', 'currency': 'AUD'}]}... (json_parser_utils.py:121)
2025-09-23 17:05:36 [DEBUG] [DIAG][find_product_with_offers_recursive] Processing data (type: <class 'dict'>): {'title': 'Product Y', 'offers': [{'base_price': '1,234.56', 'currency': 'AUD'}]}... (json_parser_utils.py:94)
2025-09-23 17:05:36 [DEBUG] [DIAG][find_product_with_offers_recursive] Recursing into key 'title' (json_parser_utils.py:100)
2025-09-23 17:05:36 [DEBUG] [DIAG][find_product_with_offers_recursive] Processing data (type: <class 'str'>): Product Y... (json_parser_utils.py:94)
2025-09-23 17:05:36 [DEBUG] [DIAG][find_product_with_offers_recursive] Recursing into key 'offers' (json_parser_utils.py:100)
2025-09-23 17:05:36 [DEBUG] [DIAG][find_product_with_offers_recursive] Processing data (type: <class 'list'>): [{'base_price': '1,234.56', 'currency': 'AUD'}]... (json_parser_utils.py:94)
2025-09-23 17:05:36 [DEBUG] [DIAG][find_product_with_offers_recursive] Iterating list of length 1 (json_parser_utils.py:105)
2025-09-23 17:05:36 [DEBUG] [DIAG][find_product_with_offers_recursive] Recursing into list item 0 (json_parser_utils.py:107)
2025-09-23 17:05:36 [DEBUG] [DIAG][find_product_with_offers_recursive] Processing data (type: <class 'dict'>): {'base_price': '1,234.56', 'currency': 'AUD'}... (json_parser_utils.py:94)
2025-09-23 17:05:36 [DEBUG] [DIAG][find_product_with_offers_recursive] Recursing into key 'base_price' (json_parser_utils.py:100)
2025-09-23 17:05:36 [DEBUG] [DIAG][find_product_with_offers_recursive] Processing data (type: <class 'str'>): 1,234.56... (json_parser_utils.py:94)
2025-09-23 17:05:36 [DEBUG] [DIAG][find_product_with_offers_recursive] Recursing into key 'currency' (json_parser_utils.py:100)
2025-09-23 17:05:36 [DEBUG] [DIAG][find_product_with_offers_recursive] Processing data (type: <class 'str'>): AUD... (json_parser_utils.py:94)
2025-09-23 17:05:36 [INFO] No product data found in __NEXT_DATA__. (hydration_parser.py:43)
2025-09-23 17:05:36 [DEBUG] [DIAG][html_extractor] Raw parsed_data_list from hydration_parser: [] (html_extractor.py:41)
2025-09-23 17:05:36 [INFO] [DIAG][html_extractor] Full parsed_data (hydration): [] (html_extractor.py:45)
2025-09-23 17:05:36 [INFO] [DIAG] Parsed data from hydration_parser: [] (html_extractor.py:48)
2025-09-23 17:05:36 [WARNING] [DIAG] HydrationDataExtractor returned empty, attempting manual __NEXT_DATA__ extraction. (html_extractor.py:55)
2025-09-23 17:05:36 [INFO] [DIAG] Manually extracted __NEXT_DATA__ JSON: <class 'dict'> (html_extractor.py:61)
2025-09-23 17:05:36 [DEBUG] [DIAG][_find_product_data_recursive] Processing data at path: , type: <class 'dict'> (html_extractor.py:11)
2025-09-23 17:05:36 [DEBUG] [DIAG][_find_product_data_recursive] Processing data at path: .props, type: <class 'dict'> (html_extractor.py:11)
2025-09-23 17:05:36 [DEBUG] [DIAG][_find_product_data_recursive] Processing data at path: .props.pageProps, type: <class 'dict'> (html_extractor.py:11)
2025-09-23 17:05:36 [DEBUG] [DIAG][_find_product_data_recursive] Found product data (legacy 'product' key) at path: .props.pageProps (html_extractor.py:19)
2025-09-23 17:05:36 [DEBUG] [DIAG][html_extractor] Product data after recursive search: {'title': 'Product Y', 'offers': [{'base_price': '1,234.56', 'currency': 'AUD'}]} (html_extractor.py:76)
2025-09-23 17:05:36 [INFO] [DIAG][html_extractor] Found product data: {'title': 'Product Y', 'offers': [{'base_price': '1,234.56', 'currency': 'AUD'}]} (html_extractor.py:79)
2025-09-23 17:05:36 [INFO] [DIAG][html_extractor] Full offers list: [{'base_price': '1,234.56', 'currency': 'AUD'}] (html_extractor.py:87)
2025-09-23 17:05:36 [INFO] [DIAG][html_extractor] All candidate seller_product_url values: [] (html_extractor.py:88)
2025-09-23 17:05:36 [ERROR] [html_extractor] No valid seller URL found in offers. Extraction failure. (html_extractor.py:131)
2025-09-23 17:05:36 [INFO] [DIAG][html_extractor] raw_data before return: {'title': 'Product Y', 'price': None, 'image': None, 'currency': 'AUD', 'availability': 'In Stock', 'brand': 'Product', 'url': '', 'offers': [{'base_price': '1,234.56', 'currency': 'AUD'}]} (html_extractor.py:147)
2025-09-23 17:05:36 [DEBUG] [DIAG][data_transformer] Raw data received: {'title': 'Product Y', 'price': None, 'image': None, 'currency': 'AUD', 'availability': 'In Stock', 'brand': 'Product', 'url': '', 'offers': [{'base_price': '1,234.56', 'currency': 'AUD'}]} (data_transformer.py:9)
2025-09-23 17:05:36 [INFO] [DIAG][data_transformer] Offers count: 1 (data_transformer.py:16)
2025-09-23 17:05:36 [INFO] [DIAG][data_transformer] Offer 0 seller_product_url: None (data_transformer.py:19)
2025-09-23 17:05:36 [DEBUG] [DIAG][data_transformer] Lowest offer identified: {'base_price': '1,234.56', 'currency': 'AUD'} (data_transformer.py:26)
2025-09-23 17:05:36 [DEBUG] [DIAG][data_transformer] Seller product URL from lowest offer: None (data_transformer.py:31)
2025-09-23 17:05:36 [ERROR] [DIAG][data_transformer] No seller_product_url found in lowest_offer: {'base_price': '1,234.56', 'currency': 'AUD'} (data_transformer.py:33)
2025-09-23 17:05:36 [INFO] [DIAG][data_transformer] extracted_url (seller_product_url): None, item_url:  (data_transformer.py:73)
2025-09-23 17:05:36 [INFO] [DIAG][data_transformer] is_valid_seller_url: url is None or not a string: None (data_transformer.py:57)
2025-09-23 17:05:36 [ERROR] [data_transformer] No valid seller product URL found in offers for product_id=currency-2. Extraction failure. (data_transformer.py:78)
2025-09-23 17:05:36 [INFO] [DIAG][data_transformer] Final url for ItemData:  (data_transformer.py:79)
2025-09-23 17:05:36 [DEBUG] [DIAG][data_transformer] Price value: 1234.56, Currency value: AUD (data_transformer.py:83)
2025-09-23 17:05:36 [DEBUG] [DIAG][data_transformer] Name value: Product Y, Brand value: Product (data_transformer.py:84)
2025-09-23 17:05:36 [DEBUG] [DIAG][data_transformer] Image value: , Status value: ItemStatus.ACTIVE (data_transformer.py:85)
2025-09-23 17:05:36 [DEBUG] [DIAG][data_transformer] Product link:  (data_transformer.py:86)
2025-09-23 17:05:36 [INFO] [DIAG][DataTransformer] Returning ItemData: ItemData(), as_dict: {'product_id': 'currency-2', 'brand': 'Product', 'name': 'Product Y', 'description': None, 'display_category': ['None'], 'display_category_last': 'None', 'original_price': 1234.56, 'price': 1234.56, 'discount_rate': 0.0, 'discount_amount': 0.0, 'payback_price': 0.0, 'currency': 'AUD', 'delivery_type': 'NO_DELIVERY', 'delivery_pay_type': 'UNKNOWN', 'delivery_price': None, 'delivery_free_threshold_price': None, 'delivery_minimum_price': None, 'delivery_arrive_date': None, 'url': '', 'image': '', 'inventory_status': 'OUT_OF_STOCK', 'inventory_status_rank': 0, 'unit_value': 1, 'unit_type': 'PIECE', 'unit_price': 1234.56, 'sort_price': '1234.5600000:2', 'product_options': [], 'status': 'ACTIVE', 'http_status': 200} (data_transformer.py:98)
PASSED                                                                   [  6%]
------------------------------ live log teardown -------------------------------
2025-09-23 17:05:36 [DEBUG] Close <_UnixSelectorEventLoop running=False closed=False debug=True> (base_events.py:714)
2025-09-23 17:05:36 [DEBUG] Using selector: EpollSelector (selector_events.py:64)

tests/buywisely/test_buywisely_engine_integration.py::test_real_html_hydration_extraction 
-------------------------------- live log setup --------------------------------
2025-09-23 17:05:36 [DEBUG] Using selector: EpollSelector (selector_events.py:64)
-------------------------------- live log call ---------------------------------
2025-09-23 17:05:36 [INFO] [DIAG][BuyWiselyEngine] parse_id: Extracted product_name 'real-fixture-test' from URL 'https://buywisely.com.au/product/real-fixture-test' (engine.py:152)
2025-09-23 17:05:36 [INFO] [DIAG][BuyWiselyEngine.__init__] item_url: https://buywisely.com.au/product/real-fixture-test, self.id: {'product_id': 'real-fixture-test', 'item_url': 'https://buywisely.com.au/product/real-fixture-test'}, self.product_id: real-fixture-test (engine.py:43)
2025-09-23 17:05:36 [INFO] BuyWisely HtmlExtractor: Starting HTML extraction (html_extractor.py:37)
2025-09-23 17:05:37 [DEBUG] [DIAG][html_extractor] Raw parsed_data_list from hydration_parser: [] (html_extractor.py:41)
2025-09-23 17:05:37 [INFO] [DIAG][html_extractor] Full parsed_data (hydration): [] (html_extractor.py:45)
2025-09-23 17:05:37 [INFO] [DIAG] Parsed data from hydration_parser: [] (html_extractor.py:48)
2025-09-23 17:05:37 [WARNING] [DIAG] HydrationDataExtractor returned empty, attempting manual __NEXT_DATA__ extraction. (html_extractor.py:55)
2025-09-23 17:05:37 [DEBUG] [DIAG][html_extractor] Product data after recursive search: None (html_extractor.py:76)
2025-09-23 17:05:37 [INFO] BuyWisely HtmlExtractor: Product data not found in any supported hydration format. Trying BeautifulSoup fallback. (html_extractor.py:150)
2025-09-23 17:05:37 [INFO] BuyWisely HtmlExtractor: BeautifulSoup fallback extracted price: None, currency: AUD, title: Motorola Moto G75 5G 256GB Grey with Buds - Price History, Comparison & Alerts | BuyWisely (html_extractor.py:213)
2025-09-23 17:05:37 [DEBUG] [DIAG][html_extractor] raw_data after BeautifulSoup fallback: {'availability': 'Out of Stock', 'title': 'Motorola Moto G75 5G 256GB Grey with Buds - Price History, Comparison & Alerts | BuyWisely'} (html_extractor.py:214)
2025-09-23 17:05:37 [DEBUG] [DIAG][data_transformer] Raw data received: {'availability': 'Out of Stock', 'title': 'Motorola Moto G75 5G 256GB Grey with Buds - Price History, Comparison & Alerts | BuyWisely'} (data_transformer.py:9)
2025-09-23 17:05:37 [INFO] [DIAG][data_transformer] extracted_url (seller_product_url): None, item_url: https://buywisely.com.au/product/real-fixture-test (data_transformer.py:73)
2025-09-23 17:05:37 [INFO] [DIAG][data_transformer] is_valid_seller_url: url is None or not a string: None (data_transformer.py:57)
2025-09-23 17:05:37 [ERROR] [data_transformer] No valid seller product URL found in offers for product_id=real-fixture-test. Extraction failure. (data_transformer.py:78)
2025-09-23 17:05:37 [INFO] [DIAG][data_transformer] Final url for ItemData:  (data_transformer.py:79)
2025-09-23 17:05:37 [DEBUG] [DIAG][data_transformer] Price value: None, Currency value: AUD (data_transformer.py:83)
2025-09-23 17:05:37 [DEBUG] [DIAG][data_transformer] Name value: Motorola Moto G75 5G 256GB Grey with Buds - Price History, Comparison & Alerts | BuyWisely, Brand value:  (data_transformer.py:84)
2025-09-23 17:05:37 [DEBUG] [DIAG][data_transformer] Image value: , Status value: ItemStatus.INACTIVE (data_transformer.py:85)
2025-09-23 17:05:37 [DEBUG] [DIAG][data_transformer] Product link:  (data_transformer.py:86)
2025-09-23 17:05:37 [INFO] [DIAG][DataTransformer] Returning ItemData: ItemData(), as_dict: {'product_id': 'real-fixture-test', 'brand': '', 'name': 'Motorola Moto G75 5G 256GB Grey with Buds - Price History, Comparison & Alerts | BuyWisely', 'description': None, 'display_category': ['None'], 'display_category_last': 'None', 'original_price': 0.0, 'price': 0.0, 'discount_rate': 0.0, 'discount_amount': 0.0, 'payback_price': 0.0, 'currency': '', 'delivery_type': 'NO_DELIVERY', 'delivery_pay_type': 'UNKNOWN', 'delivery_price': None, 'delivery_free_threshold_price': None, 'delivery_minimum_price': None, 'delivery_arrive_date': None, 'url': '', 'image': '', 'inventory_status': 'OUT_OF_STOCK', 'inventory_status_rank': 0, 'unit_value': 1, 'unit_type': 'PIECE', 'unit_price': 0.0, 'sort_price': '0.0000000000:2', 'product_options': [], 'status': 'INACTIVE', 'http_status': 200} (data_transformer.py:98)
2025-09-23 17:05:37 [WARNING] Executing <Task finished name='Task-3' coro=<test_real_html_hydration_extraction() done, defined at /home/mbernardo/miniconda3/envs/homeassistant/lib/python3.12/unittest/mock.py:1408> result=None created at /home/mbernardo/miniconda3/envs/homeassistant/lib/python3.12/asyncio/tasks.py:695> took 0.697 seconds (base_events.py:1994)
PASSED                                                                   [ 10%]
------------------------------ live log teardown -------------------------------
2025-09-23 17:05:37 [DEBUG] Close <_UnixSelectorEventLoop running=False closed=False debug=True> (base_events.py:714)
2025-09-23 17:05:37 [DEBUG] Using selector: EpollSelector (selector_events.py:64)

tests/buywisely/test_buywisely_engine_offers.py::test_get_product_details_success 
-------------------------------- live log setup --------------------------------
2025-09-23 17:05:37 [DEBUG] Using selector: EpollSelector (selector_events.py:64)
-------------------------------- live log call ---------------------------------
2025-09-23 17:05:37 [INFO] [DIAG][BuyWiselyEngine] parse_id: Extracted product_name 'test-product' from URL 'http://example.com/product/test-product' (engine.py:152)
2025-09-23 17:05:37 [INFO] [DIAG][BuyWiselyEngine.__init__] item_url: http://example.com/product/test-product, self.id: {'product_id': 'test-product', 'item_url': 'http://example.com/product/test-product'}, self.product_id: test-product (engine.py:43)
2025-09-23 17:05:37 [INFO] BuyWisely HtmlExtractor: Starting HTML extraction (html_extractor.py:37)
2025-09-23 17:05:37 [DEBUG] __NEXT_DATA__ successfully parsed: {'props': {'pageProps': {'product': {'title': 'Test Product Title', 'slug': 'test-product', 'availability': 'In Stock', 'offers': [{'base_price': 123.45, 'currency': 'AUD', 'seller_product_url': 'http://example.com/seller_product_url'}], 'image': 'http://example.com/test_image.jpg'}}}} (hydration_parser.py:37)
2025-09-23 17:05:37 [DEBUG] [DIAG][_find_product_data_recursive] Processing data (type: <class 'dict'>): {'props': {'pageProps': {'product': {'title': 'Test Product Title', 'slug': 'test-product', 'availab... (json_parser_utils.py:118)
2025-09-23 17:05:37 [DEBUG] [DIAG][_find_product_data_recursive] Found product data in props.pageProps: {'title': 'Test Product Title', 'slug': 'test-product', 'availability': 'In Stock', 'offers': [{'bas... (json_parser_utils.py:121)
2025-09-23 17:05:37 [DEBUG] [DIAG][find_product_with_offers_recursive] Processing data (type: <class 'dict'>): {'title': 'Test Product Title', 'slug': 'test-product', 'availability': 'In Stock', 'offers': [{'bas... (json_parser_utils.py:94)
2025-09-23 17:05:37 [DEBUG] [DIAG][find_product_with_offers_recursive] Found product data with offers: {'title': 'Test Product Title', 'slug': 'test-product', 'availability': 'In Stock', 'offers': [{'bas... (json_parser_utils.py:97)
2025-09-23 17:05:37 [INFO] Found product data from __NEXT_DATA__. (hydration_parser.py:40)
2025-09-23 17:05:37 [DEBUG] [DIAG][html_extractor] Raw parsed_data_list from hydration_parser: [{'title': 'Test Product Title', 'slug': 'test-product', 'availability': 'In Stock', 'offers': [{'base_price': 123.45, 'currency': 'AUD', 'seller_product_url': 'http://example.com/seller_product_url'}], 'image': 'http://example.com/test_image.jpg'}] (html_extractor.py:41)
2025-09-23 17:05:37 [INFO] [DIAG][html_extractor] Full parsed_data (hydration): [{"title": "Test Product Title", "slug": "test-product", "availability": "In Stock", "offers": [{"base_price": 123.45, "currency": "AUD", "seller_product_url": "http://example.com/seller_product_url"}], "image": "http://example.com/test_image.jpg"}] (html_extractor.py:45)
2025-09-23 17:05:37 [INFO] [DIAG] Parsed data from hydration_parser: [{'title': 'Test Product Title', 'slug': 'test-product', 'availability': 'In Stock', 'offers': [{'base_price': 123.45, 'currency': 'AUD', 'seller_product_url': 'http://example.com/seller_product_url'}], 'image': 'http://example.com/test_image.jpg'}] (html_extractor.py:48)
2025-09-23 17:05:37 [DEBUG] [DIAG][_find_product_data_recursive] Processing data at path: , type: <class 'dict'> (html_extractor.py:11)
2025-09-23 17:05:37 [DEBUG] [DIAG][_find_product_data_recursive] Found product data (title/offers) at path:  (html_extractor.py:15)
2025-09-23 17:05:37 [DEBUG] [DIAG][html_extractor] Product data after recursive search: {'title': 'Test Product Title', 'slug': 'test-product', 'availability': 'In Stock', 'offers': [{'base_price': 123.45, 'currency': 'AUD', 'seller_product_url': 'http://example.com/seller_product_url'}], 'image': 'http://example.com/test_image.jpg'} (html_extractor.py:76)
2025-09-23 17:05:37 [INFO] [DIAG][html_extractor] Found product data: {'title': 'Test Product Title', 'slug': 'test-product', 'availability': 'In Stock', 'offers': [{'base_price': 123.45, 'currency': 'AUD', 'seller_product_url': 'http://example.com/seller_product_url'}], 'image': 'http://example.com/test_image.jpg'} (html_extractor.py:79)
2025-09-23 17:05:37 [INFO] [DIAG][html_extractor] Full offers list: [{'base_price': 123.45, 'currency': 'AUD', 'seller_product_url': 'http://example.com/seller_product_url'}] (html_extractor.py:87)
2025-09-23 17:05:37 [INFO] [DIAG][html_extractor] All candidate seller_product_url values: ['http://example.com/seller_product_url'] (html_extractor.py:88)
2025-09-23 17:05:37 [DEBUG] [DIAG][is_valid_seller_url] Checking URL: 'http://example.com/seller_product_url' (html_extractor.py:94)
2025-09-23 17:05:37 [DEBUG] [DIAG][is_valid_seller_url] Valid: URL passed all checks. URL: http://example.com/seller_product_url (html_extractor.py:111)
2025-09-23 17:05:37 [INFO] [DIAG][html_extractor] Extracted seller_product_url from lowest-priced offer: http://example.com/seller_product_url (html_extractor.py:129)
2025-09-23 17:05:37 [INFO] [DIAG][html_extractor] raw_data before return: {'title': 'Test Product Title', 'price': None, 'image': 'http://example.com/test_image.jpg', 'currency': 'AUD', 'availability': 'In Stock', 'brand': 'Test', 'url': 'http://example.com/seller_product_url', 'offers': [{'base_price': 123.45, 'currency': 'AUD', 'seller_product_url': 'http://example.com/seller_product_url'}]} (html_extractor.py:147)
2025-09-23 17:05:37 [DEBUG] [DIAG][data_transformer] Raw data received: {'title': 'Test Product Title', 'price': None, 'image': 'http://example.com/test_image.jpg', 'currency': 'AUD', 'availability': 'In Stock', 'brand': 'Test', 'url': 'http://example.com/seller_product_url', 'offers': [{'base_price': 123.45, 'currency': 'AUD', 'seller_product_url': 'http://example.com/seller_product_url'}]} (data_transformer.py:9)
2025-09-23 17:05:37 [INFO] [DIAG][data_transformer] Offers count: 1 (data_transformer.py:16)
2025-09-23 17:05:37 [INFO] [DIAG][data_transformer] Offer 0 seller_product_url: http://example.com/seller_product_url (data_transformer.py:19)
2025-09-23 17:05:37 [DEBUG] [DIAG][data_transformer] Lowest offer identified: {'base_price': 123.45, 'currency': 'AUD', 'seller_product_url': 'http://example.com/seller_product_url'} (data_transformer.py:26)
2025-09-23 17:05:37 [DEBUG] [DIAG][data_transformer] Seller product URL from lowest offer: http://example.com/seller_product_url (data_transformer.py:31)
2025-09-23 17:05:37 [INFO] [DIAG][data_transformer] extracted_url (seller_product_url): http://example.com/seller_product_url, item_url: http://example.com/product/test-product (data_transformer.py:73)
2025-09-23 17:05:37 [INFO] [DIAG][data_transformer] Final url for ItemData: http://example.com/seller_product_url (data_transformer.py:79)
2025-09-23 17:05:37 [DEBUG] [DIAG][data_transformer] Price value: 123.45, Currency value: AUD (data_transformer.py:83)
2025-09-23 17:05:37 [DEBUG] [DIAG][data_transformer] Name value: Test Product Title, Brand value: Test (data_transformer.py:84)
2025-09-23 17:05:37 [DEBUG] [DIAG][data_transformer] Image value: http://example.com/test_image.jpg, Status value: ItemStatus.ACTIVE (data_transformer.py:85)
2025-09-23 17:05:37 [DEBUG] [DIAG][data_transformer] Product link: http://example.com/seller_product_url (data_transformer.py:86)
2025-09-23 17:05:37 [INFO] [DIAG][DataTransformer] Returning ItemData: ItemData(), as_dict: {'product_id': 'test-product', 'brand': 'Test', 'name': 'Test Product Title', 'description': None, 'display_category': ['None'], 'display_category_last': 'None', 'original_price': 123.45, 'price': 123.45, 'discount_rate': 0.0, 'discount_amount': 0.0, 'payback_price': 0.0, 'currency': 'AUD', 'delivery_type': 'NO_DELIVERY', 'delivery_pay_type': 'UNKNOWN', 'delivery_price': None, 'delivery_free_threshold_price': None, 'delivery_minimum_price': None, 'delivery_arrive_date': None, 'url': 'http://example.com/seller_product_url', 'image': 'http://example.com/test_image.jpg', 'inventory_status': 'OUT_OF_STOCK', 'inventory_status_rank': 0, 'unit_value': 1, 'unit_type': 'PIECE', 'unit_price': 123.45, 'sort_price': '123.45000000:2', 'product_options': [], 'status': 'ACTIVE', 'http_status': 200} (data_transformer.py:98)
2025-09-23 17:05:38 [WARNING] Executing <Task finished name='Task-5' coro=<test_get_product_details_success() done, defined at /home/mbernardo/miniconda3/envs/homeassistant/lib/python3.12/unittest/mock.py:1408> result=None created at /home/mbernardo/miniconda3/envs/homeassistant/lib/python3.12/asyncio/tasks.py:695> took 0.263 seconds (base_events.py:1994)
PASSED                                                                   [ 13%]
------------------------------ live log teardown -------------------------------
2025-09-23 17:05:38 [DEBUG] Close <_UnixSelectorEventLoop running=False closed=False debug=True> (base_events.py:714)
2025-09-23 17:05:38 [DEBUG] Using selector: EpollSelector (selector_events.py:64)

tests/buywisely/test_buywisely_engine_offers.py::test_get_product_details_no_price 
-------------------------------- live log setup --------------------------------
2025-09-23 17:05:38 [DEBUG] Using selector: EpollSelector (selector_events.py:64)
-------------------------------- live log call ---------------------------------
2025-09-23 17:05:38 [INFO] [DIAG][BuyWiselyEngine] parse_id: Extracted product_name 'another-product' from URL 'http://example.com/product/another-product' (engine.py:152)
2025-09-23 17:05:38 [INFO] [DIAG][BuyWiselyEngine.__init__] item_url: http://example.com/product/another-product, self.id: {'product_id': 'another-product', 'item_url': 'http://example.com/product/another-product'}, self.product_id: another-product (engine.py:43)
2025-09-23 17:05:38 [INFO] BuyWisely HtmlExtractor: Starting HTML extraction (html_extractor.py:37)
2025-09-23 17:05:38 [DEBUG] __NEXT_DATA__ successfully parsed: {'props': {'pageProps': {'product': {'title': 'Another Product', 'slug': 'another-product', 'availability': 'Out of Stock', 'offers': [{'seller_product_url': 'http://example.com/seller_product_url'}], 'image': 'http://example.com/another_image.jpg'}}}} (hydration_parser.py:37)
2025-09-23 17:05:38 [DEBUG] [DIAG][_find_product_data_recursive] Processing data (type: <class 'dict'>): {'props': {'pageProps': {'product': {'title': 'Another Product', 'slug': 'another-product', 'availab... (json_parser_utils.py:118)
2025-09-23 17:05:38 [DEBUG] [DIAG][_find_product_data_recursive] Found product data in props.pageProps: {'title': 'Another Product', 'slug': 'another-product', 'availability': 'Out of Stock', 'offers': [{... (json_parser_utils.py:121)
2025-09-23 17:05:38 [DEBUG] [DIAG][find_product_with_offers_recursive] Processing data (type: <class 'dict'>): {'title': 'Another Product', 'slug': 'another-product', 'availability': 'Out of Stock', 'offers': [{... (json_parser_utils.py:94)
2025-09-23 17:05:38 [DEBUG] [DIAG][find_product_with_offers_recursive] Found product data with offers: {'title': 'Another Product', 'slug': 'another-product', 'availability': 'Out of Stock', 'offers': [{... (json_parser_utils.py:97)
2025-09-23 17:05:38 [INFO] Found product data from __NEXT_DATA__. (hydration_parser.py:40)
2025-09-23 17:05:38 [DEBUG] [DIAG][html_extractor] Raw parsed_data_list from hydration_parser: [{'title': 'Another Product', 'slug': 'another-product', 'availability': 'Out of Stock', 'offers': [{'seller_product_url': 'http://example.com/seller_product_url'}], 'image': 'http://example.com/another_image.jpg'}] (html_extractor.py:41)
2025-09-23 17:05:38 [INFO] [DIAG][html_extractor] Full parsed_data (hydration): [{"title": "Another Product", "slug": "another-product", "availability": "Out of Stock", "offers": [{"seller_product_url": "http://example.com/seller_product_url"}], "image": "http://example.com/another_image.jpg"}] (html_extractor.py:45)
2025-09-23 17:05:38 [INFO] [DIAG] Parsed data from hydration_parser: [{'title': 'Another Product', 'slug': 'another-product', 'availability': 'Out of Stock', 'offers': [{'seller_product_url': 'http://example.com/seller_product_url'}], 'image': 'http://example.com/another_image.jpg'}] (html_extractor.py:48)
2025-09-23 17:05:38 [DEBUG] [DIAG][_find_product_data_recursive] Processing data at path: , type: <class 'dict'> (html_extractor.py:11)
2025-09-23 17:05:38 [DEBUG] [DIAG][_find_product_data_recursive] Found product data (title/offers) at path:  (html_extractor.py:15)
2025-09-23 17:05:38 [DEBUG] [DIAG][html_extractor] Product data after recursive search: {'title': 'Another Product', 'slug': 'another-product', 'availability': 'Out of Stock', 'offers': [{'seller_product_url': 'http://example.com/seller_product_url'}], 'image': 'http://example.com/another_image.jpg'} (html_extractor.py:76)
2025-09-23 17:05:38 [INFO] [DIAG][html_extractor] Found product data: {'title': 'Another Product', 'slug': 'another-product', 'availability': 'Out of Stock', 'offers': [{'seller_product_url': 'http://example.com/seller_product_url'}], 'image': 'http://example.com/another_image.jpg'} (html_extractor.py:79)
2025-09-23 17:05:38 [INFO] [DIAG][html_extractor] Full offers list: [{'seller_product_url': 'http://example.com/seller_product_url'}] (html_extractor.py:87)
2025-09-23 17:05:38 [INFO] [DIAG][html_extractor] All candidate seller_product_url values: ['http://example.com/seller_product_url'] (html_extractor.py:88)
2025-09-23 17:05:38 [ERROR] [html_extractor] No valid seller URL found in offers. Extraction failure. (html_extractor.py:131)
2025-09-23 17:05:38 [INFO] [DIAG][html_extractor] raw_data before return: {'title': 'Another Product', 'price': None, 'image': 'http://example.com/another_image.jpg', 'currency': 'AUD', 'availability': 'In Stock', 'brand': 'Another', 'url': '', 'offers': [{'seller_product_url': 'http://example.com/seller_product_url'}]} (html_extractor.py:147)
2025-09-23 17:05:38 [DEBUG] [DIAG][data_transformer] Raw data received: {'title': 'Another Product', 'price': None, 'image': 'http://example.com/another_image.jpg', 'currency': 'AUD', 'availability': 'In Stock', 'brand': 'Another', 'url': '', 'offers': [{'seller_product_url': 'http://example.com/seller_product_url'}]} (data_transformer.py:9)
2025-09-23 17:05:38 [INFO] [DIAG][data_transformer] Offers count: 1 (data_transformer.py:16)
2025-09-23 17:05:38 [INFO] [DIAG][data_transformer] Offer 0 seller_product_url: http://example.com/seller_product_url (data_transformer.py:19)
2025-09-23 17:05:38 [DEBUG] [DIAG][data_transformer] Lowest offer identified: {'seller_product_url': 'http://example.com/seller_product_url'} (data_transformer.py:26)
2025-09-23 17:05:38 [DEBUG] [DIAG][data_transformer] Seller product URL from lowest offer: http://example.com/seller_product_url (data_transformer.py:31)
2025-09-23 17:05:38 [INFO] [DIAG][data_transformer] extracted_url (seller_product_url): http://example.com/seller_product_url, item_url: http://example.com/product/another-product (data_transformer.py:73)
2025-09-23 17:05:38 [INFO] [DIAG][data_transformer] Final url for ItemData: http://example.com/seller_product_url (data_transformer.py:79)
2025-09-23 17:05:38 [DEBUG] [DIAG][data_transformer] Price value: None, Currency value: AUD (data_transformer.py:83)
2025-09-23 17:05:38 [DEBUG] [DIAG][data_transformer] Name value: Another Product, Brand value: Another (data_transformer.py:84)
2025-09-23 17:05:38 [DEBUG] [DIAG][data_transformer] Image value: http://example.com/another_image.jpg, Status value: ItemStatus.INACTIVE (data_transformer.py:85)
2025-09-23 17:05:38 [DEBUG] [DIAG][data_transformer] Product link: http://example.com/seller_product_url (data_transformer.py:86)
2025-09-23 17:05:38 [INFO] [DIAG][DataTransformer] Returning ItemData: ItemData(), as_dict: {'product_id': 'another-product', 'brand': 'Another', 'name': 'Another Product', 'description': None, 'display_category': ['None'], 'display_category_last': 'None', 'original_price': 0.0, 'price': 0.0, 'discount_rate': 0.0, 'discount_amount': 0.0, 'payback_price': 0.0, 'currency': '', 'delivery_type': 'NO_DELIVERY', 'delivery_pay_type': 'UNKNOWN', 'delivery_price': None, 'delivery_free_threshold_price': None, 'delivery_minimum_price': None, 'delivery_arrive_date': None, 'url': 'http://example.com/seller_product_url', 'image': 'http://example.com/another_image.jpg', 'inventory_status': 'OUT_OF_STOCK', 'inventory_status_rank': 0, 'unit_value': 1, 'unit_type': 'PIECE', 'unit_price': 0.0, 'sort_price': '0.0000000000:2', 'product_options': [], 'status': 'INACTIVE', 'http_status': 200} (data_transformer.py:98)
2025-09-23 17:05:38 [WARNING] Executing <Task finished name='Task-7' coro=<test_get_product_details_no_price() done, defined at /home/mbernardo/miniconda3/envs/homeassistant/lib/python3.12/unittest/mock.py:1408> result=None created at /home/mbernardo/miniconda3/envs/homeassistant/lib/python3.12/asyncio/tasks.py:695> took 0.638 seconds (base_events.py:1994)
PASSED                                                                   [ 17%]
------------------------------ live log teardown -------------------------------
2025-09-23 17:05:38 [DEBUG] Close <_UnixSelectorEventLoop running=False closed=False debug=True> (base_events.py:714)
2025-09-23 17:05:38 [DEBUG] Using selector: EpollSelector (selector_events.py:64)

tests/buywisely/test_buywisely_engine_offers.py::test_get_product_details_multiple_prices 
-------------------------------- live log setup --------------------------------
2025-09-23 17:05:38 [DEBUG] Using selector: EpollSelector (selector_events.py:64)
-------------------------------- live log call ---------------------------------
2025-09-23 17:05:38 [INFO] [DIAG][BuyWiselyEngine] parse_id: Extracted product_name 'multiple-prices' from URL 'http://example.com/product/multiple-prices' (engine.py:152)
2025-09-23 17:05:38 [INFO] [DIAG][BuyWiselyEngine.__init__] item_url: http://example.com/product/multiple-prices, self.id: {'product_id': 'multiple-prices', 'item_url': 'http://example.com/product/multiple-prices'}, self.product_id: multiple-prices (engine.py:43)
2025-09-23 17:05:38 [INFO] BuyWisely HtmlExtractor: Starting HTML extraction (html_extractor.py:37)
2025-09-23 17:05:38 [DEBUG] __NEXT_DATA__ successfully parsed: {'props': {'pageProps': {'product': {'title': 'Product with Multiple Prices', 'slug': 'multiple-prices', 'availability': 'In Stock', 'offers': [{'base_price': 100.0, 'currency': 'AUD', 'seller_product_url': 'http://example.com/seller_product_url_1'}, {'base_price': 99.5, 'currency': 'AUD', 'seller_product_url': 'http://example.com/seller_product_url_2'}], 'image': 'http://example.com/multiple_prices.jpg'}}}} (hydration_parser.py:37)
2025-09-23 17:05:38 [DEBUG] [DIAG][_find_product_data_recursive] Processing data (type: <class 'dict'>): {'props': {'pageProps': {'product': {'title': 'Product with Multiple Prices', 'slug': 'multiple-pric... (json_parser_utils.py:118)
2025-09-23 17:05:38 [DEBUG] [DIAG][_find_product_data_recursive] Found product data in props.pageProps: {'title': 'Product with Multiple Prices', 'slug': 'multiple-prices', 'availability': 'In Stock', 'of... (json_parser_utils.py:121)
2025-09-23 17:05:38 [DEBUG] [DIAG][find_product_with_offers_recursive] Processing data (type: <class 'dict'>): {'title': 'Product with Multiple Prices', 'slug': 'multiple-prices', 'availability': 'In Stock', 'of... (json_parser_utils.py:94)
2025-09-23 17:05:38 [DEBUG] [DIAG][find_product_with_offers_recursive] Found product data with offers: {'title': 'Product with Multiple Prices', 'slug': 'multiple-prices', 'availability': 'In Stock', 'of... (json_parser_utils.py:97)
2025-09-23 17:05:38 [INFO] Found product data from __NEXT_DATA__. (hydration_parser.py:40)
2025-09-23 17:05:38 [DEBUG] [DIAG][html_extractor] Raw parsed_data_list from hydration_parser: [{'title': 'Product with Multiple Prices', 'slug': 'multiple-prices', 'availability': 'In Stock', 'offers': [{'base_price': 100.0, 'currency': 'AUD', 'seller_product_url': 'http://example.com/seller_product_url_1'}, {'base_price': 99.5, 'currency': 'AUD', 'seller_product_url': 'http://example.com/seller_product_url_2'}], 'image': 'http://example.com/multiple_prices.jpg'}] (html_extractor.py:41)
2025-09-23 17:05:38 [INFO] [DIAG][html_extractor] Full parsed_data (hydration): [{"title": "Product with Multiple Prices", "slug": "multiple-prices", "availability": "In Stock", "offers": [{"base_price": 100.0, "currency": "AUD", "seller_product_url": "http://example.com/seller_product_url_1"}, {"base_price": 99.5, "currency": "AUD", "seller_product_url": "http://example.com/seller_product_url_2"}], "image": "http://example.com/multiple_prices.jpg"}] (html_extractor.py:45)
2025-09-23 17:05:38 [INFO] [DIAG] Parsed data from hydration_parser: [{'title': 'Product with Multiple Prices', 'slug': 'multiple-prices', 'availability': 'In Stock', 'offers': [{'base_price': 100.0, 'currency': 'AUD', 'seller_product_url': 'http://example.com/seller_product_url_1'}, {'base_price': 99.5, 'currency': 'AUD', 'seller_product_url': 'http://example.com/seller_product_url_2'}], 'image': 'http://example.com/multiple_prices.jpg'}] (html_extractor.py:48)
2025-09-23 17:05:38 [DEBUG] [DIAG][_find_product_data_recursive] Processing data at path: , type: <class 'dict'> (html_extractor.py:11)
2025-09-23 17:05:38 [DEBUG] [DIAG][_find_product_data_recursive] Found product data (title/offers) at path:  (html_extractor.py:15)
2025-09-23 17:05:38 [DEBUG] [DIAG][html_extractor] Product data after recursive search: {'title': 'Product with Multiple Prices', 'slug': 'multiple-prices', 'availability': 'In Stock', 'offers': [{'base_price': 100.0, 'currency': 'AUD', 'seller_product_url': 'http://example.com/seller_product_url_1'}, {'base_price': 99.5, 'currency': 'AUD', 'seller_product_url': 'http://example.com/seller_product_url_2'}], 'image': 'http://example.com/multiple_prices.jpg'} (html_extractor.py:76)
2025-09-23 17:05:38 [INFO] [DIAG][html_extractor] Found product data: {'title': 'Product with Multiple Prices', 'slug': 'multiple-prices', 'availability': 'In Stock', 'offers': [{'base_price': 100.0, 'currency': 'AUD', 'seller_product_url': 'http://example.com/seller_product_url_1'}, {'base_price': 99.5, 'currency': 'AUD', 'seller_product_url': 'http://example.com/seller_product_url_2'}], 'image': 'http://example.com/multiple_prices.jpg'} (html_extractor.py:79)
2025-09-23 17:05:38 [INFO] [DIAG][html_extractor] Full offers list: [{'base_price': 100.0, 'currency': 'AUD', 'seller_product_url': 'http://example.com/seller_product_url_1'}, {'base_price': 99.5, 'currency': 'AUD', 'seller_product_url': 'http://example.com/seller_product_url_2'}] (html_extractor.py:87)
2025-09-23 17:05:38 [INFO] [DIAG][html_extractor] All candidate seller_product_url values: ['http://example.com/seller_product_url_1', 'http://example.com/seller_product_url_2'] (html_extractor.py:88)
2025-09-23 17:05:38 [DEBUG] [DIAG][is_valid_seller_url] Checking URL: 'http://example.com/seller_product_url_2' (html_extractor.py:94)
2025-09-23 17:05:38 [DEBUG] [DIAG][is_valid_seller_url] Valid: URL passed all checks. URL: http://example.com/seller_product_url_2 (html_extractor.py:111)
2025-09-23 17:05:38 [INFO] [DIAG][html_extractor] Extracted seller_product_url from lowest-priced offer: http://example.com/seller_product_url_2 (html_extractor.py:129)
2025-09-23 17:05:38 [INFO] [DIAG][html_extractor] raw_data before return: {'title': 'Product with Multiple Prices', 'price': None, 'image': 'http://example.com/multiple_prices.jpg', 'currency': 'AUD', 'availability': 'In Stock', 'brand': 'Product', 'url': 'http://example.com/seller_product_url_2', 'offers': [{'base_price': 100.0, 'currency': 'AUD', 'seller_product_url': 'http://example.com/seller_product_url_1'}, {'base_price': 99.5, 'currency': 'AUD', 'seller_product_url': 'http://example.com/seller_product_url_2'}]} (html_extractor.py:147)
2025-09-23 17:05:38 [DEBUG] [DIAG][data_transformer] Raw data received: {'title': 'Product with Multiple Prices', 'price': None, 'image': 'http://example.com/multiple_prices.jpg', 'currency': 'AUD', 'availability': 'In Stock', 'brand': 'Product', 'url': 'http://example.com/seller_product_url_2', 'offers': [{'base_price': 100.0, 'currency': 'AUD', 'seller_product_url': 'http://example.com/seller_product_url_1'}, {'base_price': 99.5, 'currency': 'AUD', 'seller_product_url': 'http://example.com/seller_product_url_2'}]} (data_transformer.py:9)
2025-09-23 17:05:38 [INFO] [DIAG][data_transformer] Offers count: 2 (data_transformer.py:16)
2025-09-23 17:05:38 [INFO] [DIAG][data_transformer] Offer 0 seller_product_url: http://example.com/seller_product_url_1 (data_transformer.py:19)
2025-09-23 17:05:38 [INFO] [DIAG][data_transformer] Offer 1 seller_product_url: http://example.com/seller_product_url_2 (data_transformer.py:19)
2025-09-23 17:05:38 [DEBUG] [DIAG][data_transformer] Lowest offer identified: {'base_price': 99.5, 'currency': 'AUD', 'seller_product_url': 'http://example.com/seller_product_url_2'} (data_transformer.py:26)
2025-09-23 17:05:38 [DEBUG] [DIAG][data_transformer] Seller product URL from lowest offer: http://example.com/seller_product_url_2 (data_transformer.py:31)
2025-09-23 17:05:38 [INFO] [DIAG][data_transformer] extracted_url (seller_product_url): http://example.com/seller_product_url_2, item_url: http://example.com/product/multiple-prices (data_transformer.py:73)
2025-09-23 17:05:38 [INFO] [DIAG][data_transformer] Final url for ItemData: http://example.com/seller_product_url_2 (data_transformer.py:79)
2025-09-23 17:05:38 [DEBUG] [DIAG][data_transformer] Price value: 99.5, Currency value: AUD (data_transformer.py:83)
2025-09-23 17:05:38 [DEBUG] [DIAG][data_transformer] Name value: Product with Multiple Prices, Brand value: Product (data_transformer.py:84)
2025-09-23 17:05:38 [DEBUG] [DIAG][data_transformer] Image value: http://example.com/multiple_prices.jpg, Status value: ItemStatus.ACTIVE (data_transformer.py:85)
2025-09-23 17:05:38 [DEBUG] [DIAG][data_transformer] Product link: http://example.com/seller_product_url_2 (data_transformer.py:86)
2025-09-23 17:05:38 [INFO] [DIAG][DataTransformer] Returning ItemData: ItemData(), as_dict: {'product_id': 'multiple-prices', 'brand': 'Product', 'name': 'Product with Multiple Prices', 'description': None, 'display_category': ['None'], 'display_category_last': 'None', 'original_price': 99.5, 'price': 99.5, 'discount_rate': 0.0, 'discount_amount': 0.0, 'payback_price': 0.0, 'currency': 'AUD', 'delivery_type': 'NO_DELIVERY', 'delivery_pay_type': 'UNKNOWN', 'delivery_price': None, 'delivery_free_threshold_price': None, 'delivery_minimum_price': None, 'delivery_arrive_date': None, 'url': 'http://example.com/seller_product_url_2', 'image': 'http://example.com/multiple_prices.jpg', 'inventory_status': 'OUT_OF_STOCK', 'inventory_status_rank': 0, 'unit_value': 1, 'unit_type': 'PIECE', 'unit_price': 99.5, 'sort_price': '99.500000000:2', 'product_options': [], 'status': 'ACTIVE', 'http_status': 200} (data_transformer.py:98)
2025-09-23 17:05:39 [WARNING] Executing <Task finished name='Task-9' coro=<test_get_product_details_multiple_prices() done, defined at /home/mbernardo/miniconda3/envs/homeassistant/lib/python3.12/unittest/mock.py:1408> result=None created at /home/mbernardo/miniconda3/envs/homeassistant/lib/python3.12/asyncio/tasks.py:695> took 0.141 seconds (base_events.py:1994)
PASSED                                                                   [ 20%]
------------------------------ live log teardown -------------------------------
2025-09-23 17:05:39 [DEBUG] Close <_UnixSelectorEventLoop running=False closed=False debug=True> (base_events.py:714)
2025-09-23 17:05:39 [DEBUG] Using selector: EpollSelector (selector_events.py:64)

tests/buywisely/test_buywisely_engine_offers.py::test_lowest_price_selection 
-------------------------------- live log setup --------------------------------
2025-09-23 17:05:39 [DEBUG] Using selector: EpollSelector (selector_events.py:64)
-------------------------------- live log call ---------------------------------
2025-09-23 17:05:39 [INFO] [DIAG][BuyWiselyEngine] parse_id: Extracted product_name 'multiple-prices' from URL 'http://example.com/product/multiple-prices' (engine.py:152)
2025-09-23 17:05:39 [INFO] [DIAG][BuyWiselyEngine.__init__] item_url: http://example.com/product/multiple-prices, self.id: {'product_id': 'multiple-prices', 'item_url': 'http://example.com/product/multiple-prices'}, self.product_id: multiple-prices (engine.py:43)
2025-09-23 17:05:39 [INFO] BuyWisely HtmlExtractor: Starting HTML extraction (html_extractor.py:37)
2025-09-23 17:05:39 [DEBUG] __NEXT_DATA__ successfully parsed: {'props': {'pageProps': {'product': {'title': 'Product with Multiple Prices', 'slug': 'multiple-prices', 'availability': 'In Stock', 'offers': [{'base_price': 100.0, 'currency': 'AUD', 'seller_product_url': 'http://example.com/offer1'}, {'base_price': 99.5, 'currency': 'AUD', 'seller_product_url': 'http://example.com/offer2'}, {'base_price': 10.0, 'currency': 'AUD', 'seller_product_url': 'http://example.com/offer3'}, {'base_price': 150.0, 'currency': 'AUD', 'seller_product_url': 'http://example.com/offer4'}, {'base_price': 75.0, 'currency': 'AUD', 'seller_product_url': 'http://example.com/offer5'}, {'base_price': 200.0, 'currency': 'AUD', 'seller_product_url': 'http://example.com/offer6'}, {'base_price': 5.0, 'currency': 'AUD', 'seller_product_url': 'http://example.com/offer7'}, {'base_price': 120.0, 'currency': 'AUD', 'seller_product_url': 'http://example.com/offer8'}, {'base_price': 80.0, 'currency': 'AUD', 'seller_product_url': 'http://example.com/offer9'}, {'base_price': 110.0, 'currency': 'AUD', 'seller_product_url': 'http://example.com/offer10'}], 'image': 'http://example.com/multiple_prices.jpg'}}}} (hydration_parser.py:37)
2025-09-23 17:05:39 [DEBUG] [DIAG][_find_product_data_recursive] Processing data (type: <class 'dict'>): {'props': {'pageProps': {'product': {'title': 'Product with Multiple Prices', 'slug': 'multiple-pric... (json_parser_utils.py:118)
2025-09-23 17:05:39 [DEBUG] [DIAG][_find_product_data_recursive] Found product data in props.pageProps: {'title': 'Product with Multiple Prices', 'slug': 'multiple-prices', 'availability': 'In Stock', 'of... (json_parser_utils.py:121)
2025-09-23 17:05:39 [DEBUG] [DIAG][find_product_with_offers_recursive] Processing data (type: <class 'dict'>): {'title': 'Product with Multiple Prices', 'slug': 'multiple-prices', 'availability': 'In Stock', 'of... (json_parser_utils.py:94)
2025-09-23 17:05:39 [DEBUG] [DIAG][find_product_with_offers_recursive] Found product data with offers: {'title': 'Product with Multiple Prices', 'slug': 'multiple-prices', 'availability': 'In Stock', 'of... (json_parser_utils.py:97)
2025-09-23 17:05:39 [INFO] Found product data from __NEXT_DATA__. (hydration_parser.py:40)
2025-09-23 17:05:39 [DEBUG] [DIAG][html_extractor] Raw parsed_data_list from hydration_parser: [{'title': 'Product with Multiple Prices', 'slug': 'multiple-prices', 'availability': 'In Stock', 'offers': [{'base_price': 100.0, 'currency': 'AUD', 'seller_product_url': 'http://example.com/offer1'}, {'base_price': 99.5, 'currency': 'AUD', 'seller_product_url': 'http://example.com/offer2'}, {'base_price': 10.0, 'currency': 'AUD', 'seller_product_url': 'http://example.com/offer3'}, {'base_price': 150.0, 'currency': 'AUD', 'seller_product_url': 'http://example.com/offer4'}, {'base_price': 75.0, 'currency': 'AUD', 'seller_product_url': 'http://example.com/offer5'}, {'base_price': 200.0, 'currency': 'AUD', 'seller_product_url': 'http://example.com/offer6'}, {'base_price': 5.0, 'currency': 'AUD', 'seller_product_url': 'http://example.com/offer7'}, {'base_price': 120.0, 'currency': 'AUD', 'seller_product_url': 'http://example.com/offer8'}, {'base_price': 80.0, 'currency': 'AUD', 'seller_product_url': 'http://example.com/offer9'}, {'base_price': 110.0, 'currency': 'AUD', 'seller_product_url': 'http://example.com/offer10'}], 'image': 'http://example.com/multiple_prices.jpg'}] (html_extractor.py:41)
2025-09-23 17:05:39 [INFO] [DIAG][html_extractor] Full parsed_data (hydration): [{"title": "Product with Multiple Prices", "slug": "multiple-prices", "availability": "In Stock", "offers": [{"base_price": 100.0, "currency": "AUD", "seller_product_url": "http://example.com/offer1"}, {"base_price": 99.5, "currency": "AUD", "seller_product_url": "http://example.com/offer2"}, {"base_price": 10.0, "currency": "AUD", "seller_product_url": "http://example.com/offer3"}, {"base_price": 150.0, "currency": "AUD", "seller_product_url": "http://example.com/offer4"}, {"base_price": 75.0, "currency": "AUD", "seller_product_url": "http://example.com/offer5"}, {"base_price": 200.0, "currency": "AUD", "seller_product_url": "http://example.com/offer6"}, {"base_price": 5.0, "currency": "AUD", "seller_product_url": "http://example.com/offer7"}, {"base_price": 120.0, "currency": "AUD", "seller_product_url": "http://example.com/offer8"}, {"base_price": 80.0, "currency": "AUD", "seller_product_url": "http://example.com/offer9"}, {"base_price": 110.0, "currency": "AUD", "seller_product_url": "http://example.com/offer10"}], "image": "http://example.com/multiple_prices.jpg"}] (html_extractor.py:45)
2025-09-23 17:05:39 [INFO] [DIAG] Parsed data from hydration_parser: [{'title': 'Product with Multiple Prices', 'slug': 'multiple-prices', 'availability': 'In Stock', 'offers': [{'base_price': 100.0, 'currency': 'AUD', 'seller_product_url': 'http://example.com/offer1'}, {'base_price': 99.5, 'currency': 'AUD', 'seller_product_url': 'http://example.com/offer2'}, {'base_price': 10.0, 'currency': 'AUD', 'seller_product_url': 'http://example.com/offer3'}, {'base_price': 150.0, 'currency': 'AUD', 'seller_product_url': 'http://example.com/offer4'}, {'base_price': 75.0, 'currency': 'AUD', 'seller_product_url': 'http://example.com/offer5'}, {'base_price': 200.0, 'currency': 'AUD', 'seller_product_url': 'http://example.com/offer6'}, {'base_price': 5.0, 'currency': 'AUD', 'seller_product_url': 'http://example.com/offer7'}, {'base_price': 120.0, 'currency': 'AUD', 'seller_product_url': 'http://example.com/offer8'}, {'base_price': 80.0, 'currency': 'AUD', 'seller_product_url': 'http://example.com/offer9'}, {'base_price': 110.0, 'currency': 'AUD', 'seller_product_url': 'http://example.com/offer10'}], 'image': 'http://example.com/multiple_prices.jpg'}] (html_extractor.py:48)
2025-09-23 17:05:39 [DEBUG] [DIAG][_find_product_data_recursive] Processing data at path: , type: <class 'dict'> (html_extractor.py:11)
2025-09-23 17:05:39 [DEBUG] [DIAG][_find_product_data_recursive] Found product data (title/offers) at path:  (html_extractor.py:15)
2025-09-23 17:05:39 [DEBUG] [DIAG][html_extractor] Product data after recursive search: {'title': 'Product with Multiple Prices', 'slug': 'multiple-prices', 'availability': 'In Stock', 'offers': [{'base_price': 100.0, 'currency': 'AUD', 'seller_product_url': 'http://example.com/offer1'}, {'base_price': 99.5, 'currency': 'AUD', 'seller_product_url': 'http://example.com/offer2'}, {'base_price': 10.0, 'currency': 'AUD', 'seller_product_url': 'http://example.com/offer3'}, {'base_price': 150.0, 'currency': 'AUD', 'seller_product_url': 'http://example.com/offer4'}, {'base_price': 75.0, 'currency': 'AUD', 'seller_product_url': 'http://example.com/offer5'}, {'base_price': 200.0, 'currency': 'AUD', 'seller_product_url': 'http://example.com/offer6'}, {'base_price': 5.0, 'currency': 'AUD', 'seller_product_url': 'http://example.com/offer7'}, {'base_price': 120.0, 'currency': 'AUD', 'seller_product_url': 'http://example.com/offer8'}, {'base_price': 80.0, 'currency': 'AUD', 'seller_product_url': 'http://example.com/offer9'}, {'base_price': 110.0, 'currency': 'AUD', 'seller_product_url': 'http://example.com/offer10'}], 'image': 'http://example.com/multiple_prices.jpg'} (html_extractor.py:76)
2025-09-23 17:05:39 [INFO] [DIAG][html_extractor] Found product data: {'title': 'Product with Multiple Prices', 'slug': 'multiple-prices', 'availability': 'In Stock', 'offers': [{'base_price': 100.0, 'currency': 'AUD', 'seller_product_url': 'http://example.com/offer1'}, {'base_price': 99.5, 'currency': 'AUD', 'seller_product_url': 'http://example.com/offer2'}, {'base_price': 10.0, 'currency': 'AUD', 'seller_product_url': 'http://example.com/offer3'}, {'base_price': 150.0, 'currency': 'AUD', 'seller_product_url': 'http://example.com/offer4'}, {'base_price': 75.0, 'currency': 'AUD', 'seller_product_url': 'http://example.com/offer5'}, {'base_price': 200.0, 'currency': 'AUD', 'seller_product_url': 'http://example.com/offer6'}, {'base_price': 5.0, 'currency': 'AUD', 'seller_product_url': 'http://example.com/offer7'}, {'base_price': 120.0, 'currency': 'AUD', 'seller_product_url': 'http://example.com/offer8'}, {'base_price': 80.0, 'currency': 'AUD', 'seller_product_url': 'http://example.com/offer9'}, {'base_price': 110.0, 'currency': 'AUD', 'seller_product_url': 'http://example.com/offer10'}], 'image': 'http://example.com/multiple_prices.jpg'} (html_extractor.py:79)
2025-09-23 17:05:39 [INFO] [DIAG][html_extractor] Full offers list: [{'base_price': 100.0, 'currency': 'AUD', 'seller_product_url': 'http://example.com/offer1'}, {'base_price': 99.5, 'currency': 'AUD', 'seller_product_url': 'http://example.com/offer2'}, {'base_price': 10.0, 'currency': 'AUD', 'seller_product_url': 'http://example.com/offer3'}, {'base_price': 150.0, 'currency': 'AUD', 'seller_product_url': 'http://example.com/offer4'}, {'base_price': 75.0, 'currency': 'AUD', 'seller_product_url': 'http://example.com/offer5'}, {'base_price': 200.0, 'currency': 'AUD', 'seller_product_url': 'http://example.com/offer6'}, {'base_price': 5.0, 'currency': 'AUD', 'seller_product_url': 'http://example.com/offer7'}, {'base_price': 120.0, 'currency': 'AUD', 'seller_product_url': 'http://example.com/offer8'}, {'base_price': 80.0, 'currency': 'AUD', 'seller_product_url': 'http://example.com/offer9'}, {'base_price': 110.0, 'currency': 'AUD', 'seller_product_url': 'http://example.com/offer10'}] (html_extractor.py:87)
2025-09-23 17:05:39 [INFO] [DIAG][html_extractor] All candidate seller_product_url values: ['http://example.com/offer1', 'http://example.com/offer2', 'http://example.com/offer3', 'http://example.com/offer4', 'http://example.com/offer5', 'http://example.com/offer6', 'http://example.com/offer7', 'http://example.com/offer8', 'http://example.com/offer9', 'http://example.com/offer10'] (html_extractor.py:88)
2025-09-23 17:05:39 [DEBUG] [DIAG][is_valid_seller_url] Checking URL: 'http://example.com/offer7' (html_extractor.py:94)
2025-09-23 17:05:39 [DEBUG] [DIAG][is_valid_seller_url] Valid: URL passed all checks. URL: http://example.com/offer7 (html_extractor.py:111)
2025-09-23 17:05:39 [INFO] [DIAG][html_extractor] Extracted seller_product_url from lowest-priced offer: http://example.com/offer7 (html_extractor.py:129)
2025-09-23 17:05:39 [INFO] [DIAG][html_extractor] raw_data before return: {'title': 'Product with Multiple Prices', 'price': None, 'image': 'http://example.com/multiple_prices.jpg', 'currency': 'AUD', 'availability': 'In Stock', 'brand': 'Product', 'url': 'http://example.com/offer7', 'offers': [{'base_price': 100.0, 'currency': 'AUD', 'seller_product_url': 'http://example.com/offer1'}, {'base_price': 99.5, 'currency': 'AUD', 'seller_product_url': 'http://example.com/offer2'}, {'base_price': 10.0, 'currency': 'AUD', 'seller_product_url': 'http://example.com/offer3'}, {'base_price': 150.0, 'currency': 'AUD', 'seller_product_url': 'http://example.com/offer4'}, {'base_price': 75.0, 'currency': 'AUD', 'seller_product_url': 'http://example.com/offer5'}, {'base_price': 200.0, 'currency': 'AUD', 'seller_product_url': 'http://example.com/offer6'}, {'base_price': 5.0, 'currency': 'AUD', 'seller_product_url': 'http://example.com/offer7'}, {'base_price': 120.0, 'currency': 'AUD', 'seller_product_url': 'http://example.com/offer8'}, {'base_price': 80.0, 'currency': 'AUD', 'seller_product_url': 'http://example.com/offer9'}, {'base_price': 110.0, 'currency': 'AUD', 'seller_product_url': 'http://example.com/offer10'}]} (html_extractor.py:147)
2025-09-23 17:05:39 [DEBUG] [DIAG][data_transformer] Raw data received: {'title': 'Product with Multiple Prices', 'price': None, 'image': 'http://example.com/multiple_prices.jpg', 'currency': 'AUD', 'availability': 'In Stock', 'brand': 'Product', 'url': 'http://example.com/offer7', 'offers': [{'base_price': 100.0, 'currency': 'AUD', 'seller_product_url': 'http://example.com/offer1'}, {'base_price': 99.5, 'currency': 'AUD', 'seller_product_url': 'http://example.com/offer2'}, {'base_price': 10.0, 'currency': 'AUD', 'seller_product_url': 'http://example.com/offer3'}, {'base_price': 150.0, 'currency': 'AUD', 'seller_product_url': 'http://example.com/offer4'}, {'base_price': 75.0, 'currency': 'AUD', 'seller_product_url': 'http://example.com/offer5'}, {'base_price': 200.0, 'currency': 'AUD', 'seller_product_url': 'http://example.com/offer6'}, {'base_price': 5.0, 'currency': 'AUD', 'seller_product_url': 'http://example.com/offer7'}, {'base_price': 120.0, 'currency': 'AUD', 'seller_product_url': 'http://example.com/offer8'}, {'base_price': 80.0, 'currency': 'AUD', 'seller_product_url': 'http://example.com/offer9'}, {'base_price': 110.0, 'currency': 'AUD', 'seller_product_url': 'http://example.com/offer10'}]} (data_transformer.py:9)
2025-09-23 17:05:39 [INFO] [DIAG][data_transformer] Offers count: 10 (data_transformer.py:16)
2025-09-23 17:05:39 [INFO] [DIAG][data_transformer] Offer 0 seller_product_url: http://example.com/offer1 (data_transformer.py:19)
2025-09-23 17:05:39 [INFO] [DIAG][data_transformer] Offer 1 seller_product_url: http://example.com/offer2 (data_transformer.py:19)
2025-09-23 17:05:39 [INFO] [DIAG][data_transformer] Offer 2 seller_product_url: http://example.com/offer3 (data_transformer.py:19)
2025-09-23 17:05:39 [INFO] [DIAG][data_transformer] Offer 3 seller_product_url: http://example.com/offer4 (data_transformer.py:19)
2025-09-23 17:05:39 [INFO] [DIAG][data_transformer] Offer 4 seller_product_url: http://example.com/offer5 (data_transformer.py:19)
2025-09-23 17:05:39 [INFO] [DIAG][data_transformer] Offer 5 seller_product_url: http://example.com/offer6 (data_transformer.py:19)
2025-09-23 17:05:39 [INFO] [DIAG][data_transformer] Offer 6 seller_product_url: http://example.com/offer7 (data_transformer.py:19)
2025-09-23 17:05:39 [INFO] [DIAG][data_transformer] Offer 7 seller_product_url: http://example.com/offer8 (data_transformer.py:19)
2025-09-23 17:05:39 [INFO] [DIAG][data_transformer] Offer 8 seller_product_url: http://example.com/offer9 (data_transformer.py:19)
2025-09-23 17:05:39 [INFO] [DIAG][data_transformer] Offer 9 seller_product_url: http://example.com/offer10 (data_transformer.py:19)
2025-09-23 17:05:39 [DEBUG] [DIAG][data_transformer] Lowest offer identified: {'base_price': 5.0, 'currency': 'AUD', 'seller_product_url': 'http://example.com/offer7'} (data_transformer.py:26)
2025-09-23 17:05:39 [DEBUG] [DIAG][data_transformer] Seller product URL from lowest offer: http://example.com/offer7 (data_transformer.py:31)
2025-09-23 17:05:39 [INFO] [DIAG][data_transformer] extracted_url (seller_product_url): http://example.com/offer7, item_url: http://example.com/product/multiple-prices (data_transformer.py:73)
2025-09-23 17:05:39 [INFO] [DIAG][data_transformer] Final url for ItemData: http://example.com/offer7 (data_transformer.py:79)
2025-09-23 17:05:39 [DEBUG] [DIAG][data_transformer] Price value: 5.0, Currency value: AUD (data_transformer.py:83)
2025-09-23 17:05:39 [DEBUG] [DIAG][data_transformer] Name value: Product with Multiple Prices, Brand value: Product (data_transformer.py:84)
2025-09-23 17:05:39 [DEBUG] [DIAG][data_transformer] Image value: http://example.com/multiple_prices.jpg, Status value: ItemStatus.ACTIVE (data_transformer.py:85)
2025-09-23 17:05:39 [DEBUG] [DIAG][data_transformer] Product link: http://example.com/offer7 (data_transformer.py:86)
2025-09-23 17:05:39 [INFO] [DIAG][DataTransformer] Returning ItemData: ItemData(), as_dict: {'product_id': 'multiple-prices', 'brand': 'Product', 'name': 'Product with Multiple Prices', 'description': None, 'display_category': ['None'], 'display_category_last': 'None', 'original_price': 5.0, 'price': 5.0, 'discount_rate': 0.0, 'discount_amount': 0.0, 'payback_price': 0.0, 'currency': 'AUD', 'delivery_type': 'NO_DELIVERY', 'delivery_pay_type': 'UNKNOWN', 'delivery_price': None, 'delivery_free_threshold_price': None, 'delivery_minimum_price': None, 'delivery_arrive_date': None, 'url': 'http://example.com/offer7', 'image': 'http://example.com/multiple_prices.jpg', 'inventory_status': 'OUT_OF_STOCK', 'inventory_status_rank': 0, 'unit_value': 1, 'unit_type': 'PIECE', 'unit_price': 5.0, 'sort_price': '5.0000000000:2', 'product_options': [], 'status': 'ACTIVE', 'http_status': 200} (data_transformer.py:98)
PASSED                                                                   [ 24%]
------------------------------ live log teardown -------------------------------
2025-09-23 17:05:39 [DEBUG] Close <_UnixSelectorEventLoop running=False closed=False debug=True> (base_events.py:714)
2025-09-23 17:05:39 [DEBUG] Using selector: EpollSelector (selector_events.py:64)

tests/buywisely/test_buywisely_engine_parsing.py::test_parse_product_no_image 
-------------------------------- live log setup --------------------------------
2025-09-23 17:05:39 [DEBUG] Using selector: EpollSelector (selector_events.py:64)
-------------------------------- live log call ---------------------------------
2025-09-23 17:05:39 [INFO] BuyWisely HtmlExtractor: Starting HTML extraction (html_extractor.py:37)
2025-09-23 17:05:39 [DEBUG] __NEXT_DATA__ successfully parsed: {'props': {'pageProps': {'product': {'title': 'No Image Product', 'slug': 'no-image-product', 'availability': 'In Stock', 'offers': [{'base_price': 75.0}]}}}} (hydration_parser.py:37)
2025-09-23 17:05:39 [DEBUG] [DIAG][_find_product_data_recursive] Processing data (type: <class 'dict'>): {'props': {'pageProps': {'product': {'title': 'No Image Product', 'slug': 'no-image-product', 'avail... (json_parser_utils.py:118)
2025-09-23 17:05:39 [DEBUG] [DIAG][_find_product_data_recursive] Found product data in props.pageProps: {'title': 'No Image Product', 'slug': 'no-image-product', 'availability': 'In Stock', 'offers': [{'b... (json_parser_utils.py:121)
2025-09-23 17:05:39 [DEBUG] [DIAG][find_product_with_offers_recursive] Processing data (type: <class 'dict'>): {'title': 'No Image Product', 'slug': 'no-image-product', 'availability': 'In Stock', 'offers': [{'b... (json_parser_utils.py:94)
2025-09-23 17:05:39 [DEBUG] [DIAG][find_product_with_offers_recursive] Recursing into key 'title' (json_parser_utils.py:100)
2025-09-23 17:05:39 [DEBUG] [DIAG][find_product_with_offers_recursive] Processing data (type: <class 'str'>): No Image Product... (json_parser_utils.py:94)
2025-09-23 17:05:39 [DEBUG] [DIAG][find_product_with_offers_recursive] Recursing into key 'slug' (json_parser_utils.py:100)
2025-09-23 17:05:39 [DEBUG] [DIAG][find_product_with_offers_recursive] Processing data (type: <class 'str'>): no-image-product... (json_parser_utils.py:94)
2025-09-23 17:05:39 [DEBUG] [DIAG][find_product_with_offers_recursive] Recursing into key 'availability' (json_parser_utils.py:100)
2025-09-23 17:05:39 [DEBUG] [DIAG][find_product_with_offers_recursive] Processing data (type: <class 'str'>): In Stock... (json_parser_utils.py:94)
2025-09-23 17:05:39 [DEBUG] [DIAG][find_product_with_offers_recursive] Recursing into key 'offers' (json_parser_utils.py:100)
2025-09-23 17:05:39 [DEBUG] [DIAG][find_product_with_offers_recursive] Processing data (type: <class 'list'>): [{'base_price': 75.0}]... (json_parser_utils.py:94)
2025-09-23 17:05:39 [DEBUG] [DIAG][find_product_with_offers_recursive] Iterating list of length 1 (json_parser_utils.py:105)
2025-09-23 17:05:39 [DEBUG] [DIAG][find_product_with_offers_recursive] Recursing into list item 0 (json_parser_utils.py:107)
2025-09-23 17:05:39 [DEBUG] [DIAG][find_product_with_offers_recursive] Processing data (type: <class 'dict'>): {'base_price': 75.0}... (json_parser_utils.py:94)
2025-09-23 17:05:39 [DEBUG] [DIAG][find_product_with_offers_recursive] Recursing into key 'base_price' (json_parser_utils.py:100)
2025-09-23 17:05:39 [DEBUG] [DIAG][find_product_with_offers_recursive] Processing data (type: <class 'float'>): 75.0... (json_parser_utils.py:94)
2025-09-23 17:05:39 [INFO] No product data found in __NEXT_DATA__. (hydration_parser.py:43)
2025-09-23 17:05:39 [DEBUG] [DIAG][html_extractor] Raw parsed_data_list from hydration_parser: [] (html_extractor.py:41)
2025-09-23 17:05:39 [INFO] [DIAG][html_extractor] Full parsed_data (hydration): [] (html_extractor.py:45)
2025-09-23 17:05:39 [INFO] [DIAG] Parsed data from hydration_parser: [] (html_extractor.py:48)
2025-09-23 17:05:39 [WARNING] [DIAG] HydrationDataExtractor returned empty, attempting manual __NEXT_DATA__ extraction. (html_extractor.py:55)
2025-09-23 17:05:39 [INFO] [DIAG] Manually extracted __NEXT_DATA__ JSON: <class 'dict'> (html_extractor.py:61)
2025-09-23 17:05:39 [DEBUG] [DIAG][_find_product_data_recursive] Processing data at path: , type: <class 'dict'> (html_extractor.py:11)
2025-09-23 17:05:39 [DEBUG] [DIAG][_find_product_data_recursive] Processing data at path: .props, type: <class 'dict'> (html_extractor.py:11)
2025-09-23 17:05:39 [DEBUG] [DIAG][_find_product_data_recursive] Processing data at path: .props.pageProps, type: <class 'dict'> (html_extractor.py:11)
2025-09-23 17:05:39 [DEBUG] [DIAG][_find_product_data_recursive] Found product data (legacy 'product' key) at path: .props.pageProps (html_extractor.py:19)
2025-09-23 17:05:39 [DEBUG] [DIAG][html_extractor] Product data after recursive search: {'title': 'No Image Product', 'slug': 'no-image-product', 'availability': 'In Stock', 'offers': [{'base_price': 75.0}]} (html_extractor.py:76)
2025-09-23 17:05:39 [INFO] [DIAG][html_extractor] Found product data: {'title': 'No Image Product', 'slug': 'no-image-product', 'availability': 'In Stock', 'offers': [{'base_price': 75.0}]} (html_extractor.py:79)
2025-09-23 17:05:39 [INFO] [DIAG][html_extractor] Full offers list: [{'base_price': 75.0}] (html_extractor.py:87)
2025-09-23 17:05:39 [INFO] [DIAG][html_extractor] All candidate seller_product_url values: [] (html_extractor.py:88)
2025-09-23 17:05:39 [DEBUG] [DIAG][is_valid_seller_url] Checking URL: 'None' (html_extractor.py:94)
2025-09-23 17:05:39 [DEBUG] [DIAG][is_valid_seller_url] Invalid: URL is None or not a string. URL: None (html_extractor.py:96)
2025-09-23 17:05:39 [ERROR] [html_extractor] No valid seller URL found in offers. Extraction failure. (html_extractor.py:131)
2025-09-23 17:05:39 [INFO] [DIAG][html_extractor] raw_data before return: {'title': 'No Image Product', 'price': None, 'image': None, 'currency': 'AUD', 'availability': 'In Stock', 'brand': 'No', 'url': '', 'offers': [{'base_price': 75.0}]} (html_extractor.py:147)
2025-09-23 17:05:39 [DEBUG] [DIAG][data_transformer] Raw data received: {'title': 'No Image Product', 'price': None, 'image': None, 'currency': 'AUD', 'availability': 'In Stock', 'brand': 'No', 'url': '', 'offers': [{'base_price': 75.0}]} (data_transformer.py:9)
2025-09-23 17:05:39 [INFO] [DIAG][data_transformer] Offers count: 1 (data_transformer.py:16)
2025-09-23 17:05:39 [INFO] [DIAG][data_transformer] Offer 0 seller_product_url: None (data_transformer.py:19)
2025-09-23 17:05:39 [DEBUG] [DIAG][data_transformer] Lowest offer identified: {'base_price': 75.0} (data_transformer.py:26)
2025-09-23 17:05:39 [DEBUG] [DIAG][data_transformer] Seller product URL from lowest offer: None (data_transformer.py:31)
2025-09-23 17:05:39 [ERROR] [DIAG][data_transformer] No seller_product_url found in lowest_offer: {'base_price': 75.0} (data_transformer.py:33)
2025-09-23 17:05:39 [INFO] [DIAG][data_transformer] extracted_url (seller_product_url): None, item_url:  (data_transformer.py:73)
2025-09-23 17:05:39 [INFO] [DIAG][data_transformer] is_valid_seller_url: url is None or not a string: None (data_transformer.py:57)
2025-09-23 17:05:39 [ERROR] [data_transformer] No valid seller product URL found in offers for product_id=. Extraction failure. (data_transformer.py:78)
2025-09-23 17:05:39 [INFO] [DIAG][data_transformer] Final url for ItemData:  (data_transformer.py:79)
2025-09-23 17:05:39 [DEBUG] [DIAG][data_transformer] Price value: 75.0, Currency value: AUD (data_transformer.py:83)
2025-09-23 17:05:39 [DEBUG] [DIAG][data_transformer] Name value: No Image Product, Brand value: No (data_transformer.py:84)
2025-09-23 17:05:39 [DEBUG] [DIAG][data_transformer] Image value: , Status value: ItemStatus.ACTIVE (data_transformer.py:85)
2025-09-23 17:05:39 [DEBUG] [DIAG][data_transformer] Product link:  (data_transformer.py:86)
2025-09-23 17:05:39 [INFO] [DIAG][DataTransformer] Returning ItemData: ItemData(), as_dict: {'product_id': '', 'brand': 'No', 'name': 'No Image Product', 'description': None, 'display_category': ['None'], 'display_category_last': 'None', 'original_price': 75.0, 'price': 75.0, 'discount_rate': 0.0, 'discount_amount': 0.0, 'payback_price': 0.0, 'currency': 'AUD', 'delivery_type': 'NO_DELIVERY', 'delivery_pay_type': 'UNKNOWN', 'delivery_price': None, 'delivery_free_threshold_price': None, 'delivery_minimum_price': None, 'delivery_arrive_date': None, 'url': '', 'image': '', 'inventory_status': 'OUT_OF_STOCK', 'inventory_status_rank': 0, 'unit_value': 1, 'unit_type': 'PIECE', 'unit_price': 75.0, 'sort_price': '75.000000000:2', 'product_options': [], 'status': 'ACTIVE', 'http_status': 200} (data_transformer.py:98)
PASSED                                                                   [ 27%]
------------------------------ live log teardown -------------------------------
2025-09-23 17:05:39 [DEBUG] Close <_UnixSelectorEventLoop running=False closed=False debug=True> (base_events.py:714)
2025-09-23 17:05:39 [DEBUG] Using selector: EpollSelector (selector_events.py:64)

tests/buywisely/test_buywisely_engine_parsing.py::test_html_extractor_import_and_basic_call 
-------------------------------- live log setup --------------------------------
2025-09-23 17:05:39 [DEBUG] Using selector: EpollSelector (selector_events.py:64)
-------------------------------- live log call ---------------------------------
2025-09-23 17:05:39 [INFO] BuyWisely HtmlExtractor: Starting HTML extraction (html_extractor.py:37)
2025-09-23 17:05:39 [DEBUG] [DIAG][html_extractor] Raw parsed_data_list from hydration_parser: [] (html_extractor.py:41)
2025-09-23 17:05:39 [INFO] [DIAG][html_extractor] Full parsed_data (hydration): [] (html_extractor.py:45)
2025-09-23 17:05:39 [INFO] [DIAG] Parsed data from hydration_parser: [] (html_extractor.py:48)
2025-09-23 17:05:39 [WARNING] [DIAG] HydrationDataExtractor returned empty, attempting manual __NEXT_DATA__ extraction. (html_extractor.py:55)
2025-09-23 17:05:39 [DEBUG] [DIAG][html_extractor] Product data after recursive search: None (html_extractor.py:76)
2025-09-23 17:05:39 [INFO] BuyWisely HtmlExtractor: Product data not found in any supported hydration format. Trying BeautifulSoup fallback. (html_extractor.py:150)
2025-09-23 17:05:39 [INFO] BuyWisely HtmlExtractor: BeautifulSoup fallback extracted price: None, currency: AUD, title: None (html_extractor.py:213)
2025-09-23 17:05:39 [DEBUG] [DIAG][html_extractor] raw_data after BeautifulSoup fallback: {'availability': 'Out of Stock'} (html_extractor.py:214)
PASSED                                                                   [ 31%]
------------------------------ live log teardown -------------------------------
2025-09-23 17:05:39 [DEBUG] Close <_UnixSelectorEventLoop running=False closed=False debug=True> (base_events.py:714)
2025-09-23 17:05:39 [DEBUG] Using selector: EpollSelector (selector_events.py:64)

tests/buywisely/test_buywisely_graceful_failure.py::test_buywisely_graceful_failure 
-------------------------------- live log setup --------------------------------
[...]
2025-09-23 17:05:43 [DEBUG] [DIAG][data_transformer] Raw data received: {'title': 'Test Product', 'image': 'http://example.com/image.jpg', 'currency': 'AUD', 'availability': 'In Stock', 'offers': [{'base_price': 100.0, 'currency': 'AUD', 'seller_product_url': None, 'shipping': 5.0}]} (data_transformer.py:9)
2025-09-23 17:05:43 [INFO] [DIAG][data_transformer] Offers count: 1 (data_transformer.py:16)
2025-09-23 17:05:43 [INFO] [DIAG][data_transformer] Offer 0 seller_product_url: None (data_transformer.py:19)
2025-09-23 17:05:43 [DEBUG] [DIAG][data_transformer] Lowest offer identified: {'base_price': 100.0, 'currency': 'AUD', 'seller_product_url': None, 'shipping': 5.0} (data_transformer.py:26)
2025-09-23 17:05:43 [DEBUG] [DIAG][data_transformer] Seller product URL from lowest offer: None (data_transformer.py:31)
2025-09-23 17:05:43 [ERROR] [DIAG][data_transformer] No seller_product_url found in lowest_offer: {'base_price': 100.0, 'currency': 'AUD', 'seller_product_url': None, 'shipping': 5.0} (data_transformer.py:33)
2025-09-23 17:05:43 [INFO] [DIAG][data_transformer] extracted_url (seller_product_url): None, item_url: http://buywisely.com.au/product/test (data_transformer.py:73)
2025-09-23 17:05:43 [INFO] [DIAG][data_transformer] is_valid_seller_url: url is None or not a string: None (data_transformer.py:57)
2025-09-23 17:05:43 [ERROR] [data_transformer] No valid seller product URL found in offers for product_id=test_product_id. Extraction failure. (data_transformer.py:78)
2025-09-23 17:05:43 [INFO] [DIAG][data_transformer] Final url for ItemData:  (data_transformer.py:79)
2025-09-23 17:05:43 [DEBUG] [DIAG][data_transformer] Price value: 100.0, Currency value: AUD (data_transformer.py:83)
2025-09-23 17:05:43 [DEBUG] [DIAG][data_transformer] Name value: Test Product, Brand value:  (data_transformer.py:84)
2025-09-23 17:05:43 [DEBUG] [DIAG][data_transformer] Image value: http://example.com/image.jpg, Status value: ItemStatus.ACTIVE (data_transformer.py:85)
2025-09-23 17:05:43 [DEBUG] [DIAG][data_transformer] Product link:  (data_transformer.py:86)
2025-09-23 17:05:43 [INFO] [DIAG][DataTransformer] Returning ItemData: ItemData(), as_dict: {'product_id': 'test_product_id', 'brand': '', 'name': 'Test Product', 'description': None, 'display_category': ['None'], 'display_category_last': 'None', 'original_price': 100.0, 'price': 100.0, 'discount_rate': 0.0, 'discount_amount': 0.0, 'payback_price': 0.0, 'currency': 'AUD', 'delivery_type': 'NO_DELIVERY', 'delivery_pay_type': 'UNKNOWN', 'delivery_price': None, 'delivery_free_threshold_price': None, 'delivery_minimum_price': None, 'delivery_arrive_date': None, 'url': '', 'image': 'http://example.com/image.jpg', 'inventory_status': 'OUT_OF_STOCK', 'inventory_status_rank': 0, 'unit_value': 1, 'unit_type': 'PIECE', 'unit_price': 100.0, 'sort_price': '100.00000000:2', 'product_options': [], 'status': 'ACTIVE', 'http_status': 200} (data_transformer.py:98)
PASSED                                                                   [ 93%]
------------------------------ live log teardown -------------------------------
2025-09-23 17:05:43 [DEBUG] Close <_UnixSelectorEventLoop running=False closed=False debug=True> (base_events.py:714)
2025-09-23 17:05:43 [DEBUG] Using selector: EpollSelector (selector_events.py:64)

tests/buywisely/test_data_transformer_urls.py::test_is_valid_seller_url_empty_string_url 
-------------------------------- live log setup --------------------------------
2025-09-23 17:05:43 [DEBUG] Using selector: EpollSelector (selector_events.py:64)
-------------------------------- live log call ---------------------------------
2025-09-23 17:05:43 [DEBUG] [DIAG][data_transformer] Raw data received: {'title': 'Test Product', 'image': 'http://example.com/image.jpg', 'currency': 'AUD', 'availability': 'In Stock', 'offers': [{'base_price': 100.0, 'currency': 'AUD', 'seller_product_url': '', 'shipping': 5.0}]} (data_transformer.py:9)
2025-09-23 17:05:43 [INFO] [DIAG][data_transformer] Offers count: 1 (data_transformer.py:16)
2025-09-23 17:05:43 [INFO] [DIAG][data_transformer] Offer 0 seller_product_url:  (data_transformer.py:19)
2025-09-23 17:05:43 [DEBUG] [DIAG][data_transformer] Lowest offer identified: {'base_price': 100.0, 'currency': 'AUD', 'seller_product_url': '', 'shipping': 5.0} (data_transformer.py:26)
2025-09-23 17:05:43 [DEBUG] [DIAG][data_transformer] Seller product URL from lowest offer:  (data_transformer.py:31)
2025-09-23 17:05:43 [ERROR] [DIAG][data_transformer] No seller_product_url found in lowest_offer: {'base_price': 100.0, 'currency': 'AUD', 'seller_product_url': '', 'shipping': 5.0} (data_transformer.py:33)
2025-09-23 17:05:43 [INFO] [DIAG][data_transformer] extracted_url (seller_product_url): , item_url: http://buywisely.com.au/product/test (data_transformer.py:73)
2025-09-23 17:05:43 [INFO] [DIAG][data_transformer] is_valid_seller_url: url is None or not a string:  (data_transformer.py:57)
2025-09-23 17:05:43 [ERROR] [data_transformer] No valid seller product URL found in offers for product_id=test_product_id. Extraction failure. (data_transformer.py:78)
2025-09-23 17:05:43 [INFO] [DIAG][data_transformer] Final url for ItemData:  (data_transformer.py:79)
2025-09-23 17:05:43 [DEBUG] [DIAG][data_transformer] Price value: 100.0, Currency value: AUD (data_transformer.py:83)
2025-09-23 17:05:43 [DEBUG] [DIAG][data_transformer] Name value: Test Product, Brand value:  (data_transformer.py:84)
2025-09-23 17:05:43 [DEBUG] [DIAG][data_transformer] Image value: http://example.com/image.jpg, Status value: ItemStatus.ACTIVE (data_transformer.py:85)
2025-09-23 17:05:43 [DEBUG] [DIAG][data_transformer] Product link:  (data_transformer.py:86)
2025-09-23 17:05:43 [INFO] [DIAG][DataTransformer] Returning ItemData: ItemData(), as_dict: {'product_id': 'test_product_id', 'brand': '', 'name': 'Test Product', 'description': None, 'display_category': ['None'], 'display_category_last': 'None', 'original_price': 100.0, 'price': 100.0, 'discount_rate': 0.0, 'discount_amount': 0.0, 'payback_price': 0.0, 'currency': 'AUD', 'delivery_type': 'NO_DELIVERY', 'delivery_pay_type': 'UNKNOWN', 'delivery_price': None, 'delivery_free_threshold_price': None, 'delivery_minimum_price': None, 'delivery_arrive_date': None, 'url': '', 'image': 'http://example.com/image.jpg', 'inventory_status': 'OUT_OF_STOCK', 'inventory_status_rank': 0, 'unit_value': 1, 'unit_type': 'PIECE', 'unit_price': 100.0, 'sort_price': '100.00000000:2', 'product_options': [], 'status': 'ACTIVE', 'http_status': 200} (data_transformer.py:98)
PASSED                                                                   [ 96%]
------------------------------ live log teardown -------------------------------
2025-09-23 17:05:43 [DEBUG] Close <_UnixSelectorEventLoop running=False closed=False debug=True> (base_events.py:714)
2025-09-23 17:05:43 [DEBUG] Using selector: EpollSelector (selector_events.py:64)

tests/buywisely/test_euro_currency_parsing.py::test_parse_product_euro_currency 
-------------------------------- live log setup --------------------------------
2025-09-23 17:05:43 [DEBUG] Using selector: EpollSelector (selector_events.py:64)
-------------------------------- live log call ---------------------------------
2025-09-23 17:05:43 [INFO] BuyWisely HtmlExtractor: Starting HTML extraction (html_extractor.py:37)
2025-09-23 17:05:43 [DEBUG] __NEXT_DATA__ successfully parsed: {'props': {'pageProps': {'product': {'title': 'Euro Product', 'slug': 'euro-product', 'availability': 'In Stock', 'offers': [{'base_price': 25.99, 'currency': 'EUR'}], 'image': 'http://example.com/euro_product.jpg'}}}} (hydration_parser.py:37)
2025-09-23 17:05:43 [DEBUG] [DIAG][_find_product_data_recursive] Processing data (type: <class 'dict'>): {'props': {'pageProps': {'product': {'title': 'Euro Product', 'slug': 'euro-product', 'availability'... (json_parser_utils.py:118)
2025-09-23 17:05:43 [DEBUG] [DIAG][_find_product_data_recursive] Found product data in props.pageProps: {'title': 'Euro Product', 'slug': 'euro-product', 'availability': 'In Stock', 'offers': [{'base_pric... (json_parser_utils.py:121)
2025-09-23 17:05:43 [DEBUG] [DIAG][find_product_with_offers_recursive] Processing data (type: <class 'dict'>): {'title': 'Euro Product', 'slug': 'euro-product', 'availability': 'In Stock', 'offers': [{'base_pric... (json_parser_utils.py:94)
2025-09-23 17:05:43 [DEBUG] [DIAG][find_product_with_offers_recursive] Recursing into key 'title' (json_parser_utils.py:100)
2025-09-23 17:05:43 [DEBUG] [DIAG][find_product_with_offers_recursive] Processing data (type: <class 'str'>): Euro Product... (json_parser_utils.py:94)
2025-09-23 17:05:43 [DEBUG] [DIAG][find_product_with_offers_recursive] Recursing into key 'slug' (json_parser_utils.py:100)
2025-09-23 17:05:43 [DEBUG] [DIAG][find_product_with_offers_recursive] Processing data (type: <class 'str'>): euro-product... (json_parser_utils.py:94)
2025-09-23 17:05:43 [DEBUG] [DIAG][find_product_with_offers_recursive] Recursing into key 'availability' (json_parser_utils.py:100)
2025-09-23 17:05:43 [DEBUG] [DIAG][find_product_with_offers_recursive] Processing data (type: <class 'str'>): In Stock... (json_parser_utils.py:94)
2025-09-23 17:05:43 [DEBUG] [DIAG][find_product_with_offers_recursive] Recursing into key 'offers' (json_parser_utils.py:100)
2025-09-23 17:05:43 [DEBUG] [DIAG][find_product_with_offers_recursive] Processing data (type: <class 'list'>): [{'base_price': 25.99, 'currency': 'EUR'}]... (json_parser_utils.py:94)
2025-09-23 17:05:43 [DEBUG] [DIAG][find_product_with_offers_recursive] Iterating list of length 1 (json_parser_utils.py:105)
2025-09-23 17:05:43 [DEBUG] [DIAG][find_product_with_offers_recursive] Recursing into list item 0 (json_parser_utils.py:107)
2025-09-23 17:05:43 [DEBUG] [DIAG][find_product_with_offers_recursive] Processing data (type: <class 'dict'>): {'base_price': 25.99, 'currency': 'EUR'}... (json_parser_utils.py:94)
2025-09-23 17:05:43 [DEBUG] [DIAG][find_product_with_offers_recursive] Recursing into key 'base_price' (json_parser_utils.py:100)
2025-09-23 17:05:43 [DEBUG] [DIAG][find_product_with_offers_recursive] Processing data (type: <class 'float'>): 25.99... (json_parser_utils.py:94)
2025-09-23 17:05:43 [DEBUG] [DIAG][find_product_with_offers_recursive] Recursing into key 'currency' (json_parser_utils.py:100)
2025-09-23 17:05:43 [DEBUG] [DIAG][find_product_with_offers_recursive] Processing data (type: <class 'str'>): EUR... (json_parser_utils.py:94)
2025-09-23 17:05:43 [DEBUG] [DIAG][find_product_with_offers_recursive] Recursing into key 'image' (json_parser_utils.py:100)
2025-09-23 17:05:43 [DEBUG] [DIAG][find_product_with_offers_recursive] Processing data (type: <class 'str'>): http://example.com/euro_product.jpg... (json_parser_utils.py:94)
2025-09-23 17:05:43 [INFO] No product data found in __NEXT_DATA__. (hydration_parser.py:43)
2025-09-23 17:05:43 [DEBUG] [DIAG][html_extractor] Raw parsed_data_list from hydration_parser: [] (html_extractor.py:41)
2025-09-23 17:05:43 [INFO] [DIAG][html_extractor] Full parsed_data (hydration): [] (html_extractor.py:45)
2025-09-23 17:05:43 [INFO] [DIAG] Parsed data from hydration_parser: [] (html_extractor.py:48)
2025-09-23 17:05:43 [WARNING] [DIAG] HydrationDataExtractor returned empty, attempting manual __NEXT_DATA__ extraction. (html_extractor.py:55)
2025-09-23 17:05:43 [INFO] [DIAG] Manually extracted __NEXT_DATA__ JSON: <class 'dict'> (html_extractor.py:61)
2025-09-23 17:05:43 [DEBUG] [DIAG][_find_product_data_recursive] Processing data at path: , type: <class 'dict'> (html_extractor.py:11)
2025-09-23 17:05:43 [DEBUG] [DIAG][_find_product_data_recursive] Processing data at path: .props, type: <class 'dict'> (html_extractor.py:11)
2025-09-23 17:05:43 [DEBUG] [DIAG][_find_product_data_recursive] Processing data at path: .props.pageProps, type: <class 'dict'> (html_extractor.py:11)
2025-09-23 17:05:43 [DEBUG] [DIAG][_find_product_data_recursive] Found product data (legacy 'product' key) at path: .props.pageProps (html_extractor.py:19)
2025-09-23 17:05:43 [DEBUG] [DIAG][html_extractor] Product data after recursive search: {'title': 'Euro Product', 'slug': 'euro-product', 'availability': 'In Stock', 'offers': [{'base_price': 25.99, 'currency': 'EUR'}], 'image': 'http://example.com/euro_product.jpg'} (html_extractor.py:76)
2025-09-23 17:05:43 [INFO] [DIAG][html_extractor] Found product data: {'title': 'Euro Product', 'slug': 'euro-product', 'availability': 'In Stock', 'offers': [{'base_price': 25.99, 'currency': 'EUR'}], 'image': 'http://example.com/euro_product.jpg'} (html_extractor.py:79)
2025-09-23 17:05:43 [INFO] [DIAG][html_extractor] Full offers list: [{'base_price': 25.99, 'currency': 'EUR'}] (html_extractor.py:87)
2025-09-23 17:05:43 [INFO] [DIAG][html_extractor] All candidate seller_product_url values: [] (html_extractor.py:88)
2025-09-23 17:05:43 [DEBUG] [DIAG][is_valid_seller_url] Checking URL: 'None' (html_extractor.py:94)
2025-09-23 17:05:43 [DEBUG] [DIAG][is_valid_seller_url] Invalid: URL is None or not a string. URL: None (html_extractor.py:96)
2025-09-23 17:05:43 [ERROR] [html_extractor] No valid seller URL found in offers. Extraction failure. (html_extractor.py:131)
2025-09-23 17:05:43 [INFO] [DIAG][html_extractor] raw_data before return: {'title': 'Euro Product', 'price': None, 'image': 'http://example.com/euro_product.jpg', 'currency': 'AUD', 'availability': 'In Stock', 'brand': 'Euro', 'url': '', 'offers': [{'base_price': 25.99, 'currency': 'EUR'}]} (html_extractor.py:147)
2025-09-23 17:05:43 [DEBUG] [DIAG][data_transformer] Raw data received: {'title': 'Euro Product', 'price': None, 'image': 'http://example.com/euro_product.jpg', 'currency': 'AUD', 'availability': 'In Stock', 'brand': 'Euro', 'url': '', 'offers': [{'base_price': 25.99, 'currency': 'EUR'}]} (data_transformer.py:9)
2025-09-23 17:05:43 [INFO] [DIAG][data_transformer] Offers count: 1 (data_transformer.py:16)
2025-09-23 17:05:43 [INFO] [DIAG][data_transformer] Offer 0 seller_product_url: None (data_transformer.py:19)
2025-09-23 17:05:43 [DEBUG] [DIAG][data_transformer] Lowest offer identified: {'base_price': 25.99, 'currency': 'EUR'} (data_transformer.py:26)
2025-09-23 17:05:43 [DEBUG] [DIAG][data_transformer] Seller product URL from lowest offer: None (data_transformer.py:31)
2025-09-23 17:05:43 [ERROR] [DIAG][data_transformer] No seller_product_url found in lowest_offer: {'base_price': 25.99, 'currency': 'EUR'} (data_transformer.py:33)
2025-09-23 17:05:43 [INFO] [DIAG][data_transformer] extracted_url (seller_product_url): None, item_url:  (data_transformer.py:73)
2025-09-23 17:05:43 [INFO] [DIAG][data_transformer] is_valid_seller_url: url is None or not a string: None (data_transformer.py:57)
2025-09-23 17:05:43 [ERROR] [data_transformer] No valid seller product URL found in offers for product_id=. Extraction failure. (data_transformer.py:78)
2025-09-23 17:05:43 [INFO] [DIAG][data_transformer] Final url for ItemData:  (data_transformer.py:79)
2025-09-23 17:05:43 [DEBUG] [DIAG][data_transformer] Price value: 25.99, Currency value: EUR (data_transformer.py:83)
2025-09-23 17:05:43 [DEBUG] [DIAG][data_transformer] Name value: Euro Product, Brand value: Euro (data_transformer.py:84)
2025-09-23 17:05:43 [DEBUG] [DIAG][data_transformer] Image value: http://example.com/euro_product.jpg, Status value: ItemStatus.ACTIVE (data_transformer.py:85)
2025-09-23 17:05:43 [DEBUG] [DIAG][data_transformer] Product link:  (data_transformer.py:86)
2025-09-23 17:05:43 [INFO] [DIAG][DataTransformer] Returning ItemData: ItemData(), as_dict: {'product_id': '', 'brand': 'Euro', 'name': 'Euro Product', 'description': None, 'display_category': ['None'], 'display_category_last': 'None', 'original_price': 25.99, 'price': 25.99, 'discount_rate': 0.0, 'discount_amount': 0.0, 'payback_price': 0.0, 'currency': 'EUR', 'delivery_type': 'NO_DELIVERY', 'delivery_pay_type': 'UNKNOWN', 'delivery_price': None, 'delivery_free_threshold_price': None, 'delivery_minimum_price': None, 'delivery_arrive_date': None, 'url': '', 'image': 'http://example.com/euro_product.jpg', 'inventory_status': 'OUT_OF_STOCK', 'inventory_status_rank': 0, 'unit_value': 1, 'unit_type': 'PIECE', 'unit_price': 25.99, 'sort_price': '25.990000000:2', 'product_options': [], 'status': 'ACTIVE', 'http_status': 200} (data_transformer.py:98)
PASSED                                                                   [100%]
------------------------------ live log teardown -------------------------------
2025-09-23 17:05:43 [DEBUG] Close <_UnixSelectorEventLoop running=False closed=False debug=True> (base_events.py:714)
2025-09-23 17:05:43 [DEBUG] Using selector: EpollSelector (selector_events.py:64)


=================================== FAILURES ===================================
___________________ test_buywisely_timeout_and_rate_limiting ___________________

    def test_buywisely_timeout_and_rate_limiting():
        # Simulate a timeout in the HTML extractor
        with patch("custom_components.price_tracker.services.buywisely.parser.extract_product_data_from_html", side_effect=TimeoutError("Simulated timeout")):
            html = """
            <html><body>
            <script id=\"__NEXT_DATA__\" type=\"application/json\">{"props": {"pageProps": {"product": {"title": "Timeout Product"}}}}</script>
            <span class='price'>$99.99</span>
            </body></html>
            """
>           result = parse_product(html, product_id="timeout-1")

tests/buywisely/test_buywisely_timeout.py:13: 
_ _ _ _ _ _ _ _ _ _ _ _ _ _ _ _ _ _ _ _ _ _ _ _ _ _ _ _ _ _ _ _ _ _ _ _ _ _ _ _ 
custom_components/price_tracker/services/buywisely/parser.py:9: in parse_product
    raw_data = extract_product_data_from_html(html)
/home/mbernardo/miniconda3/envs/homeassistant/lib/python3.12/unittest/mock.py:1139: in __call__
    return self._mock_call(*args, **kwargs)
/home/mbernardo/miniconda3/envs/homeassistant/lib/python3.12/unittest/mock.py:1143: in _mock_call
    return self._execute_mock_call(*args, **kwargs)
_ _ _ _ _ _ _ _ _ _ _ _ _ _ _ _ _ _ _ _ _ _ _ _ _ _ _ _ _ _ _ _ _ _ _ _ _ _ _ _ 

self = <MagicMock name='extract_product_data_from_html' id='139769128274352'>
args = ('\n        <html><body>\n        <script id="__NEXT_DATA__" type="application/json">{"props": {"pageProps": {"product...itle": "Timeout Product"}}}}</script>\n        <span class=\'price\'>$99.99</span>\n        </body></html>\n        ',)
kwargs = {}, effect = TimeoutError('Simulated timeout')

    def _execute_mock_call(self, /, *args, **kwargs):
        # separate from _increment_mock_call so that awaited functions are
        # executed separately from their call, also AsyncMock overrides this method
    
        effect = self.side_effect
        if effect is not None:
            if _is_exception(effect):
>               raise effect
E               TimeoutError: Simulated timeout

/home/mbernardo/miniconda3/envs/homeassistant/lib/python3.12/unittest/mock.py:1198: TimeoutError
---------------------------- Captured stderr setup -----------------------------
DEBUG:asyncio:Using selector: EpollSelector
------------------------------ Captured log setup ------------------------------
DEBUG    asyncio:selector_events.py:64 Using selector: EpollSelector
--------------------------- Captured stderr teardown ---------------------------
DEBUG:asyncio:Close <_UnixSelectorEventLoop running=False closed=False debug=True>
DEBUG:asyncio:Using selector: EpollSelector
---------------------------- Captured log teardown -----------------------------
DEBUG    asyncio:base_events.py:714 Close <_UnixSelectorEventLoop running=False closed=False debug=True>
DEBUG    asyncio:selector_events.py:64 Using selector: EpollSelector
=========================== short test summary info ============================
FAILED tests/buywisely/test_buywisely_timeout.py::test_buywisely_timeout_and_rate_limiting
======================== 1 failed, 28 passed in 22.53s =========================
