============================= test session starts ==============================
platform linux -- Python 3.12.11, pytest-8.3.4, pluggy-1.6.0
rootdir: /mnt/e/source/personal_repos/homeassistant/custom_components/price_tracker
configfile: pytest.ini
plugins: asyncio-0.24.0, socket-0.7.0, picked-0.5.0, xdist-3.6.1, syrupy-4.8.0, unordered-0.6.1, respx-0.21.1, anyio-4.10.0, pytest_freezer-0.4.8, sugar-1.0.0, aiohttp-1.0.5, requests-mock-1.12.1, cov-6.0.0, homeassistant-custom-component-0.13.205, github-actions-annotate-failures-0.2.0, timeout-2.3.1
asyncio: mode=Mode.AUTO, default_loop_scope="function"
collected 5 items

tests/common/test_config_flow.py::test_config_flow_guided 
-------------------------------- live log setup --------------------------------
2025-09-25 20:53:03 [DEBUG] Using selector: EpollSelector (selector_events.py:64)
2025-09-25 20:53:03 [DEBUG] Using selector: EpollSelector (selector_events.py:64)
-------------------------------- live log call ---------------------------------
2025-09-25 20:53:03 [DEBUG] price_tracker_setup_init called. (setup.py:81)
2025-09-25 20:53:03 [DEBUG] dynamic_kind populated: {'buywisely': 'Buywisely', 'coupang': 'Coupang (Korea)'} (setup.py:87)
2025-09-25 20:53:03 [DEBUG] Final schema returned by price_tracker_setup_init: {'service_type': <homeassistant.helpers.selector.SelectSelector object at 0x7fb4213751c0>} (setup.py:99)
2025-09-25 20:53:03 [DEBUG] Setup(configuration): {'service_type': 'buywisely', 'lang': 'en', 'product_url': 'https://buywisely.com.au/product/sony-wh-1000xm4-wireless-noise-cancelling-headphones-black-1?id=12345'} (setup.py:77)
2025-09-25 20:53:03 [DEBUG] Setup(configuration): {'service_type': 'coupang', 'lang': 'en'} (setup.py:77)
PASSED                                                                   [ 20%]
------------------------------ live log teardown -------------------------------
2025-09-25 20:53:03 [DEBUG] Close <_UnixSelectorEventLoop running=False closed=False debug=True> (base_events.py:714)
2025-09-25 20:53:03 [DEBUG] Using selector: EpollSelector (selector_events.py:64)

tests/common/test_config_flow.py::test_async_setup_entry_service_type_handling 
-------------------------------- live log setup --------------------------------
2025-09-25 20:53:03 [DEBUG] Using selector: EpollSelector (selector_events.py:64)
-------------------------------- live log call ---------------------------------
2025-09-25 20:53:03 [INFO] [DIAG][__init__.py] Setting up entry: <MagicMock spec='ConfigEntry' id='140411628801680'> (__init__.py:42)
2025-09-25 20:53:03 [INFO] [DIAG][__init__.py] entry.data: {'service_type': 'buywisely', 'product_url': 'http://example.com/product'} (__init__.py:43)
2025-09-25 20:53:03 [INFO] [DIAG][__init__.py] entry.options: {} (__init__.py:44)
2025-09-25 20:53:03 [INFO] [DIAG][__init__.py] Storing in hass.data[price_tracker][test_entry_id]: {'service_type': 'buywisely', 'product_url': 'http://example.com/product'} (__init__.py:166)
2025-09-25 20:53:03 [INFO] [DIAG][sensor.py] async_setup_entry called for entry_id=test_entry_id, config={'service_type': 'buywisely', 'product_url': 'http://example.com/product'} (sensor.py:37)
2025-09-25 20:53:03 [INFO] [DIAG][sensor.py] Devices generated: {} (sensor.py:61)
2025-09-25 20:53:03 [INFO] [DIAG][sensor.py] Registering sensor for item_url: http://example.com/product, proxy: None, proxy_opensource: False (sensor.py:68)
2025-09-25 20:53:03 [ERROR] [DIAG][BuyWiselyEngine] parse_id: Bad item_url http://example.com/product (engine.py:154)
2025-09-25 20:53:03 [ERROR] [DIAG][sensor.py] Sensor configuration error: Bad item_url http://example.com/product (sensor.py:97)
Traceback (most recent call last):
  File "/mnt/e/source/personal_repos/homeassistant/custom_components/price_tracker/custom_components/price_tracker/sensor.py", line 70, in async_setup_entry
    engine = create_service_engine(service_type)(
             ^^^^^^^^^^^^^^^^^^^^^^^^^^^^^^^^^^^^
  File "/mnt/e/source/personal_repos/homeassistant/custom_components/price_tracker/custom_components/price_tracker/services/factory.py", line 52, in <lambda>
    BuyWiselyEngine.engine_code(): lambda **cfg: BuyWiselyEngine(**cfg),
                                                 ^^^^^^^^^^^^^^^^^^^^^^
  File "/mnt/e/source/personal_repos/homeassistant/custom_components/price_tracker/custom_components/price_tracker/services/buywisely/engine.py", line 40, in __init__
    product_id = BuyWiselyEngine.parse_id(item_url)["product_id"]
                 ^^^^^^^^^^^^^^^^^^^^^^^^^^^^^^^^^^
  File "/mnt/e/source/personal_repos/homeassistant/custom_components/price_tracker/custom_components/price_tracker/services/buywisely/engine.py", line 155, in parse_id
    raise InvalidItemUrlError("Bad item_url " + item_url)
custom_components.price_tracker.components.error.InvalidItemUrlError: Bad item_url http://example.com/product
2025-09-25 20:53:03 [INFO] [DIAG][sensor.py] Calling async_add_entities with sensors: [] (sensor.py:99)
2025-09-25 20:53:03 [WARNING] Executing <Task finished name='Task-3' coro=<test_async_setup_entry_service_type_handling() done, defined at /mnt/e/source/personal_repos/homeassistant/custom_components/price_tracker/tests/common/test_config_flow.py:69> result=None created at /home/mbernardo/miniconda3/envs/homeassistant/lib/python3.12/asyncio/tasks.py:695> took 0.166 seconds (base_events.py:1994)
PASSED                                                                   [ 40%]
------------------------------ live log teardown -------------------------------
2025-09-25 20:53:03 [DEBUG] Close <_UnixSelectorEventLoop running=False closed=False debug=True> (base_events.py:714)
2025-09-25 20:53:03 [DEBUG] Using selector: EpollSelector (selector_events.py:64)

tests/common/test_config_flow.py::test_lowest_price_populates_ha_entity 
-------------------------------- live log setup --------------------------------
2025-09-25 20:53:02 [DEBUG] Using selector: EpollSelector (selector_events.py:64)
-------------------------------- live log call ---------------------------------
2025-09-25 20:53:02 [INFO] [DIAG][__init__.py] Setting up entry: <MagicMock spec='ConfigEntry' id='140411628780864'> (__init__.py:42)
2025-09-25 20:53:02 [INFO] [DIAG][__init__.py] entry.data: {'service_type': 'buywisely', 'product_url': 'https://www.buywisely.com.au/product/test-product-lowest-price'} (__init__.py:43)
2025-09-25 20:53:02 [INFO] [DIAG][__init__.py] entry.options: {} (__init__.py:44)
2025-09-25 20:53:02 [INFO] [DIAG][__init__.py] Storing in hass.data[price_tracker][test_entry_id_lowest_price]: {'service_type': 'buywisely', 'product_url': 'https://www.buywisely.com.au/product/test-product-lowest-price'} (__init__.py:166)
2025-09-25 20:53:02 [INFO] [DIAG][sensor.py] async_setup_entry called for entry_id=test_entry_id_lowest_price, config={'service_type': 'buywisely', 'product_url': 'https://www.buywisely.com.au/product/test-product-lowest-price'} (sensor.py:37)
2025-09-25 20:53:02 [INFO] [DIAG][sensor.py] Devices generated: {} (sensor.py:61)
2025-09-25 20:53:02 [INFO] [DIAG][sensor.py] Registering sensor for item_url: https://www.buywisely.com.au/product/test-product-lowest-price, proxy: None, proxy_opensource: False (sensor.py:68)
2025-09-25 20:53:02 [INFO] [DIAG][sensor.py] Created engine: <MagicMock id='140411628122144'>, engine.id_str(): test-product-lowest-price, engine.entity_id: test-product-lowest-price (sensor.py:77)
2025-09-25 20:53:02 [INFO] [DIAG][sensor.py] Created sensor: <entity unknown.unknown=unknown>, sensor.entity_id: price_tracker.price_buywisely_type_test-product-lowest-price, sensor._attr_unique_id: price_tracker.price_buywisely_type_test-product-lowest-price (sensor.py:92)
2025-09-25 20:53:02 [INFO] [DIAG][sensor.py] Calling async_add_entities with sensors: [<entity unknown.unknown=unknown>] (sensor.py:99)
2025-09-25 20:53:02 [DEBUG] [DIAG][sensor.py] async_update called for price_tracker.price_buywisely_type_test-product-lowest-price with force=False (sensor.py:210)
2025-09-25 20:53:02 [DEBUG] Update sensor: price_tracker.price_buywisely_type_test-product-lowest-price (2000-01-01 00:00:00) - True (sensor.py:231)
2025-09-25 20:53:02 [INFO] [DIAG][sensor.py] async_update loaded data.url: https://www.buywisely.com.au/product/test-product-lowest-price (sensor.py:247)
2025-09-25 20:53:02 [INFO] [DIAG][sensor.py] Setting _attr_extra_state_attributes['url'] to: https://www.buywisely.com.au/product/test-product-lowest-price (sensor.py:272)
PASSED                                                                   [ 60%]
------------------------------ live log teardown -------------------------------
2025-09-25 20:53:02 [DEBUG] Close <_UnixSelectorEventLoop running=False closed=False debug=True> (base_events.py:714)
2025-09-25 20:53:02 [DEBUG] Using selector: EpollSelector (selector_events.py:64)

tests/buywisely/test_buywisely_parser.py::test_hydration_parser_with_real_data 
-------------------------------- live log setup --------------------------------
2025-09-25 20:53:02 [DEBUG] Using selector: EpollSelector (selector_events.py:64)
-------------------------------- live log call ---------------------------------
2025-09-25 20:53:02 [DEBUG] [DIAG][hydration_parser] Starting extract_and_parse_all_hydration_data (hydration_parser.py:119)
2025-09-25 20:53:02 [DEBUG] [DIAG][hydration_parser] Processing push block (first 500 chars): [2,null] (hydration_parser.py:133)
2025-09-25 20:53:02 [DEBUG] [DIAG][hydration_parser] Normalizing block content (first 500): [2,null] (hydration_parser.py:98)
2025-09-25 20:53:02 [DEBUG] [DIAG][hydration_parser] Cleaned payload (first 500): [2,null] (hydration_parser.py:102)
2025-09-25 20:53:02 [DEBUG] [DIAG][hydration_parser] Successfully parsed push block. (hydration_parser.py:142)
2025-09-25 20:53:02 [DEBUG] [DIAG][find_product_with_offers_recursive] Processing data (type: <class 'list'>): [2, None]... (json_parser_utils.py:94)
2025-09-25 20:53:02 [DEBUG] [DIAG][find_product_with_offers_recursive] Iterating list of length 2 (json_parser_utils.py:105)
2025-09-25 20:53:02 [DEBUG] [DIAG][find_product_with_offers_recursive] Recursing into list item 0 (json_parser_utils.py:107)
2025-09-25 20:53:02 [DEBUG] [DIAG][find_product_with_offers_recursive] Processing data (type: <class 'int'>): 2... (json_parser_utils.py:94)
2025-09-25 20:53:02 [DEBUG] [DIAG][find_product_with_offers_recursive] Recursing into list item 1 (json_parser_utils.py:107)
2025-09-25 20:53:02 [DEBUG] [DIAG][find_product_with_offers_recursive] Processing data (type: <class 'NoneType'>): None... (json_parser_utils.py:94)
2025-09-25 20:53:02 [DEBUG] [DIAG][hydration_parser] Processing push block (first 500 chars): [1,"1:HL[\"/_next/static/media/2b3f1035ed87a788-s.p.woff2\",\"font\",{\"crossOrigin\":\"\",\"type\":\"font/woff2\"}]\n2:HL[\"/_next/static/media/8bf7b2ceda89477b-s.p.woff2\",\"font\",{\"crossOrigin\":\"\",\"type\":\"font/woff2\"}]\n3:HL[\"/_next/static/css/e0d445a9cf4aff75.css\",\"style\"]\n"] (hydration_parser.py:133)
2025-09-25 20:53:02 [DEBUG] [DIAG][hydration_parser] Normalizing block content (first 500): [1,"1:HL[\"/_next/static/media/2b3f1035ed87a788-s.p.woff2\",\"font\",{\"crossOrigin\":\"\",\"type\":\"font/woff2\"}]\n2:HL[\"/_next/static/media/8bf7b2ceda89477b-s.p.woff2\",\"font\",{\"crossOrigin\":\"\",\"type\":\"font/woff2\"}]\n3:HL[\"/_next/static/css/e0d445a9cf4aff75.css\",\"style\"]\n"] (hydration_parser.py:98)
2025-09-25 20:53:02 [DEBUG] [DIAG][hydration_parser] Cleaned payload (first 500): [1,"1:HL[\"/_next/static/media/2b3f1035ed87a788-s.p.woff2\",\"font\",{\"crossOrigin\":\"\",\"type\":\"font/woff2\"}]\n2:HL[\"/_next/static/media/8bf7b2ceda89477b-s.p.woff2\",\"font\",{\"crossOrigin\":\"\",\"type\":\"font/woff2\"}]\n3:HL[\"/_next/static/css/e0d445a9cf4aff75.css\",\"style\"]\n"] (hydration_parser.py:102)
2025-09-25 20:53:02 [DEBUG] [DIAG][hydration_parser] Successfully parsed push block. (hydration_parser.py:142)
2025-09-25 20:53:02 [DEBUG] [DIAG][find_product_with_offers_recursive] Processing data (type: <class 'list'>): [1, '1:HL["/_next/static/media/2b3f1035ed87a788-s.p.woff2","font",{"crossOrigin":"","type":"font/wof... (json_parser_utils.py:94)
2025-09-25 20:53:02 [DEBUG] [DIAG][find_product_with_offers_recursive] Iterating list of length 2 (json_parser_utils.py:105)
2025-09-25 20:53:02 [DEBUG] [DIAG][find_product_with_offers_recursive] Recursing into list item 0 (json_parser_utils.py:107)
2025-09-25 20:53:02 [DEBUG] [DIAG][find_product_with_offers_recursive] Processing data (type: <class 'int'>): 1... (json_parser_utils.py:94)
2025-09-25 20:53:02 [DEBUG] [DIAG][find_product_with_offers_recursive] Recursing into list item 1 (json_parser_utils.py:107)
2025-09-25 20:53:02 [DEBUG] [DIAG][find_product_with_offers_recursive] Processing data (type: <class 'str'>): 1:HL["/_next/static/media/2b3f1035ed87a788-s.p.woff2","font",{"crossOrigin":"","type":"font/woff2"}]... (json_parser_utils.py:94)
2025-09-25 20:53:02 [DEBUG] [DIAG][hydration_parser] Processing push block (first 500 chars): [1,"4:I[89562,[],\"\"]\n7:I[78703,[],\"\"]\n9:I[53751,[],\"\"]\nc:I[11478,[\"3655\",\"static/chunks/3655-f78e4e363a5541d0.js\",\"395\",\"static/chunks/app/product/%5Bslug%5D/layout-afd1e0771fc65a8b.js\"],\"\"]\nd:I[25719,[\"3655\",\"static/chunks/3655-f78e4e363a5541d0.js\",\"6290\",\"static/chunks/6290-2a8ce89a0b5a3df8.js\",\"3895\",\"static/chunks/app/product/%5Bslug%5D/@offers/loading-91e67d2edba3eaa4.js\"],\"default\"]\ne:I[88170,[\"3655\",\"static/chunks/3655-f78e4e363a5541d0.js\",\"6290\",\ (hydration_parser.py:133)
2025-09-25 20:53:02 [DEBUG] [DIAG][hydration_parser] Normalizing block content (first 500): [1,"4:I[89562,[],\"\"]\n7:I[78703,[],\"\"]\n9:I[53751,[],\"\"]\nc:I[11478,[\"3655\",\"static/chunks/3655-f78e4e363a5541d0.js\",\"395\",\"static/chunks/app/product/%5Bslug%5D/layout-afd1e0771fc65a8b.js\"],\"\"]\nd:I[25719,[\"3655\",\"static/chunks/3655-f78e4e363a5541d0.js\",\"6290\",\"static/chunks/6290-2a8ce89a0b5a3df8.js\",\"3895\",\"static/chunks/app/product/%5Bslug%5D/@offers/loading-91e67d2edba3eaa4.js\"],\"default\"]\ne:I[88170,[\"3655\",\"static/chunks/3655-f78e4e363a5541d0.js\",\"6290\",\ (hydration_parser.py:98)
2025-09-25 20:53:02 [DEBUG] [DIAG][hydration_parser] Cleaned payload (first 500): [1,"4:I[89562,[],\"\"]\n7:I[78703,[],\"\"]\n9:I[53751,[],\"\"]\nc:I[11478,[\"3655\",\"static/chunks/3655-f78e4e363a5541d0.js\",\"395\",\"static/chunks/app/product/%5Bslug%5D/layout-afd1e0771fc65a8b.js\"],\"\"]\nd:I[25719,[\"3655\",\"static/chunks/3655-f78e4e363a5541d0.js\",\"6290\",\"static/chunks/6290-2a8ce89a0b5a3df8.js\",\"3895\",\"static/chunks/app/product/%5Bslug%5D/@offers/loading-91e67d2edba3eaa4.js\"],\"default\"]\ne:I[88170,[\"3655\",\"static/chunks/3655-f78e4e363a5541d0.js\",\"6290\",\ (hydration_parser.py:102)
2025-09-25 20:53:02 [DEBUG] [DIAG][hydration_parser] Successfully parsed push block. (hydration_parser.py:142)
2025-09-25 20:53:02 [DEBUG] [DIAG][find_product_with_offers_recursive] Processing data (type: <class 'list'>): [1, '4:I[89562,[],""]\n7:I[78703,[],""]\n9:I[53751,[],""]\nc:I[11478,["3655","static/chunks/3655-f78... (json_parser_utils.py:94)
2025-09-25 20:53:02 [DEBUG] [DIAG][find_product_with_offers_recursive] Iterating list of length 2 (json_parser_utils.py:105)
2025-09-25 20:53:02 [DEBUG] [DIAG][find_product_with_offers_recursive] Recursing into list item 0 (json_parser_utils.py:107)
2025-09-25 20:53:02 [DEBUG] [DIAG][find_product_with_offers_recursive] Processing data (type: <class 'int'>): 1... (json_parser_utils.py:94)
2025-09-25 20:53:02 [DEBUG] [DIAG][find_product_with_offers_recursive] Recursing into list item 1 (json_parser_utils.py:107)
2025-09-25 20:53:02 [DEBUG] [DIAG][find_product_with_offers_recursive] Processing data (type: <class 'str'>): 4:I[89562,[],""]
7:I[78703,[],""]
9:I[53751,[],""]
c:I[11478,["3655","static/chunks/3655-f78e4e363a5... (json_parser_utils.py:94)
2025-09-25 20:53:02 [DEBUG] [DIAG][hydration_parser] Processing push block (first 500 chars): [1,".js\",\"6341\",\"static/chunks/6341-ca54939c2b36d77d.js\",\"6252\",\"static/chunks/6252-920c83842bca245b.js\",\"6574\",\"static/chunks/6574-85b13196e7d2f55e.js\",\"307\",\"static/chunks/307-cefa9bd2f7381bf5.js\",\"2665\",\"static/chunks/2665-2d172eda87a962e3.js\",\"684\",\"static/chunks/684-7de3c401504b82a2.js\",\"7269\",\"static/chunks/7269-a4bddb872ba784d5.js\",\"8327\",\"static/chunks/8327-5596df2c7a80e7eb.js\",\"5135\",\"static/chunks/5135-e150b38f04bc4ae4.js\",\"5127\",\"static/chunks/5 (hydration_parser.py:133)
2025-09-25 20:53:02 [DEBUG] [DIAG][hydration_parser] Normalizing block content (first 500): [1,".js\",\"6341\",\"static/chunks/6341-ca54939c2b36d77d.js\",\"6252\",\"static/chunks/6252-920c83842bca245b.js\",\"6574\",\"static/chunks/6574-85b13196e7d2f55e.js\",\"307\",\"static/chunks/307-cefa9bd2f7381bf5.js\",\"2665\",\"static/chunks/2665-2d172eda87a962e3.js\",\"684\",\"static/chunks/684-7de3c401504b82a2.js\",\"7269\",\"static/chunks/7269-a4bddb872ba784d5.js\",\"8327\",\"static/chunks/8327-5596df2c7a80e7eb.js\",\"5135\",\"static/chunks/5135-e150b38f04bc4ae4.js\",\"5127\",\"static/chunks/5 (hydration_parser.py:98)
2025-09-25 20:53:02 [DEBUG] [DIAG][hydration_parser] Cleaned payload (first 500): [1,".js\",\"6341\",\"static/chunks/6341-ca54939c2b36d77d.js\",\"6252\",\"static/chunks/6252-920c83842bca245b.js\",\"6574\",\"static/chunks/6574-85b13196e7d2f55e.js\",\"307\",\"static/chunks/307-cefa9bd2f7381bf5.js\",\"2665\",\"static/chunks/2665-2d172eda87a962e3.js\",\"684\",\"static/chunks/684-7de3c401504b82a2.js\",\"7269\",\"static/chunks/7269-a4bddb872ba784d5.js\",\"8327\",\"static/chunks/8327-5596df2c7a80e7eb.js\",\"5135\",\"static/chunks/5135-e150b38f04bc4ae4.js\",\"5127\",\"static/chunks/5 (hydration_parser.py:102)
2025-09-25 20:53:02 [DEBUG] [DIAG][hydration_parser] Successfully parsed push block. (hydration_parser.py:142)
2025-09-25 20:53:02 [DEBUG] [DIAG][find_product_with_offers_recursive] Processing data (type: <class 'list'>): [1, '.js","6341","static/chunks/6341-ca54939c2b36d77d.js","6252","static/chunks/6252-920c83842bca245... (json_parser_utils.py:94)
2025-09-25 20:53:02 [DEBUG] [DIAG][find_product_with_offers_recursive] Iterating list of length 2 (json_parser_utils.py:105)
2025-09-25 20:53:02 [DEBUG] [DIAG][find_product_with_offers_recursive] Recursing into list item 0 (json_parser_utils.py:107)
2025-09-25 20:53:02 [DEBUG] [DIAG][find_product_with_offers_recursive] Processing data (type: <class 'int'>): 1... (json_parser_utils.py:94)
2025-09-25 20:53:02 [DEBUG] [DIAG][find_product_with_offers_recursive] Recursing into list item 1 (json_parser_utils.py:107)
2025-09-25 20:53:02 [DEBUG] [DIAG][find_product_with_offers_recursive] Processing data (type: <class 'str'>): .js","6341","static/chunks/6341-ca54939c2b36d77d.js","6252","static/chunks/6252-920c83842bca245b.js"... (json_parser_utils.py:94)
2025-09-25 20:53:02 [DEBUG] [DIAG][hydration_parser] Processing push block (first 500 chars): [1,"chunks/8327-5596df2c7a80e7eb.js\",\"5135\",\"static/chunks/5135-e150b38f04bc4ae4.js\",\"5127\",\"static/chunks/5127-7de194f1c35db063.js\",\"5805\",\"static/chunks/5805-5009d17ba83b5e07.js\",\"3185\",\"static/chunks/app/layout-0606493c769120ee.js\"],\"default\"]\n17:I[66973,[\"3655\",\"static/chunks/3655-f78e4e363a5541d0.js\",\"6290\",\"static/chunks/6290-2a8ce89a0b5a3df8.js\",\"6381\",\"static/chunks/6381-2b873addadcb95f3.js\",\"6310\",\"static/chunks/6310-99207018fb617736.js\",\"5469\",\"st (hydration_parser.py:133)
2025-09-25 20:53:02 [DEBUG] [DIAG][hydration_parser] Normalizing block content (first 500): [1,"chunks/8327-5596df2c7a80e7eb.js\",\"5135\",\"static/chunks/5135-e150b38f04bc4ae4.js\",\"5127\",\"static/chunks/5127-7de194f1c35db063.js\",\"5805\",\"static/chunks/5805-5009d17ba83b5e07.js\",\"3185\",\"static/chunks/app/layout-0606493c769120ee.js\"],\"default\"]\n17:I[66973,[\"3655\",\"static/chunks/3655-f78e4e363a5541d0.js\",\"6290\",\"static/chunks/6290-2a8ce89a0b5a3df8.js\",\"6381\",\"static/chunks/6381-2b873addadcb95f3.js\",\"6310\",\"static/chunks/6310-99207018fb617736.js\",\"5469\",\"st (hydration_parser.py:98)
2025-09-25 20:53:02 [DEBUG] [DIAG][hydration_parser] Cleaned payload (first 500): [1,"chunks/8327-5596df2c7a80e7eb.js\",\"5135\",\"static/chunks/5135-e150b38f04bc4ae4.js\",\"5127\",\"static/chunks/5127-7de194f1c35db063.js\",\"5805\",\"static/chunks/5805-5009d17ba83b5e07.js\",\"3185\",\"static/chunks/app/layout-0606493c769120ee.js\"],\"default\"]\n17:I[66973,[\"3655\",\"static/chunks/3655-f78e4e363a5541d0.js\",\"6290\",\"static/chunks/6290-2a8ce89a0b5a3df8.js\",\"6381\",\"static/chunks/6381-2b873addadcb95f3.js\",\"6310\",\"static/chunks/6310-99207018fb617736.js\",\"5469\",\"st (hydration_parser.py:102)
2025-09-25 20:53:02 [DEBUG] [DIAG][hydration_parser] Successfully parsed push block. (hydration_parser.py:142)
2025-09-25 20:53:02 [DEBUG] [DIAG][find_product_with_offers_recursive] Processing data (type: <class 'list'>): [1, 'chunks/8327-5596df2c7a80e7eb.js","5135","static/chunks/5135-e150b38f04bc4ae4.js","5127","static... (json_parser_utils.py:94)
2025-09-25 20:53:02 [DEBUG] [DIAG][find_product_with_offers_recursive] Iterating list of length 2 (json_parser_utils.py:105)
2025-09-25 20:53:02 [DEBUG] [DIAG][find_product_with_offers_recursive] Recursing into list item 0 (json_parser_utils.py:107)
2025-09-25 20:53:02 [DEBUG] [DIAG][find_product_with_offers_recursive] Processing data (type: <class 'int'>): 1... (json_parser_utils.py:94)
2025-09-25 20:53:02 [DEBUG] [DIAG][find_product_with_offers_recursive] Recursing into list item 1 (json_parser_utils.py:107)
2025-09-25 20:53:02 [DEBUG] [DIAG][find_product_with_offers_recursive] Processing data (type: <class 'str'>): chunks/8327-5596df2c7a80e7eb.js","5135","static/chunks/5135-e150b38f04bc4ae4.js","5127","static/chun... (json_parser_utils.py:94)
2025-09-25 20:53:02 [DEBUG] [DIAG][hydration_parser] Processing push block (first 500 chars): [1,"8.js\",\"6381\",\"static/chunks/6381-2b873addadcb95f3.js\",\"6310\",\"static/chunks/6310-99207018fb617736.js\",\"5469\",\"static/chunks/5469-d5f85e2b5dbb2663.js\",\"6341\",\"static/chunks/6341-ca54939c2b36d77d.js\",\"6252\",\"static/chunks/6252-920c83842bca245b.js\",\"6574\",\"static/chunks/6574-85b13196e7d2f55e.js\",\"307\",\"static/chunks/307-cefa9bd2f7381bf5.js\",\"2665\",\"static/chunks/2665-2d172eda87a962e3.js\",\"684\",\"static/chunks/684-7de3c401504b82a2.js\",\"7269\",\"static/chunks/ (hydration_parser.py:133)
2025-09-25 20:53:02 [DEBUG] [DIAG][hydration_parser] Normalizing block content (first 500): [1,"8.js\",\"6381\",\"static/chunks/6381-2b873addadcb95f3.js\",\"6310\",\"static/chunks/6310-99207018fb617736.js\",\"5469\",\"static/chunks/5469-d5f85e2b5dbb2663.js\",\"6341\",\"static/chunks/6341-ca54939c2b36d77d.js\",\"6252\",\"static/chunks/6252-920c83842bca245b.js\",\"6574\",\"static/chunks/6574-85b13196e7d2f55e.js\",\"307\",\"static/chunks/307-cefa9bd2f7381bf5.js\",\"2665\",\"static/chunks/2665-2d172eda87a962e3.js\",\"684\",\"static/chunks/684-7de3c401504b82a2.js\",\"7269\",\"static/chunks/ (hydration_parser.py:98)
2025-09-25 20:53:02 [DEBUG] [DIAG][hydration_parser] Cleaned payload (first 500): [1,"8.js\",\"6381\",\"static/chunks/6381-2b873addadcb95f3.js\",\"6310\",\"static/chunks/6310-99207018fb617736.js\",\"5469\",\"static/chunks/5469-d5f85e2b5dbb2663.js\",\"6341\",\"static/chunks/6341-ca54939c2b36d77d.js\",\"6252\",\"static/chunks/6252-920c83842bca245b.js\",\"6574\",\"static/chunks/6574-85b13196e7d2f55e.js\",\"307\",\"static/chunks/307-cefa9bd2f7381bf5.js\",\"2665\",\"static/chunks/2665-2d172eda87a962e3.js\",\"684\",\"static/chunks/684-7de3c401504b82a2.js\",\"7269\",\"static/chunks/ (hydration_parser.py:102)
2025-09-25 20:53:02 [DEBUG] [DIAG][hydration_parser] Successfully parsed push block. (hydration_parser.py:142)
2025-09-25 20:53:02 [DEBUG] [DIAG][find_product_with_offers_recursive] Processing data (type: <class 'list'>): [1, '8.js","6381","static/chunks/6381-2b873addadcb95f3.js","6310","static/chunks/6310-99207018fb6177... (json_parser_utils.py:94)
2025-09-25 20:53:02 [DEBUG] [DIAG][find_product_with_offers_recursive] Iterating list of length 2 (json_parser_utils.py:105)
2025-09-25 20:53:02 [DEBUG] [DIAG][find_product_with_offers_recursive] Recursing into list item 0 (json_parser_utils.py:107)
2025-09-25 20:53:02 [DEBUG] [DIAG][find_product_with_offers_recursive] Processing data (type: <class 'int'>): 1... (json_parser_utils.py:94)
2025-09-25 20:53:02 [DEBUG] [DIAG][find_product_with_offers_recursive] Recursing into list item 1 (json_parser_utils.py:107)
2025-09-25 20:53:02 [DEBUG] [DIAG][find_product_with_offers_recursive] Processing data (type: <class 'str'>): 8.js","6381","static/chunks/6381-2b873addadcb95f3.js","6310","static/chunks/6310-99207018fb617736.js... (json_parser_utils.py:94)
2025-09-25 20:53:02 [DEBUG] [DIAG][hydration_parser] Processing push block (first 500 chars): [1,"b873addadcb95f3.js\",\"6310\",\"static/chunks/6310-99207018fb617736.js\",\"5469\",\"static/chunks/5469-d5f85e2b5dbb2663.js\",\"6341\",\"static/chunks/6341-ca54939c2b36d77d.js\",\"6252\",\"static/chunks/6252-920c83842bca245b.js\",\"6574\",\"static/chunks/6574-85b13196e7d2f55e.js\",\"307\",\"static/chunks/307-cefa9bd2f7381bf5.js\",\"2665\",\"static/chunks/2665-2d172eda87a962e3.js\",\"684\",\"static/chunks/684-7de3c401504b82a2.js\",\"7269\",\"static/chunks/7269-a4bddb872ba784d5.js\",\"8327\",\" (hydration_parser.py:133)
2025-09-25 20:53:02 [DEBUG] [DIAG][hydration_parser] Normalizing block content (first 500): [1,"b873addadcb95f3.js\",\"6310\",\"static/chunks/6310-99207018fb617736.js\",\"5469\",\"static/chunks/5469-d5f85e2b5dbb2663.js\",\"6341\",\"static/chunks/6341-ca54939c2b36d77d.js\",\"6252\",\"static/chunks/6252-920c83842bca245b.js\",\"6574\",\"static/chunks/6574-85b13196e7d2f55e.js\",\"307\",\"static/chunks/307-cefa9bd2f7381bf5.js\",\"2665\",\"static/chunks/2665-2d172eda87a962e3.js\",\"684\",\"static/chunks/684-7de3c401504b82a2.js\",\"7269\",\"static/chunks/7269-a4bddb872ba784d5.js\",\"8327\",\" (hydration_parser.py:98)
2025-09-25 20:53:02 [DEBUG] [DIAG][hydration_parser] Cleaned payload (first 500): [1,"b873addadcb95f3.js\",\"6310\",\"static/chunks/6310-99207018fb617736.js\",\"5469\",\"static/chunks/5469-d5f85e2b5dbb2663.js\",\"6341\",\"static/chunks/6341-ca54939c2b36d77d.js\",\"6252\",\"static/chunks/6252-920c83842bca245b.js\",\"6574\",\"static/chunks/6574-85b13196e7d2f55e.js\",\"307\",\"static/chunks/307-cefa9bd2f7381bf5.js\",\"2665\",\"static/chunks/2665-2d172eda87a962e3.js\",\"684\",\"static/chunks/684-7de3c401504b82a2.js\",\"7269\",\"static/chunks/7269-a4bddb872ba784d5.js\",\"8327\",\" (hydration_parser.py:102)
2025-09-25 20:53:02 [DEBUG] [DIAG][hydration_parser] Successfully parsed push block. (hydration_parser.py:142)
2025-09-25 20:53:02 [DEBUG] [DIAG][find_product_with_offers_recursive] Processing data (type: <class 'list'>): [1, 'b873addadcb95f3.js","6310","static/chunks/6310-99207018fb617736.js","5469","static/chunks/5469-... (json_parser_utils.py:94)
2025-09-25 20:53:02 [DEBUG] [DIAG][find_product_with_offers_recursive] Iterating list of length 2 (json_parser_utils.py:105)
2025-09-25 20:53:02 [DEBUG] [DIAG][find_product_with_offers_recursive] Recursing into list item 0 (json_parser_utils.py:107)
2025-09-25 20:53:02 [DEBUG] [DIAG][find_product_with_offers_recursive] Processing data (type: <class 'int'>): 1... (json_parser_utils.py:94)
2025-09-25 20:53:02 [DEBUG] [DIAG][find_product_with_offers_recursive] Recursing into list item 1 (json_parser_utils.py:107)
2025-09-25 20:53:02 [DEBUG] [DIAG][find_product_with_offers_recursive] Processing data (type: <class 'str'>): b873addadcb95f3.js","6310","static/chunks/6310-99207018fb617736.js","5469","static/chunks/5469-d5f85... (json_parser_utils.py:94)
2025-09-25 20:53:02 [DEBUG] [DIAG][hydration_parser] Processing push block (first 500 chars): [1,"0:[[[\"$\",\"link\",\"0\",{\"rel\":\"stylesheet\",\"href\":\"/_next/static/css/e0d445a9cf4aff75.css\",\"precedence\":\"next\",\"crossOrigin\":\"$undefined\"}]],[\"$\",\"$L4\",null,{\"buildId\":\"vVT_ICiXqaGX8gcuY6VmE\",\"assetPrefix\":\"\",\"initialCanonicalUrl\":\"/product/motorola-moto-g75-5g-256gb-grey-with-buds\",\"initialTree\":[\"\",{\"children\":[\"product\",{\"children\":[[\"slug\",\"motorola-moto-g75-5g-256gb-grey-with-buds\",\"d\"],{\"category\":[\"__PAGE__\",{\"children\":[\"__PAG (hydration_parser.py:133)
2025-09-25 20:53:02 [DEBUG] [DIAG][hydration_parser] Normalizing block content (first 500): [1,"0:[[[\"$\",\"link\",\"0\",{\"rel\":\"stylesheet\",\"href\":\"/_next/static/css/e0d445a9cf4aff75.css\",\"precedence\":\"next\",\"crossOrigin\":\"$undefined\"}]],[\"$\",\"$L4\",null,{\"buildId\":\"vVT_ICiXqaGX8gcuY6VmE\",\"assetPrefix\":\"\",\"initialCanonicalUrl\":\"/product/motorola-moto-g75-5g-256gb-grey-with-buds\",\"initialTree\":[\"\",{\"children\":[\"product\",{\"children\":[[\"slug\",\"motorola-moto-g75-5g-256gb-grey-with-buds\",\"d\"],{\"category\":[\"__PAGE__\",{\"children\":[\"__PAG (hydration_parser.py:98)
2025-09-25 20:53:02 [DEBUG] [DIAG][hydration_parser] Cleaned payload (first 500): [1,"0:[[[\"$\",\"link\",\"0\",{\"rel\":\"stylesheet\",\"href\":\"/_next/static/css/e0d445a9cf4aff75.css\",\"precedence\":\"next\",\"crossOrigin\":\"$undefined\"}]],[\"$\",\"$L4\",null,{\"buildId\":\"vVT_ICiXqaGX8gcuY6VmE\",\"assetPrefix\":\"\",\"initialCanonicalUrl\":\"/product/motorola-moto-g75-5g-256gb-grey-with-buds\",\"initialTree\":[\"\",{\"children\":[\"product\",{\"children\":[[\"slug\",\"motorola-moto-g75-5g-256gb-grey-with-buds\",\"d\"],{\"category\":[\"__PAGE__\",{\"children\":[\"__PAG (hydration_parser.py:102)
2025-09-25 20:53:02 [ERROR] [DIAG][hydration_parser] Failed to parse with demjson3: String literal is not terminated (hydration_parser.py:109)
2025-09-25 20:53:02 [ERROR] [DIAG][hydration_parser] Problematic payload (first 1000): [1,"0:[[[\"$\",\"link\",\"0\",{\"rel\":\"stylesheet\",\"href\":\"/_next/static/css/e0d445a9cf4aff75.css\",\"precedence\":\"next\",\"crossOrigin\":\"$undefined\"}]],[\"$\",\"$L4\",null,{\"buildId\":\"vVT_ICiXqaGX8gcuY6VmE\",\"assetPrefix\":\"\",\"initialCanonicalUrl\":\"/product/motorola-moto-g75-5g-256gb-grey-with-buds\",\"initialTree\":[\"\",{\"children\":[\"product\",{\"children\":[[\"slug\",\"motorola-moto-g75-5g-256gb-grey-with-buds\",\"d\"],{\"category\":[\"__PAGE__\",{\"children\":[\"__PAGE__\",{}]}],\"info\":[\"__PAGE__\",{\"children\":[\"__PAGE__\",{}]}],\"offers\":[\"__PAGE__\",{\"children\":[\"__PAGE__\",{}]}],\"children\":[\"__DEFAULT__\",{}]}]}]},\"$undefined\",\"$undefined\",true],\"initialSeedData\":[\"\",{\"children\":[\"product\",{\"children\":[[\"slug\",\"motorola-moto-g75-5g-256gb-grey-with-buds\",\"d\"],{\"category\":[\"__PAGE__\",{\"children\":[\"__PAGE__\",{},[[\"$L5\",\"$L6\"],null],null]},[\"$\",\"$L7\",null,{\"parallelRouterKey\":\"children\",\"segmentPath\":[\" (hydration_parser.py:110)
2025-09-25 20:53:02 [DEBUG] [DIAG][hydration_parser] Processing push block (first 500 chars): [1,"12:E{\"digest\":\"NEXT_NOT_FOUND\"}\n"] (hydration_parser.py:133)
2025-09-25 20:53:02 [DEBUG] [DIAG][hydration_parser] Normalizing block content (first 500): [1,"12:E{\"digest\":\"NEXT_NOT_FOUND\"}\n"] (hydration_parser.py:98)
2025-09-25 20:53:02 [DEBUG] [DIAG][hydration_parser] Cleaned payload (first 500): [1,"12:E{\"digest\":\"NEXT_NOT_FOUND\"}\n"] (hydration_parser.py:102)
2025-09-25 20:53:02 [DEBUG] [DIAG][hydration_parser] Successfully parsed push block. (hydration_parser.py:142)
2025-09-25 20:53:02 [DEBUG] [DIAG][find_product_with_offers_recursive] Processing data (type: <class 'list'>): [1, '12:E{"digest":"NEXT_NOT_FOUND"}\n']... (json_parser_utils.py:94)
2025-09-25 20:53:02 [DEBUG] [DIAG][find_product_with_offers_recursive] Iterating list of length 2 (json_parser_utils.py:105)
2025-09-25 20:53:02 [DEBUG] [DIAG][find_product_with_offers_recursive] Recursing into list item 0 (json_parser_utils.py:107)
2025-09-25 20:53:02 [DEBUG] [DIAG][find_product_with_offers_recursive] Processing data (type: <class 'int'>): 1... (json_parser_utils.py:94)
2025-09-25 20:53:02 [DEBUG] [DIAG][find_product_with_offers_recursive] Recursing into list item 1 (json_parser_utils.py:107)
2025-09-25 20:53:02 [DEBUG] [DIAG][find_product_with_offers_recursive] Processing data (type: <class 'str'>): 12:E{"digest":"NEXT_NOT_FOUND"}
... (json_parser_utils.py:94)
2025-09-25 20:53:02 [DEBUG] [DIAG][hydration_parser] Processing push block (first 500 chars): [1,"22:I[5821,[\"3655\",\"static/chunks/3655-f78e4e363a5541d0.js\",\"6290\",\"static/chunks/6290-2a8ce89a0b5a3df8.js\",\"6381\",\"static/chunks/6381-2b873addadcb95f3.js\",\"6310\",\"static/chunks/6310-99207018fb617736.js\",\"5469\",\"static/chunks/5469-d5f85e2b5dbb2663.js\",\"6341\",\"static/chunks/6341-ca54939c2b36d77d.js\",\"6252\",\"static/chunks/6252-920c83842bca245b.js\",\"6574\",\"static/chunks/6574-85b13196e7d2f55e.js\",\"307\",\"static/chunks/307-cefa9bd2f7381bf5.js\",\"2665\",\"static/c (hydration_parser.py:133)
2025-09-25 20:53:02 [DEBUG] [DIAG][hydration_parser] Normalizing block content (first 500): [1,"22:I[5821,[\"3655\",\"static/chunks/3655-f78e4e363a5541d0.js\",\"6290\",\"static/chunks/6290-2a8ce89a0b5a3df8.js\",\"6381\",\"static/chunks/6381-2b873addadcb95f3.js\",\"6310\",\"static/chunks/6310-99207018fb617736.js\",\"5469\",\"static/chunks/5469-d5f85e2b5dbb2663.js\",\"6341\",\"static/chunks/6341-ca54939c2b36d77d.js\",\"6252\",\"static/chunks/6252-920c83842bca245b.js\",\"6574\",\"static/chunks/6574-85b13196e7d2f55e.js\",\"307\",\"static/chunks/307-cefa9bd2f7381bf5.js\",\"2665\",\"static/c (hydration_parser.py:98)
2025-09-25 20:53:02 [DEBUG] [DIAG][hydration_parser] Cleaned payload (first 500): [1,"22:I[5821,[\"3655\",\"static/chunks/3655-f78e4e363a5541d0.js\",\"6290\",\"static/chunks/6290-2a8ce89a0b5a3df8.js\",\"6381\",\"static/chunks/6381-2b873addadcb95f3.js\",\"6310\",\"static/chunks/6310-99207018fb617736.js\",\"5469\",\"static/chunks/5469-d5f85e2b5dbb2663.js\",\"6341\",\"static/chunks/6341-ca54939c2b36d77d.js\",\"6252\",\"static/chunks/6252-920c83842bca245b.js\",\"6574\",\"static/chunks/6574-85b13196e7d2f55e.js\",\"307\",\"static/chunks/307-cefa9bd2f7381bf5.js\",\"2665\",\"static/c (hydration_parser.py:102)
2025-09-25 20:53:02 [DEBUG] [DIAG][hydration_parser] Successfully parsed push block. (hydration_parser.py:142)
2025-09-25 20:53:02 [DEBUG] [DIAG][find_product_with_offers_recursive] Processing data (type: <class 'list'>): [1, '22:I[5821,["3655","static/chunks/3655-f78e4e363a5541d0.js","6290","static/chunks/6290-2a8ce89a0... (json_parser_utils.py:94)
2025-09-25 20:53:02 [DEBUG] [DIAG][find_product_with_offers_recursive] Iterating list of length 2 (json_parser_utils.py:105)
2025-09-25 20:53:02 [DEBUG] [DIAG][find_product_with_offers_recursive] Recursing into list item 0 (json_parser_utils.py:107)
2025-09-25 20:53:02 [DEBUG] [DIAG][find_product_with_offers_recursive] Processing data (type: <class 'int'>): 1... (json_parser_utils.py:94)
2025-09-25 20:53:02 [DEBUG] [DIAG][find_product_with_offers_recursive] Recursing into list item 1 (json_parser_utils.py:107)
2025-09-25 20:53:02 [DEBUG] [DIAG][find_product_with_offers_recursive] Processing data (type: <class 'str'>): 22:I[5821,["3655","static/chunks/3655-f78e4e363a5541d0.js","6290","static/chunks/6290-2a8ce89a0b5a3d... (json_parser_utils.py:94)
2025-09-25 20:53:02 [DEBUG] [DIAG][hydration_parser] Processing push block (first 500 chars): [1,"4-85b13196e7d2f55e.js\",\"307\",\"static/chunks/307-cefa9bd2f7381bf5.js\",\"2665\",\"static/chunks/2665-2d172eda87a962e3.js\",\"684\",\"static/chunks/684-7de3c401504b82a2.js\",\"7269\",\"static/chunks/7269-a4bddb872ba784d5.js\",\"8327\",\"static/chunks/8327-5596df2c7a80e7eb.js\",\"5135\",\"static/chunks/5135-e150b38f04bc4ae4.js\",\"5127\",\"static/chunks/5127-7de194f1c35db063.js\",\"5805\",\"static/chunks/5805-5009d17ba83b5e07.js\",\"3185\",\"static/chunks/app/layout-0606493c769120ee.js\"],\ (hydration_parser.py:133)
2025-09-25 20:53:02 [DEBUG] [DIAG][hydration_parser] Normalizing block content (first 500): [1,"4-85b13196e7d2f55e.js\",\"307\",\"static/chunks/307-cefa9bd2f7381bf5.js\",\"2665\",\"static/chunks/2665-2d172eda87a962e3.js\",\"684\",\"static/chunks/684-7de3c401504b82a2.js\",\"7269\",\"static/chunks/7269-a4bddb872ba784d5.js\",\"8327\",\"static/chunks/8327-5596df2c7a80e7eb.js\",\"5135\",\"static/chunks/5135-e150b38f04bc4ae4.js\",\"5127\",\"static/chunks/5127-7de194f1c35db063.js\",\"5805\",\"static/chunks/5805-5009d17ba83b5e07.js\",\"3185\",\"static/chunks/app/layout-0606493c769120ee.js\"],\ (hydration_parser.py:98)
2025-09-25 20:53:02 [DEBUG] [DIAG][hydration_parser] Cleaned payload (first 500): [1,"4-85b13196e7d2f55e.js\",\"307\",\"static/chunks/307-cefa9bd2f7381bf5.js\",\"2665\",\"static/chunks/2665-2d172eda87a962e3.js\",\"684\",\"static/chunks/684-7de3c401504b82a2.js\",\"7269\",\"static/chunks/7269-a4bddb872ba784d5.js\",\"8327\",\"static/chunks/8327-5596df2c7a80e7eb.js\",\"5135\",\"static/chunks/5135-e150b38f04bc4ae4.js\",\"5127\",\"static/chunks/5127-7de194f1c35db063.js\",\"5805\",\"static/chunks/5805-5009d17ba83b5e07.js\",\"3185\",\"static/chunks/app/layout-0606493c769120ee.js\"],\ (hydration_parser.py:102)
2025-09-25 20:53:02 [DEBUG] [DIAG][hydration_parser] Successfully parsed push block. (hydration_parser.py:142)
2025-09-25 20:53:02 [DEBUG] [DIAG][find_product_with_offers_recursive] Processing data (type: <class 'list'>): [1, '4-85b13196e7d2f55e.js","307","static/chunks/307-cefa9bd2f7381bf5.js","2665","static/chunks/2665... (json_parser_utils.py:94)
2025-09-25 20:53:02 [DEBUG] [DIAG][find_product_with_offers_recursive] Iterating list of length 2 (json_parser_utils.py:105)
2025-09-25 20:53:02 [DEBUG] [DIAG][find_product_with_offers_recursive] Recursing into list item 0 (json_parser_utils.py:107)
2025-09-25 20:53:02 [DEBUG] [DIAG][find_product_with_offers_recursive] Processing data (type: <class 'int'>): 1... (json_parser_utils.py:94)
2025-09-25 20:53:02 [DEBUG] [DIAG][find_product_with_offers_recursive] Recursing into list item 1 (json_parser_utils.py:107)
2025-09-25 20:53:02 [DEBUG] [DIAG][find_product_with_offers_recursive] Processing data (type: <class 'str'>): 4-85b13196e7d2f55e.js","307","static/chunks/307-cefa9bd2f7381bf5.js","2665","static/chunks/2665-2d17... (json_parser_utils.py:94)
2025-09-25 20:53:02 [DEBUG] [DIAG][hydration_parser] Processing push block (first 500 chars): [1,"atic/chunks/5805-5009d17ba83b5e07.js\",\"3185\",\"static/chunks/app/layout-0606493c769120ee.js\"],\"default\"]\n"] (hydration_parser.py:133)
2025-09-25 20:53:02 [DEBUG] [DIAG][hydration_parser] Normalizing block content (first 500): [1,"atic/chunks/5805-5009d17ba83b5e07.js\",\"3185\",\"static/chunks/app/layout-0606493c769120ee.js\"],\"default\"]\n"] (hydration_parser.py:98)
2025-09-25 20:53:02 [DEBUG] [DIAG][hydration_parser] Cleaned payload (first 500): [1,"atic/chunks/5805-5009d17ba83b5e07.js\",\"3185\",\"static/chunks/app/layout-0606493c769120ee.js\"],\"default\"]\n"] (hydration_parser.py:102)
2025-09-25 20:53:02 [DEBUG] [DIAG][hydration_parser] Successfully parsed push block. (hydration_parser.py:142)
2025-09-25 20:53:02 [DEBUG] [DIAG][find_product_with_offers_recursive] Processing data (type: <class 'list'>): [1, 'atic/chunks/5805-5009d17ba83b5e07.js","3185","static/chunks/app/layout-0606493c769120ee.js"],"d... (json_parser_utils.py:94)
2025-09-25 20:53:02 [DEBUG] [DIAG][find_product_with_offers_recursive] Iterating list of length 2 (json_parser_utils.py:105)
2025-09-25 20:53:02 [DEBUG] [DIAG][find_product_with_offers_recursive] Recursing into list item 0 (json_parser_utils.py:107)
2025-09-25 20:53:02 [DEBUG] [DIAG][find_product_with_offers_recursive] Processing data (type: <class 'int'>): 1... (json_parser_utils.py:94)
2025-09-25 20:53:02 [DEBUG] [DIAG][find_product_with_offers_recursive] Recursing into list item 1 (json_parser_utils.py:107)
2025-09-25 20:53:02 [DEBUG] [DIAG][find_product_with_offers_recursive] Processing data (type: <class 'str'>): atic/chunks/5805-5009d17ba83b5e07.js","3185","static/chunks/app/layout-0606493c769120ee.js"],"defaul... (json_parser_utils.py:94)
2025-09-25 20:53:02 [DEBUG] [DIAG][hydration_parser] Processing push block (first 500 chars): [1,"1a:[\"$\",\"$L22\",null,{\"sx\":{\"backdropFilter\":\"blur(6px (hydration_parser.py:133)
2025-09-25 20:53:02 [DEBUG] [DIAG][hydration_parser] Normalizing block content (first 500): [1,"1a:[\"$\",\"$L22\",null,{\"sx\":{\"backdropFilter\":\"blur(6px (hydration_parser.py:98)
2025-09-25 20:53:02 [DEBUG] [DIAG][hydration_parser] Cleaned payload (first 500): [1,"1a:[\"$\",\"$L22\",null,{\"sx\":{\"backdropFilter\":\"blur(6px (hydration_parser.py:102)
2025-09-25 20:53:02 [ERROR] [DIAG][hydration_parser] Failed to parse with demjson3: String literal is not terminated (hydration_parser.py:109)
2025-09-25 20:53:02 [ERROR] [DIAG][hydration_parser] Problematic payload (first 1000): [1,"1a:[\"$\",\"$L22\",null,{\"sx\":{\"backdropFilter\":\"blur(6px (hydration_parser.py:110)
2025-09-25 20:53:02 [DEBUG] [DIAG][hydration_parser] Processing push block (first 500 chars): [1,"27:I[6632,[\"3655\",\"static/chunks/3655-f78e4e363a5541d0.js\",\"6381\",\"static/chunks/6381-2b873addadcb95f3.js\",\"635\",\"static/chunks/635-de4a99a005c429a5.js\",\"5153\",\"static/chunks/app/product/%5Bslug%5D/@category/page-e562e2b22b747881.js\"],\"\"]\n28:I[36049,[\"3655\",\"static/chunks/3655-f78e4e363a5541d0.js\",\"6381\",\"static/chunks/6381-2b873addadcb95f3.js\",\"635\",\"static/chunks/635-de4a99a005c429a5.js\",\"5153\",\"static/chunks/app/product/%5Bslug%5D/@category/page-e562e2b22 (hydration_parser.py:133)
2025-09-25 20:53:02 [DEBUG] [DIAG][hydration_parser] Normalizing block content (first 500): [1,"27:I[6632,[\"3655\",\"static/chunks/3655-f78e4e363a5541d0.js\",\"6381\",\"static/chunks/6381-2b873addadcb95f3.js\",\"635\",\"static/chunks/635-de4a99a005c429a5.js\",\"5153\",\"static/chunks/app/product/%5Bslug%5D/@category/page-e562e2b22b747881.js\"],\"\"]\n28:I[36049,[\"3655\",\"static/chunks/3655-f78e4e363a5541d0.js\",\"6381\",\"static/chunks/6381-2b873addadcb95f3.js\",\"635\",\"static/chunks/635-de4a99a005c429a5.js\",\"5153\",\"static/chunks/app/product/%5Bslug%5D/@category/page-e562e2b22 (hydration_parser.py:98)
2025-09-25 20:53:02 [DEBUG] [DIAG][hydration_parser] Cleaned payload (first 500): [1,"27:I[6632,[\"3655\",\"static/chunks/3655-f78e4e363a5541d0.js\",\"6381\",\"static/chunks/6381-2b873addadcb95f3.js\",\"635\",\"static/chunks/635-de4a99a005c429a5.js\",\"5153\",\"static/chunks/app/product/%5Bslug%5D/@category/page-e562e2b22b747881.js\"],\"\"]\n28:I[36049,[\"3655\",\"static/chunks/3655-f78e4e363a5541d0.js\",\"6381\",\"static/chunks/6381-2b873addadcb95f3.js\",\"635\",\"static/chunks/635-de4a99a005c429a5.js\",\"5153\",\"static/chunks/app/product/%5Bslug%5D/@category/page-e562e2b22 (hydration_parser.py:102)
2025-09-25 20:53:02 [DEBUG] [DIAG][hydration_parser] Successfully parsed push block. (hydration_parser.py:142)
2025-09-25 20:53:02 [DEBUG] [DIAG][find_product_with_offers_recursive] Processing data (type: <class 'list'>): [1, '27:I[6632,["3655","static/chunks/3655-f78e4e363a5541d0.js","6381","static/chunks/6381-2b873adda... (json_parser_utils.py:94)
2025-09-25 20:53:02 [DEBUG] [DIAG][find_product_with_offers_recursive] Iterating list of length 2 (json_parser_utils.py:105)
2025-09-25 20:53:02 [DEBUG] [DIAG][find_product_with_offers_recursive] Recursing into list item 0 (json_parser_utils.py:107)
2025-09-25 20:53:02 [DEBUG] [DIAG][find_product_with_offers_recursive] Processing data (type: <class 'int'>): 1... (json_parser_utils.py:94)
2025-09-25 20:53:02 [DEBUG] [DIAG][find_product_with_offers_recursive] Recursing into list item 1 (json_parser_utils.py:107)
2025-09-25 20:53:02 [DEBUG] [DIAG][find_product_with_offers_recursive] Processing data (type: <class 'str'>): 27:I[6632,["3655","static/chunks/3655-f78e4e363a5541d0.js","6381","static/chunks/6381-2b873addadcb95... (json_parser_utils.py:94)
2025-09-25 20:53:02 [DEBUG] [DIAG][hydration_parser] Processing push block (first 500 chars): [1,"2a:[[\"$\",\"meta\",\"0\",{\"name\":\"viewport\",\"content\":\"width=device-width, initial-scale=1, maximum-scale=1\"}],[\"$\",\"meta\",\"1\",{\"charSet\":\"utf-8\"}],[\"$\",\"title\",\"2\",{\"children\":\"Motorola Moto G75 5G 256GB Grey with Buds - Price History, Comparison \u0026 Alerts | BuyWisely\"}],[\"$\",\"meta\",\"3\",{\"name\":\"description\",\"content\":\"Crafted from premium materials and featuring military-grade¹ durability, moto g75 5G is made for everyday life. Capture sharp ph (hydration_parser.py:133)
2025-09-25 20:53:02 [DEBUG] [DIAG][hydration_parser] Normalizing block content (first 500): [1,"2a:[[\"$\",\"meta\",\"0\",{\"name\":\"viewport\",\"content\":\"width=device-width, initial-scale=1, maximum-scale=1\"}],[\"$\",\"meta\",\"1\",{\"charSet\":\"utf-8\"}],[\"$\",\"title\",\"2\",{\"children\":\"Motorola Moto G75 5G 256GB Grey with Buds - Price History, Comparison \u0026 Alerts | BuyWisely\"}],[\"$\",\"meta\",\"3\",{\"name\":\"description\",\"content\":\"Crafted from premium materials and featuring military-grade¹ durability, moto g75 5G is made for everyday life. Capture sharp ph (hydration_parser.py:98)
2025-09-25 20:53:02 [DEBUG] [DIAG][hydration_parser] Cleaned payload (first 500): [1,"2a:[[\"$\",\"meta\",\"0\",{\"name\":\"viewport\",\"content\":\"width=device-width, initial-scale=1, maximum-scale=1\"}],[\"$\",\"meta\",\"1\",{\"charSet\":\"utf-8\"}],[\"$\",\"title\",\"2\",{\"children\":\"Motorola Moto G75 5G 256GB Grey with Buds - Price History, Comparison \u0026 Alerts | BuyWisely\"}],[\"$\",\"meta\",\"3\",{\"name\":\"description\",\"content\":\"Crafted from premium materials and featuring military-grade¹ durability, moto g75 5G is made for everyday life. Capture sharp ph (hydration_parser.py:102)
2025-09-25 20:53:02 [DEBUG] [DIAG][hydration_parser] Successfully parsed push block. (hydration_parser.py:142)
2025-09-25 20:53:02 [DEBUG] [DIAG][find_product_with_offers_recursive] Processing data (type: <class 'list'>): [1, '2a:[["$","meta","0",{"name":"viewport","content":"width=device-width, initial-scale=1, maximum-... (json_parser_utils.py:94)
2025-09-25 20:53:02 [DEBUG] [DIAG][find_product_with_offers_recursive] Iterating list of length 2 (json_parser_utils.py:105)
2025-09-25 20:53:02 [DEBUG] [DIAG][find_product_with_offers_recursive] Recursing into list item 0 (json_parser_utils.py:107)
2025-09-25 20:53:02 [DEBUG] [DIAG][find_product_with_offers_recursive] Processing data (type: <class 'int'>): 1... (json_parser_utils.py:94)
2025-09-25 20:53:02 [DEBUG] [DIAG][find_product_with_offers_recursive] Recursing into list item 1 (json_parser_utils.py:107)
2025-09-25 20:53:02 [DEBUG] [DIAG][find_product_with_offers_recursive] Processing data (type: <class 'str'>): 2a:[["$","meta","0",{"name":"viewport","content":"width=device-width, initial-scale=1, maximum-scale... (json_parser_utils.py:94)
2025-09-25 20:53:02 [DEBUG] [DIAG][hydration_parser] Processing push block (first 500 chars): [1,"1f:[\"$\",\"$29\",\"E2WMxbHH9TBvGKWUpMqhA\",{\"children\":\"$2a\"}]\n5:null\na:null\n"] (hydration_parser.py:133)
2025-09-25 20:53:02 [DEBUG] [DIAG][hydration_parser] Normalizing block content (first 500): [1,"1f:[\"$\",\"$29\",\"E2WMxbHH9TBvGKWUpMqhA\",{\"children\":\"$2a\"}]\n5:null\na:null\n"] (hydration_parser.py:98)
2025-09-25 20:53:02 [DEBUG] [DIAG][hydration_parser] Cleaned payload (first 500): [1,"1f:[\"$\",\"$29\",\"E2WMxbHH9TBvGKWUpMqhA\",{\"children\":\"$2a\"}]\n5:null\na:null\n"] (hydration_parser.py:102)
2025-09-25 20:53:02 [DEBUG] [DIAG][hydration_parser] Successfully parsed push block. (hydration_parser.py:142)
2025-09-25 20:53:02 [DEBUG] [DIAG][find_product_with_offers_recursive] Processing data (type: <class 'list'>): [1, '1f:["$","$29","E2WMxbHH9TBvGKWUpMqhA",{"children":"$2a"}]\n5:null\na:null\n']... (json_parser_utils.py:94)
2025-09-25 20:53:02 [DEBUG] [DIAG][find_product_with_offers_recursive] Iterating list of length 2 (json_parser_utils.py:105)
2025-09-25 20:53:02 [DEBUG] [DIAG][find_product_with_offers_recursive] Recursing into list item 0 (json_parser_utils.py:107)
2025-09-25 20:53:02 [DEBUG] [DIAG][find_product_with_offers_recursive] Processing data (type: <class 'int'>): 1... (json_parser_utils.py:94)
2025-09-25 20:53:02 [DEBUG] [DIAG][find_product_with_offers_recursive] Recursing into list item 1 (json_parser_utils.py:107)
2025-09-25 20:53:02 [DEBUG] [DIAG][find_product_with_offers_recursive] Processing data (type: <class 'str'>): 1f:["$","$29","E2WMxbHH9TBvGKWUpMqhA",{"children":"$2a"}]
5:null
a:null
... (json_parser_utils.py:94)
2025-09-25 20:53:02 [DEBUG] [DIAG][hydration_parser] Processing push block (first 500 chars): [1,"2b:I[70760,[\"3655\",\"static/chunks/3655-f78e4e363a5541d0.js\",\"6290\",\"static/chunks/6290-2a8ce89a0b5a3df8.js\",\"6381\",\"static/chunks/6381-2b873addadcb95f3.js\",\"6310\",\"static/chunks/6310-99207018fb617736.js\",\"5469\",\"static/chunks/5469-d5f85e2b5dbb2663.js\",\"6341\",\"static/chunks/6341-ca54939c2b36d77d.js\",\"6252\",\"static/chunks/6252-920c83842bca245b.js\",\"6574\",\"static/chunks/6574-85b13196e7d2f55e.js\",\"307\",\"static/chunks/307-cefa9bd2f7381bf5.js\",\"2665\",\"static/ (hydration_parser.py:133)
2025-09-25 20:53:02 [DEBUG] [DIAG][hydration_parser] Normalizing block content (first 500): [1,"2b:I[70760,[\"3655\",\"static/chunks/3655-f78e4e363a5541d0.js\",\"6290\",\"static/chunks/6290-2a8ce89a0b5a3df8.js\",\"6381\",\"static/chunks/6381-2b873addadcb95f3.js\",\"6310\",\"static/chunks/6310-99207018fb617736.js\",\"5469\",\"static/chunks/5469-d5f85e2b5dbb2663.js\",\"6341\",\"static/chunks/6341-ca54939c2b36d77d.js\",\"6252\",\"static/chunks/6252-920c83842bca245b.js\",\"6574\",\"static/chunks/6574-85b13196e7d2f55e.js\",\"307\",\"static/chunks/307-cefa9bd2f7381bf5.js\",\"2665\",\"static/ (hydration_parser.py:98)
2025-09-25 20:53:02 [DEBUG] [DIAG][hydration_parser] Cleaned payload (first 500): [1,"2b:I[70760,[\"3655\",\"static/chunks/3655-f78e4e363a5541d0.js\",\"6290\",\"static/chunks/6290-2a8ce89a0b5a3df8.js\",\"6381\",\"static/chunks/6381-2b873addadcb95f3.js\",\"6310\",\"static/chunks/6310-99207018fb617736.js\",\"5469\",\"static/chunks/5469-d5f85e2b5dbb2663.js\",\"6341\",\"static/chunks/6341-ca54939c2b36d77d.js\",\"6252\",\"static/chunks/6252-920c83842bca245b.js\",\"6574\",\"static/chunks/6574-85b13196e7d2f55e.js\",\"307\",\"static/chunks/307-cefa9bd2f7381bf5.js\",\"2665\",\"static/ (hydration_parser.py:102)
2025-09-25 20:53:02 [DEBUG] [DIAG][hydration_parser] Successfully parsed push block. (hydration_parser.py:142)
2025-09-25 20:53:02 [DEBUG] [DIAG][find_product_with_offers_recursive] Processing data (type: <class 'list'>): [1, '2b:I[70760,["3655","static/chunks/3655-f78e4e363a5541d0.js","6290","static/chunks/6290-2a8ce89a... (json_parser_utils.py:94)
2025-09-25 20:53:02 [DEBUG] [DIAG][find_product_with_offers_recursive] Iterating list of length 2 (json_parser_utils.py:105)
2025-09-25 20:53:02 [DEBUG] [DIAG][find_product_with_offers_recursive] Recursing into list item 0 (json_parser_utils.py:107)
2025-09-25 20:53:02 [DEBUG] [DIAG][find_product_with_offers_recursive] Processing data (type: <class 'int'>): 1... (json_parser_utils.py:94)
2025-09-25 20:53:02 [DEBUG] [DIAG][find_product_with_offers_recursive] Recursing into list item 1 (json_parser_utils.py:107)
2025-09-25 20:53:02 [DEBUG] [DIAG][find_product_with_offers_recursive] Processing data (type: <class 'str'>): 2b:I[70760,["3655","static/chunks/3655-f78e4e363a5541d0.js","6290","static/chunks/6290-2a8ce89a0b5a3... (json_parser_utils.py:94)
2025-09-25 20:53:02 [DEBUG] [DIAG][hydration_parser] Processing push block (first 500 chars): [1,"/8393-4175fa3c3129adeb.js\",\"1682\",\"static/chunks/1682-b2e703b472c280ea.js\",\"9999\",\"static/chunks/9999-f564e2e7fc5b6c44.js\",\"4824\",\"static/chunks/4824-507f78e55d96f9dc.js\",\"1203\",\"static/chunks/app/product/%5Bslug%5D/@info/page-4236f2b80fc1d44c.js\"],\"\"]\n2e:I[66079,[\"3655\",\"static/chunks/3655-f78e4e363a5541d0.js\",\"6290\",\"static/chunks/6290-2a8ce89a0b5a3df8.js\",\"6381\",\"static/chunks/6381-2b873addadcb95f3.js\",\"6310\",\"static/chunks/6310-99207018fb617736.js\",\"5 (hydration_parser.py:133)
2025-09-25 20:53:02 [DEBUG] [DIAG][hydration_parser] Normalizing block content (first 500): [1,"/8393-4175fa3c3129adeb.js\",\"1682\",\"static/chunks/1682-b2e703b472c280ea.js\",\"9999\",\"static/chunks/9999-f564e2e7fc5b6c44.js\",\"4824\",\"static/chunks/4824-507f78e55d96f9dc.js\",\"1203\",\"static/chunks/app/product/%5Bslug%5D/@info/page-4236f2b80fc1d44c.js\"],\"\"]\n2e:I[66079,[\"3655\",\"static/chunks/3655-f78e4e363a5541d0.js\",\"6290\",\"static/chunks/6290-2a8ce89a0b5a3df8.js\",\"6381\",\"static/chunks/6381-2b873addadcb95f3.js\",\"6310\",\"static/chunks/6310-99207018fb617736.js\",\"5 (hydration_parser.py:98)
2025-09-25 20:53:02 [DEBUG] [DIAG][hydration_parser] Cleaned payload (first 500): [1,"/8393-4175fa3c3129adeb.js\",\"1682\",\"static/chunks/1682-b2e703b472c280ea.js\",\"9999\",\"static/chunks/9999-f564e2e7fc5b6c44.js\",\"4824\",\"static/chunks/4824-507f78e55d96f9dc.js\",\"1203\",\"static/chunks/app/product/%5Bslug%5D/@info/page-4236f2b80fc1d44c.js\"],\"\"]\n2e:I[66079,[\"3655\",\"static/chunks/3655-f78e4e363a5541d0.js\",\"6290\",\"static/chunks/6290-2a8ce89a0b5a3df8.js\",\"6381\",\"static/chunks/6381-2b873addadcb95f3.js\",\"6310\",\"static/chunks/6310-99207018fb617736.js\",\"5 (hydration_parser.py:102)
2025-09-25 20:53:02 [DEBUG] [DIAG][hydration_parser] Successfully parsed push block. (hydration_parser.py:142)
2025-09-25 20:53:02 [DEBUG] [DIAG][find_product_with_offers_recursive] Processing data (type: <class 'list'>): [1, '/8393-4175fa3c3129adeb.js","1682","static/chunks/1682-b2e703b472c280ea.js","9999","static/chunk... (json_parser_utils.py:94)
2025-09-25 20:53:02 [DEBUG] [DIAG][find_product_with_offers_recursive] Iterating list of length 2 (json_parser_utils.py:105)
2025-09-25 20:53:02 [DEBUG] [DIAG][find_product_with_offers_recursive] Recursing into list item 0 (json_parser_utils.py:107)
2025-09-25 20:53:02 [DEBUG] [DIAG][find_product_with_offers_recursive] Processing data (type: <class 'int'>): 1... (json_parser_utils.py:94)
2025-09-25 20:53:02 [DEBUG] [DIAG][find_product_with_offers_recursive] Recursing into list item 1 (json_parser_utils.py:107)
2025-09-25 20:53:02 [DEBUG] [DIAG][find_product_with_offers_recursive] Processing data (type: <class 'str'>): /8393-4175fa3c3129adeb.js","1682","static/chunks/1682-b2e703b472c280ea.js","9999","static/chunks/999... (json_parser_utils.py:94)
2025-09-25 20:53:02 [DEBUG] [DIAG][hydration_parser] Processing push block (first 500 chars): [1,"c/chunks/6341-ca54939c2b36d77d.js\",\"6252\",\"static/chunks/6252-920c83842bca245b.js\",\"6574\",\"static/chunks/6574-85b13196e7d2f55e.js\",\"307\",\"static/chunks/307-cefa9bd2f7381bf5.js\",\"2665\",\"static/chunks/2665-2d172eda87a962e3.js\",\"8393\",\"static/chunks/8393-4175fa3c3129adeb.js\",\"1682\",\"static/chunks/1682-b2e703b472c280ea.js\",\"9999\",\"static/chunks/9999-f564e2e7fc5b6c44.js\",\"4824\",\"static/chunks/4824-507f78e55d96f9dc.js\",\"1203\",\"static/chunks/app/product/%5Bslug%5 (hydration_parser.py:133)
2025-09-25 20:53:02 [DEBUG] [DIAG][hydration_parser] Normalizing block content (first 500): [1,"c/chunks/6341-ca54939c2b36d77d.js\",\"6252\",\"static/chunks/6252-920c83842bca245b.js\",\"6574\",\"static/chunks/6574-85b13196e7d2f55e.js\",\"307\",\"static/chunks/307-cefa9bd2f7381bf5.js\",\"2665\",\"static/chunks/2665-2d172eda87a962e3.js\",\"8393\",\"static/chunks/8393-4175fa3c3129adeb.js\",\"1682\",\"static/chunks/1682-b2e703b472c280ea.js\",\"9999\",\"static/chunks/9999-f564e2e7fc5b6c44.js\",\"4824\",\"static/chunks/4824-507f78e55d96f9dc.js\",\"1203\",\"static/chunks/app/product/%5Bslug%5 (hydration_parser.py:98)
2025-09-25 20:53:02 [DEBUG] [DIAG][hydration_parser] Cleaned payload (first 500): [1,"c/chunks/6341-ca54939c2b36d77d.js\",\"6252\",\"static/chunks/6252-920c83842bca245b.js\",\"6574\",\"static/chunks/6574-85b13196e7d2f55e.js\",\"307\",\"static/chunks/307-cefa9bd2f7381bf5.js\",\"2665\",\"static/chunks/2665-2d172eda87a962e3.js\",\"8393\",\"static/chunks/8393-4175fa3c3129adeb.js\",\"1682\",\"static/chunks/1682-b2e703b472c280ea.js\",\"9999\",\"static/chunks/9999-f564e2e7fc5b6c44.js\",\"4824\",\"static/chunks/4824-507f78e55d96f9dc.js\",\"1203\",\"static/chunks/app/product/%5Bslug%5 (hydration_parser.py:102)
2025-09-25 20:53:02 [DEBUG] [DIAG][hydration_parser] Successfully parsed push block. (hydration_parser.py:142)
2025-09-25 20:53:02 [DEBUG] [DIAG][find_product_with_offers_recursive] Processing data (type: <class 'list'>): [1, 'c/chunks/6341-ca54939c2b36d77d.js","6252","static/chunks/6252-920c83842bca245b.js","6574","stat... (json_parser_utils.py:94)
2025-09-25 20:53:02 [DEBUG] [DIAG][find_product_with_offers_recursive] Iterating list of length 2 (json_parser_utils.py:105)
2025-09-25 20:53:02 [DEBUG] [DIAG][find_product_with_offers_recursive] Recursing into list item 0 (json_parser_utils.py:107)
2025-09-25 20:53:02 [DEBUG] [DIAG][find_product_with_offers_recursive] Processing data (type: <class 'int'>): 1... (json_parser_utils.py:94)
2025-09-25 20:53:02 [DEBUG] [DIAG][find_product_with_offers_recursive] Recursing into list item 1 (json_parser_utils.py:107)
2025-09-25 20:53:02 [DEBUG] [DIAG][find_product_with_offers_recursive] Processing data (type: <class 'str'>): c/chunks/6341-ca54939c2b36d77d.js","6252","static/chunks/6252-920c83842bca245b.js","6574","static/ch... (json_parser_utils.py:94)
2025-09-25 20:53:02 [DEBUG] [DIAG][hydration_parser] Processing push block (first 500 chars): [1,"]\n51:I[61165,[\"3655\",\"static/chunks/3655-f78e4e363a5541d0.js\",\"6290\",\"static/chunks/6290-2a8ce89a0b5a3df8.js\",\"6381\",\"static/chunks/6381-2b873addadcb95f3.js\",\"6310\",\"static/chunks/6310-99207018fb617736.js\",\"5469\",\"static/chunks/5469-d5f85e2b5dbb2663.js\",\"6341\",\"static/chunks/6341-ca54939c2b36d77d.js\",\"6252\",\"static/chunks/6252-920c83842bca245b.js\",\"6574\",\"static/chunks/6574-85b13196e7d2f55e.js\",\"307\",\"static/chunks/307-cefa9bd2f7381bf5.js\",\"2665\",\"stat (hydration_parser.py:133)
2025-09-25 20:53:02 [DEBUG] [DIAG][hydration_parser] Normalizing block content (first 500): [1,"]\n51:I[61165,[\"3655\",\"static/chunks/3655-f78e4e363a5541d0.js\",\"6290\",\"static/chunks/6290-2a8ce89a0b5a3df8.js\",\"6381\",\"static/chunks/6381-2b873addadcb95f3.js\",\"6310\",\"static/chunks/6310-99207018fb617736.js\",\"5469\",\"static/chunks/5469-d5f85e2b5dbb2663.js\",\"6341\",\"static/chunks/6341-ca54939c2b36d77d.js\",\"6252\",\"static/chunks/6252-920c83842bca245b.js\",\"6574\",\"static/chunks/6574-85b13196e7d2f55e.js\",\"307\",\"static/chunks/307-cefa9bd2f7381bf5.js\",\"2665\",\"stat (hydration_parser.py:98)
2025-09-25 20:53:02 [DEBUG] [DIAG][hydration_parser] Cleaned payload (first 500): [1,"]\n51:I[61165,[\"3655\",\"static/chunks/3655-f78e4e363a5541d0.js\",\"6290\",\"static/chunks/6290-2a8ce89a0b5a3df8.js\",\"6381\",\"static/chunks/6381-2b873addadcb95f3.js\",\"6310\",\"static/chunks/6310-99207018fb617736.js\",\"5469\",\"static/chunks/5469-d5f85e2b5dbb2663.js\",\"6341\",\"static/chunks/6341-ca54939c2b36d77d.js\",\"6252\",\"static/chunks/6252-920c83842bca245b.js\",\"6574\",\"static/chunks/6574-85b13196e7d2f55e.js\",\"307\",\"static/chunks/307-cefa9bd2f7381bf5.js\",\"2665\",\"stat (hydration_parser.py:102)
2025-09-25 20:53:02 [DEBUG] [DIAG][hydration_parser] Successfully parsed push block. (hydration_parser.py:142)
2025-09-25 20:53:02 [DEBUG] [DIAG][find_product_with_offers_recursive] Processing data (type: <class 'list'>): [1, ']\n51:I[61165,["3655","static/chunks/3655-f78e4e363a5541d0.js","6290","static/chunks/6290-2a8ce... (json_parser_utils.py:94)
2025-09-25 20:53:02 [DEBUG] [DIAG][find_product_with_offers_recursive] Iterating list of length 2 (json_parser_utils.py:105)
2025-09-25 20:53:02 [DEBUG] [DIAG][find_product_with_offers_recursive] Recursing into list item 0 (json_parser_utils.py:107)
2025-09-25 20:53:02 [DEBUG] [DIAG][find_product_with_offers_recursive] Processing data (type: <class 'int'>): 1... (json_parser_utils.py:94)
2025-09-25 20:53:02 [DEBUG] [DIAG][find_product_with_offers_recursive] Recursing into list item 1 (json_parser_utils.py:107)
2025-09-25 20:53:02 [DEBUG] [DIAG][find_product_with_offers_recursive] Processing data (type: <class 'str'>): ]
51:I[61165,["3655","static/chunks/3655-f78e4e363a5541d0.js","6290","static/chunks/6290-2a8ce89a0b5... (json_parser_utils.py:94)
2025-09-25 20:53:02 [DEBUG] [DIAG][hydration_parser] Processing push block (first 500 chars): [1,"-4175fa3c3129adeb.js\",\"1682\",\"static/chunks/1682-b2e703b472c280ea.js\",\"9999\",\"static/chunks/9999-f564e2e7fc5b6c44.js\",\"4824\",\"static/chunks/4824-507f78e55d96f9dc.js\",\"1203\",\"static/chunks/app/product/%5Bslug%5D/@info/page-4236f2b80fc1d44c.js\"],\"\"]\n54:I[77509,[\"3655\",\"static/chunks/3655-f78e4e363a5541d0.js\",\"6290\",\"static/chunks/6290-2a8ce89a0b5a3df8.js\",\"6381\",\"static/chunks/6381-2b873addadcb95f3.js\",\"6310\",\"static/chunks/6310-99207018fb617736.js\",\"5469\" (hydration_parser.py:133)
2025-09-25 20:53:02 [DEBUG] [DIAG][hydration_parser] Normalizing block content (first 500): [1,"-4175fa3c3129adeb.js\",\"1682\",\"static/chunks/1682-b2e703b472c280ea.js\",\"9999\",\"static/chunks/9999-f564e2e7fc5b6c44.js\",\"4824\",\"static/chunks/4824-507f78e55d96f9dc.js\",\"1203\",\"static/chunks/app/product/%5Bslug%5D/@info/page-4236f2b80fc1d44c.js\"],\"\"]\n54:I[77509,[\"3655\",\"static/chunks/3655-f78e4e363a5541d0.js\",\"6290\",\"static/chunks/6290-2a8ce89a0b5a3df8.js\",\"6381\",\"static/chunks/6381-2b873addadcb95f3.js\",\"6310\",\"static/chunks/6310-99207018fb617736.js\",\"5469\" (hydration_parser.py:98)
2025-09-25 20:53:02 [DEBUG] [DIAG][hydration_parser] Cleaned payload (first 500): [1,"-4175fa3c3129adeb.js\",\"1682\",\"static/chunks/1682-b2e703b472c280ea.js\",\"9999\",\"static/chunks/9999-f564e2e7fc5b6c44.js\",\"4824\",\"static/chunks/4824-507f78e55d96f9dc.js\",\"1203\",\"static/chunks/app/product/%5Bslug%5D/@info/page-4236f2b80fc1d44c.js\"],\"\"]\n54:I[77509,[\"3655\",\"static/chunks/3655-f78e4e363a5541d0.js\",\"6290\",\"static/chunks/6290-2a8ce89a0b5a3df8.js\",\"6381\",\"static/chunks/6381-2b873addadcb95f3.js\",\"6310\",\"static/chunks/6310-99207018fb617736.js\",\"5469\" (hydration_parser.py:102)
2025-09-25 20:53:02 [DEBUG] [DIAG][hydration_parser] Successfully parsed push block. (hydration_parser.py:142)
2025-09-25 20:53:02 [DEBUG] [DIAG][find_product_with_offers_recursive] Processing data (type: <class 'list'>): [1, '-4175fa3c3129adeb.js","1682","static/chunks/1682-b2e703b472c280ea.js","9999","static/chunks/999... (json_parser_utils.py:94)
2025-09-25 20:53:02 [DEBUG] [DIAG][find_product_with_offers_recursive] Iterating list of length 2 (json_parser_utils.py:105)
2025-09-25 20:53:02 [DEBUG] [DIAG][find_product_with_offers_recursive] Recursing into list item 0 (json_parser_utils.py:107)
2025-09-25 20:53:02 [DEBUG] [DIAG][find_product_with_offers_recursive] Processing data (type: <class 'int'>): 1... (json_parser_utils.py:94)
2025-09-25 20:53:02 [DEBUG] [DIAG][find_product_with_offers_recursive] Recursing into list item 1 (json_parser_utils.py:107)
2025-09-25 20:53:02 [DEBUG] [DIAG][find_product_with_offers_recursive] Processing data (type: <class 'str'>): -4175fa3c3129adeb.js","1682","static/chunks/1682-b2e703b472c280ea.js","9999","static/chunks/9999-f56... (json_parser_utils.py:94)
2025-09-25 20:53:02 [DEBUG] [DIAG][hydration_parser] Processing push block (first 500 chars): [1,"tic/chunks/6341-ca54939c2b36d77d.js\",\"6252\",\"static/chunks/6252-920c83842bca245b.js\",\"6574\",\"static/chunks/6574-85b13196e7d2f55e.js\",\"307\",\"static/chunks/307-cefa9bd2f7381bf5.js\",\"2665\",\"static/chunks/2665-2d172eda87a962e3.js\",\"8393\",\"static/chunks/8393-4175fa3c3129adeb.js\",\"1682\",\"static/chunks/1682-b2e703b472c280ea.js\",\"9999\",\"static/chunks/9999-f564e2e7fc5b6c44.js\",\"4824\",\"static/chunks/4824-507f78e55d96f9dc.js\",\"1203\",\"static/chunks/app/product/%5Bslug (hydration_parser.py:133)
2025-09-25 20:53:02 [DEBUG] [DIAG][hydration_parser] Normalizing block content (first 500): [1,"tic/chunks/6341-ca54939c2b36d77d.js\",\"6252\",\"static/chunks/6252-920c83842bca245b.js\",\"6574\",\"static/chunks/6574-85b13196e7d2f55e.js\",\"307\",\"static/chunks/307-cefa9bd2f7381bf5.js\",\"2665\",\"static/chunks/2665-2d172eda87a962e3.js\",\"8393\",\"static/chunks/8393-4175fa3c3129adeb.js\",\"1682\",\"static/chunks/1682-b2e703b472c280ea.js\",\"9999\",\"static/chunks/9999-f564e2e7fc5b6c44.js\",\"4824\",\"static/chunks/4824-507f78e55d96f9dc.js\",\"1203\",\"static/chunks/app/product/%5Bslug (hydration_parser.py:98)
2025-09-25 20:53:02 [DEBUG] [DIAG][hydration_parser] Cleaned payload (first 500): [1,"tic/chunks/6341-ca54939c2b36d77d.js\",\"6252\",\"static/chunks/6252-920c83842bca245b.js\",\"6574\",\"static/chunks/6574-85b13196e7d2f55e.js\",\"307\",\"static/chunks/307-cefa9bd2f7381bf5.js\",\"2665\",\"static/chunks/2665-2d172eda87a962e3.js\",\"8393\",\"static/chunks/8393-4175fa3c3129adeb.js\",\"1682\",\"static/chunks/1682-b2e703b472c280ea.js\",\"9999\",\"static/chunks/9999-f564e2e7fc5b6c44.js\",\"4824\",\"static/chunks/4824-507f78e55d96f9dc.js\",\"1203\",\"static/chunks/app/product/%5Bslug (hydration_parser.py:102)
2025-09-25 20:53:02 [DEBUG] [DIAG][hydration_parser] Successfully parsed push block. (hydration_parser.py:142)
2025-09-25 20:53:02 [DEBUG] [DIAG][find_product_with_offers_recursive] Processing data (type: <class 'list'>): [1, 'tic/chunks/6341-ca54939c2b36d77d.js","6252","static/chunks/6252-920c83842bca245b.js","6574","st... (json_parser_utils.py:94)
2025-09-25 20:53:02 [DEBUG] [DIAG][find_product_with_offers_recursive] Iterating list of length 2 (json_parser_utils.py:105)
2025-09-25 20:53:02 [DEBUG] [DIAG][find_product_with_offers_recursive] Recursing into list item 0 (json_parser_utils.py:107)
2025-09-25 20:53:02 [DEBUG] [DIAG][find_product_with_offers_recursive] Processing data (type: <class 'int'>): 1... (json_parser_utils.py:94)
2025-09-25 20:53:02 [DEBUG] [DIAG][find_product_with_offers_recursive] Recursing into list item 1 (json_parser_utils.py:107)
2025-09-25 20:53:02 [DEBUG] [DIAG][find_product_with_offers_recursive] Processing data (type: <class 'str'>): tic/chunks/6341-ca54939c2b36d77d.js","6252","static/chunks/6252-920c83842bca245b.js","6574","static/... (json_parser_utils.py:94)
2025-09-25 20:53:02 [DEBUG] [DIAG][hydration_parser] Processing push block (first 500 chars): [1,"6:{\"gid\":\"15797211988331096831\",\"image\":\"https://encrypted-tbn0.gstatic.com/shopping?q=tbn:ANd9GcSMKJEcJ5xuZEACgvb5b-OsiulwL1b5Ivy7wbsYiJ3A2vpwsAhIjV_QMfs2iyap5nDsHiEzTcaeGYaz_I5WBRrUjD5abtI2D4WPYd1uowVZArHKnsIo95M\u0026usqp=CAY\"}\n37:{\"gid\":\"7830005719273689496\",\"image\":\"https://encrypted-tbn2.gstatic.com/shopping?q=tbn:ANd9GcRj65GJdYa0MGuv8L9RWAAJVks98kaBva-KPH34o7Nn8_xgtjFvHpEsyG-G9u_PAZwKCzR1UnPFs6JC5duNRu9kW-AZSxHpJQaql2ly1iZ6Cl09iaqRzqc\u0026usqp=CAY\"}\n38:{\"gid\":\"10 (hydration_parser.py:133)
2025-09-25 20:53:02 [DEBUG] [DIAG][hydration_parser] Normalizing block content (first 500): [1,"6:{\"gid\":\"15797211988331096831\",\"image\":\"https://encrypted-tbn0.gstatic.com/shopping?q=tbn:ANd9GcSMKJEcJ5xuZEACgvb5b-OsiulwL1b5Ivy7wbsYiJ3A2vpwsAhIjV_QMfs2iyap5nDsHiEzTcaeGYaz_I5WBRrUjD5abtI2D4WPYd1uowVZArHKnsIo95M\u0026usqp=CAY\"}\n37:{\"gid\":\"7830005719273689496\",\"image\":\"https://encrypted-tbn2.gstatic.com/shopping?q=tbn:ANd9GcRj65GJdYa0MGuv8L9RWAAJVks98kaBva-KPH34o7Nn8_xgtjFvHpEsyG-G9u_PAZwKCzR1UnPFs6JC5duNRu9kW-AZSxHpJQaql2ly1iZ6Cl09iaqRzqc\u0026usqp=CAY\"}\n38:{\"gid\":\"10 (hydration_parser.py:98)
2025-09-25 20:53:02 [DEBUG] [DIAG][hydration_parser] Cleaned payload (first 500): [1,"6:{\"gid\":\"15797211988331096831\",\"image\":\"https://encrypted-tbn0.gstatic.com/shopping?q=tbn:ANd9GcSMKJEcJ5xuZEACgvb5b-OsiulwL1b5Ivy7wbsYiJ3A2vpwsAhIjV_QMfs2iyap5nDsHiEzTcaeGYaz_I5WBRrUjD5abtI2D4WPYd1uowVZArHKnsIo95M\u0026usqp=CAY\"}\n37:{\"gid\":\"7830005719273689496\",\"image\":\"https://encrypted-tbn2.gstatic.com/shopping?q=tbn:ANd9GcRj65GJdYa0MGuv8L9RWAAJVks98kaBva-KPH34o7Nn8_xgtjFvHpEsyG-G9u_PAZwKCzR1UnPFs6JC5duNRu9kW-AZSxHpJQaql2ly1iZ6Cl09iaqRzqc\u0026usqp=CAY\"}\n38:{\"gid\":\"10 (hydration_parser.py:102)
2025-09-25 20:53:02 [DEBUG] [DIAG][hydration_parser] Successfully parsed push block. (hydration_parser.py:142)
2025-09-25 20:53:02 [DEBUG] [DIAG][find_product_with_offers_recursive] Processing data (type: <class 'list'>): [1, '6:{"gid":"15797211988331096831","image":"https://encrypted-tbn0.gstatic.com/shopping?q=tbn:ANd9... (json_parser_utils.py:94)
2025-09-25 20:53:02 [DEBUG] [DIAG][find_product_with_offers_recursive] Iterating list of length 2 (json_parser_utils.py:105)
2025-09-25 20:53:02 [DEBUG] [DIAG][find_product_with_offers_recursive] Recursing into list item 0 (json_parser_utils.py:107)
2025-09-25 20:53:02 [DEBUG] [DIAG][find_product_with_offers_recursive] Processing data (type: <class 'int'>): 1... (json_parser_utils.py:94)
2025-09-25 20:53:02 [DEBUG] [DIAG][find_product_with_offers_recursive] Recursing into list item 1 (json_parser_utils.py:107)
2025-09-25 20:53:02 [DEBUG] [DIAG][find_product_with_offers_recursive] Processing data (type: <class 'str'>): 6:{"gid":"15797211988331096831","image":"https://encrypted-tbn0.gstatic.com/shopping?q=tbn:ANd9GcSMK... (json_parser_utils.py:94)
2025-09-25 20:53:02 [DEBUG] [DIAG][hydration_parser] Processing push block (first 500 chars): [1,"d9GcT56PnF6Ir30ACBooV4QML9XqGxPMeS0UD-J-IOmt4RfpWkpWyt9SsenHDo-DCqfhurJ2kXsVOBsMMEV9L72XZYRPTuRv6C\u0026usqp=CAY\",\"https://encrypted-tbn2.gstatic.com/shopping?q=tbn:ANd9GcRG-GwVx5yd5FeS1o4JqlvUNwo3MPbl6Vc91YmWDI7TxsS8K17-ngY2Swkyvx_kAQg74KZJLwhOXKfvPq_3PHKWlmwNPzLPfg\u0026usqp=CAY\",\"https://encrypted-tbn0.gstatic.com/shopping?q=tbn:ANd9GcTcKKMgCXlJBxNH38rkCOoEjV0HdTnoWIilR_2EhskIJR6-4tF8CNhNhqIGSunQGyXQXvQG3Cy2lWEVq7bg-_x8LP0YeD6ZVQ\u0026usqp=CAY\",\"https://encrypted-tbn2.gstatic.com/sh (hydration_parser.py:133)
2025-09-25 20:53:02 [DEBUG] [DIAG][hydration_parser] Normalizing block content (first 500): [1,"d9GcT56PnF6Ir30ACBooV4QML9XqGxPMeS0UD-J-IOmt4RfpWkpWyt9SsenHDo-DCqfhurJ2kXsVOBsMMEV9L72XZYRPTuRv6C\u0026usqp=CAY\",\"https://encrypted-tbn2.gstatic.com/shopping?q=tbn:ANd9GcRG-GwVx5yd5FeS1o4JqlvUNwo3MPbl6Vc91YmWDI7TxsS8K17-ngY2Swkyvx_kAQg74KZJLwhOXKfvPq_3PHKWlmwNPzLPfg\u0026usqp=CAY\",\"https://encrypted-tbn0.gstatic.com/shopping?q=tbn:ANd9GcTcKKMgCXlJBxNH38rkCOoEjV0HdTnoWIilR_2EhskIJR6-4tF8CNhNhqIGSunQGyXQXvQG3Cy2lWEVq7bg-_x8LP0YeD6ZVQ\u0026usqp=CAY\",\"https://encrypted-tbn2.gstatic.com/sh (hydration_parser.py:98)
2025-09-25 20:53:02 [DEBUG] [DIAG][hydration_parser] Cleaned payload (first 500): [1,"d9GcT56PnF6Ir30ACBooV4QML9XqGxPMeS0UD-J-IOmt4RfpWkpWyt9SsenHDo-DCqfhurJ2kXsVOBsMMEV9L72XZYRPTuRv6C\u0026usqp=CAY\",\"https://encrypted-tbn2.gstatic.com/shopping?q=tbn:ANd9GcRG-GwVx5yd5FeS1o4JqlvUNwo3MPbl6Vc91YmWDI7TxsS8K17-ngY2Swkyvx_kAQg74KZJLwhOXKfvPq_3PHKWlmwNPzLPfg\u0026usqp=CAY\",\"https://encrypted-tbn0.gstatic.com/shopping?q=tbn:ANd9GcTcKKMgCXlJBxNH38rkCOoEjV0HdTnoWIilR_2EhskIJR6-4tF8CNhNhqIGSunQGyXQXvQG3Cy2lWEVq7bg-_x8LP0YeD6ZVQ\u0026usqp=CAY\",\"https://encrypted-tbn2.gstatic.com/sh (hydration_parser.py:102)
2025-09-25 20:53:02 [ERROR] [DIAG][hydration_parser] Failed to parse with demjson3: String literal is not terminated (hydration_parser.py:109)
2025-09-25 20:53:02 [ERROR] [DIAG][hydration_parser] Problematic payload (first 1000): [1,"d9GcT56PnF6Ir30ACBooV4QML9XqGxPMeS0UD-J-IOmt4RfpWkpWyt9SsenHDo-DCqfhurJ2kXsVOBsMMEV9L72XZYRPTuRv6C\u0026usqp=CAY\",\"https://encrypted-tbn2.gstatic.com/shopping?q=tbn:ANd9GcRG-GwVx5yd5FeS1o4JqlvUNwo3MPbl6Vc91YmWDI7TxsS8K17-ngY2Swkyvx_kAQg74KZJLwhOXKfvPq_3PHKWlmwNPzLPfg\u0026usqp=CAY\",\"https://encrypted-tbn0.gstatic.com/shopping?q=tbn:ANd9GcTcKKMgCXlJBxNH38rkCOoEjV0HdTnoWIilR_2EhskIJR6-4tF8CNhNhqIGSunQGyXQXvQG3Cy2lWEVq7bg-_x8LP0YeD6ZVQ\u0026usqp=CAY\",\"https://encrypted-tbn2.gstatic.com/shopping?q=tbn:ANd9GcSrenO1gNc233DGNWBIH4nRqrJPMwjW9ZIOfZ-NwBq8vYwNzpba6jAeRAkG5OVrB7tCPhPT_E-ODrd0HhJgHD33EjgK7MZTNA\u0026usqp=CAY\"]\n3b:{\"name\":\"Network\",\"value\":\"5G\"}\n3c:{\"name\":\"Sim Card Type\",\"value\":\"eSIM / Nano\"}\n3d:{\"name\":\"Operating System\",\"value\":\"Android 14\"}\n3e:{\"name\":\"Display\",\"value\":\"6.8 inches Full HD+\"}\n3f:{\"name\":\"Video Recording\",\"value\":\"4K\"}\n40:{\"name\":\"Phone Family\",\"value\":\"Moto g75\"}\n41:{\"name\":\"Expandable Storage\ (hydration_parser.py:110)
2025-09-25 20:53:02 [DEBUG] [DIAG][hydration_parser] Processing push block (first 500 chars): [1,"\"$34\",\"colors\":\"$35\",\"thumbnails\":\"$39\",\"details\":\"Crafted from premium materials and featuring military-grade¹ durability, moto g75 5G is made for everyday life. Capture sharp photos and smooth videos using the Sony - LYTIA 600 camera with OIS. Enjoy endless entertainment on a super-bright 6.8\\\" Full HD+ display backed by Dolby Atmos sound. Plus, be the first to experience the efficiency of the latest Qualcomm Snapdragon processor, a 5000mAh battery with 30W TurboPower chargi (hydration_parser.py:133)
2025-09-25 20:53:02 [DEBUG] [DIAG][hydration_parser] Normalizing block content (first 500): [1,"\"$34\",\"colors\":\"$35\",\"thumbnails\":\"$39\",\"details\":\"Crafted from premium materials and featuring military-grade¹ durability, moto g75 5G is made for everyday life. Capture sharp photos and smooth videos using the Sony - LYTIA 600 camera with OIS. Enjoy endless entertainment on a super-bright 6.8\\\" Full HD+ display backed by Dolby Atmos sound. Plus, be the first to experience the efficiency of the latest Qualcomm Snapdragon processor, a 5000mAh battery with 30W TurboPower chargi (hydration_parser.py:98)
2025-09-25 20:53:02 [DEBUG] [DIAG][hydration_parser] Cleaned payload (first 500): [1,"\"$34\",\"colors\":\"$35\",\"thumbnails\":\"$39\",\"details\":\"Crafted from premium materials and featuring military-grade¹ durability, moto g75 5G is made for everyday life. Capture sharp photos and smooth videos using the Sony - LYTIA 600 camera with OIS. Enjoy endless entertainment on a super-bright 6.8\\\" Full HD+ display backed by Dolby Atmos sound. Plus, be the first to experience the efficiency of the latest Qualcomm Snapdragon processor, a 5000mAh battery with 30W TurboPower chargi (hydration_parser.py:102)
2025-09-25 20:53:02 [DEBUG] [DIAG][hydration_parser] Successfully parsed push block. (hydration_parser.py:142)
2025-09-25 20:53:02 [DEBUG] [DIAG][find_product_with_offers_recursive] Processing data (type: <class 'list'>): [1, '"$34","colors":"$35","thumbnails":"$39","details":"Crafted from premium materials and featuring... (json_parser_utils.py:94)
2025-09-25 20:53:02 [DEBUG] [DIAG][find_product_with_offers_recursive] Iterating list of length 2 (json_parser_utils.py:105)
2025-09-25 20:53:02 [DEBUG] [DIAG][find_product_with_offers_recursive] Recursing into list item 0 (json_parser_utils.py:107)
2025-09-25 20:53:02 [DEBUG] [DIAG][find_product_with_offers_recursive] Processing data (type: <class 'int'>): 1... (json_parser_utils.py:94)
2025-09-25 20:53:02 [DEBUG] [DIAG][find_product_with_offers_recursive] Recursing into list item 1 (json_parser_utils.py:107)
2025-09-25 20:53:02 [DEBUG] [DIAG][find_product_with_offers_recursive] Processing data (type: <class 'str'>): "$34","colors":"$35","thumbnails":"$39","details":"Crafted from premium materials and featuring mili... (json_parser_utils.py:94)
2025-09-25 20:53:02 [DEBUG] [DIAG][hydration_parser] Processing push block (first 500 chars): [1,"b:[[\"$\",\"$L10\",null,{\"container\":true,\"justifyContent\":\"space-around\",\"spacing\":{\"xs\":0,\"md\":0},\"children\":[[\"$\",\"$L10\",null,{\"item\":true,\"md\":4,\"xs\":12,\"children\":[\"$\",\"$L2b\",null,{\"product\":{\"title\":\"Motorola Moto G75 5G 256GB Grey with Buds\",\"image\":\"https://encrypted-tbn0.gstatic.com/shopping?q=tbn:ANd9GcTN0NDdrPCDIn9NaiVIb7vTMSRVKBOQbkBMTHJyb9dzqC_WY5IGMoYuvnsDtsI8XvfpsX50GHyVY5kvPm-1nSr2bXEkwcR1sLJr1IR1dAkwVcXTXGOCB8frf7o\",\"variants\":[],\"c (hydration_parser.py:133)
2025-09-25 20:53:02 [DEBUG] [DIAG][hydration_parser] Normalizing block content (first 500): [1,"b:[[\"$\",\"$L10\",null,{\"container\":true,\"justifyContent\":\"space-around\",\"spacing\":{\"xs\":0,\"md\":0},\"children\":[[\"$\",\"$L10\",null,{\"item\":true,\"md\":4,\"xs\":12,\"children\":[\"$\",\"$L2b\",null,{\"product\":{\"title\":\"Motorola Moto G75 5G 256GB Grey with Buds\",\"image\":\"https://encrypted-tbn0.gstatic.com/shopping?q=tbn:ANd9GcTN0NDdrPCDIn9NaiVIb7vTMSRVKBOQbkBMTHJyb9dzqC_WY5IGMoYuvnsDtsI8XvfpsX50GHyVY5kvPm-1nSr2bXEkwcR1sLJr1IR1dAkwVcXTXGOCB8frf7o\",\"variants\":[],\"c (hydration_parser.py:98)
2025-09-25 20:53:02 [DEBUG] [DIAG][hydration_parser] Cleaned payload (first 500): [1,"b:[[\"$\",\"$L10\",null,{\"container\":true,\"justifyContent\":\"space-around\",\"spacing\":{\"xs\":0,\"md\":0},\"children\":[[\"$\",\"$L10\",null,{\"item\":true,\"md\":4,\"xs\":12,\"children\":[\"$\",\"$L2b\",null,{\"product\":{\"title\":\"Motorola Moto G75 5G 256GB Grey with Buds\",\"image\":\"https://encrypted-tbn0.gstatic.com/shopping?q=tbn:ANd9GcTN0NDdrPCDIn9NaiVIb7vTMSRVKBOQbkBMTHJyb9dzqC_WY5IGMoYuvnsDtsI8XvfpsX50GHyVY5kvPm-1nSr2bXEkwcR1sLJr1IR1dAkwVcXTXGOCB8frf7o\",\"variants\":[],\"c (hydration_parser.py:102)
2025-09-25 20:53:02 [ERROR] [DIAG][hydration_parser] Failed to parse with demjson3: String literal is not terminated (hydration_parser.py:109)
2025-09-25 20:53:02 [ERROR] [DIAG][hydration_parser] Problematic payload (first 1000): [1,"b:[[\"$\",\"$L10\",null,{\"container\":true,\"justifyContent\":\"space-around\",\"spacing\":{\"xs\":0,\"md\":0},\"children\":[[\"$\",\"$L10\",null,{\"item\":true,\"md\":4,\"xs\":12,\"children\":[\"$\",\"$L2b\",null,{\"product\":{\"title\":\"Motorola Moto G75 5G 256GB Grey with Buds\",\"image\":\"https://encrypted-tbn0.gstatic.com/shopping?q=tbn:ANd9GcTN0NDdrPCDIn9NaiVIb7vTMSRVKBOQbkBMTHJyb9dzqC_WY5IGMoYuvnsDtsI8XvfpsX50GHyVY5kvPm-1nSr2bXEkwcR1sLJr1IR1dAkwVcXTXGOCB8frf7o\",\"variants\":[],\"colors\":[{\"gid\":\"15797211988331096831\",\"image\":\"https://encrypted-tbn0.gstatic.com/shopping?q=tbn:ANd9GcSMKJEcJ5xuZEACgvb5b-OsiulwL1b5Ivy7wbsYiJ3A2vpwsAhIjV_QMfs2iyap5nDsHiEzTcaeGYaz_I5WBRrUjD5abtI2D4WPYd1uowVZArHKnsIo95M\u0026usqp=CAY\"},{\"gid\":\"7830005719273689496\",\"image\":\"https://encrypted-tbn2.gstatic.com/shopping?q=tbn:ANd9GcRj65GJdYa0MGuv8L9RWAAJVks98kaBva-KPH34o7Nn8_xgtjFvHpEsyG-G9u_PAZwKCzR1UnPFs6JC5duNRu9kW-AZSxHpJQaql2ly1iZ6Cl09iaqRzqc\u0026usqp=CAY\"},{\"gid\":\"1092934 (hydration_parser.py:110)
2025-09-25 20:53:02 [DEBUG] [DIAG][hydration_parser] Processing push block (first 500 chars): [1,"59:I[65161,[\"3655\",\"static/chunks/3655-f78e4e363a5541d0.js\",\"6290\",\"static/chunks/6290-2a8ce89a0b5a3df8.js\",\"6381\",\"static/chunks/6381-2b873addadcb95f3.js\",\"6310\",\"static/chunks/6310-99207018fb617736.js\",\"5469\",\"static/chunks/5469-d5f85e2b5dbb2663.js\",\"6341\",\"static/chunks/6341-ca54939c2b36d77d.js\",\"6252\",\"static/chunks/6252-920c83842bca245b.js\",\"6574\",\"static/chunks/6574-85b13196e7d2f55e.js\",\"307\",\"static/chunks/307-cefa9bd2f7381bf5.js\",\"2665\",\"static/ (hydration_parser.py:133)
2025-09-25 20:53:02 [DEBUG] [DIAG][hydration_parser] Normalizing block content (first 500): [1,"59:I[65161,[\"3655\",\"static/chunks/3655-f78e4e363a5541d0.js\",\"6290\",\"static/chunks/6290-2a8ce89a0b5a3df8.js\",\"6381\",\"static/chunks/6381-2b873addadcb95f3.js\",\"6310\",\"static/chunks/6310-99207018fb617736.js\",\"5469\",\"static/chunks/5469-d5f85e2b5dbb2663.js\",\"6341\",\"static/chunks/6341-ca54939c2b36d77d.js\",\"6252\",\"static/chunks/6252-920c83842bca245b.js\",\"6574\",\"static/chunks/6574-85b13196e7d2f55e.js\",\"307\",\"static/chunks/307-cefa9bd2f7381bf5.js\",\"2665\",\"static/ (hydration_parser.py:98)
[...]
DEBUG    custom_components.price_tracker.services.buywisely.hydration_parser:hydration_parser.py:133 [DIAG][hydration_parser] Processing push block (first 500 chars): [1,"ing you can see a difference, but in normal use, they're close
DEBUG    custom_components.price_tracker.services.buywisely.hydration_parser:hydration_parser.py:98 [DIAG][hydration_parser] Normalizing block content (first 500): [1,"ing you can see a difference, but in normal use, they're close
DEBUG    custom_components.price_tracker.services.buywisely.hydration_parser:hydration_parser.py:102 [DIAG][hydration_parser] Cleaned payload (first 500): [1,"ing you can see a difference, but in normal use, they're close
ERROR    custom_components.price_tracker.services.buywisely.hydration_parser:hydration_parser.py:109 [DIAG][hydration_parser] Failed to parse with demjson3: String literal is not terminated
ERROR    custom_components.price_tracker.services.buywisely.hydration_parser:hydration_parser.py:110 [DIAG][hydration_parser] Problematic payload (first 1000): [1,"ing you can see a difference, but in normal use, they're close
DEBUG    custom_components.price_tracker.services.buywisely.hydration_parser:hydration_parser.py:133 [DIAG][hydration_parser] Processing push block (first 500 chars): [1,"11:[\"$\",\"$L59\",null,{\"product\":{\"id\":83429707,\"gid\":\"15797211988331096831\",\"title\":\"Motorola Moto G75 5G 256GB Grey with Buds\",\"image\":\"https://encrypted-tbn0.gstatic.com/shopping?q=tbn:ANd9GcTN0NDdrPCDIn9NaiVIb7vTMSRVKBOQbkBMTHJyb9dzqC_WY5IGMoYuvnsDtsI8XvfpsX50GHyVY5kvPm-1nSr2bXEkwcR1sLJr1IR1dAkwVcXTXGOCB8frf7o\",\"created_at\":\"$D2024-11-30T20:11:12.579Z\",\"updated_at\":\"$D2024-12-01T03:20:16.117Z\",\"slug\":\"motorola-moto-g75-5g-256gb-grey-with-buds\",\"thumbnails\"
DEBUG    custom_components.price_tracker.services.buywisely.hydration_parser:hydration_parser.py:98 [DIAG][hydration_parser] Normalizing block content (first 500): [1,"11:[\"$\",\"$L59\",null,{\"product\":{\"id\":83429707,\"gid\":\"15797211988331096831\",\"title\":\"Motorola Moto G75 5G 256GB Grey with Buds\",\"image\":\"https://encrypted-tbn0.gstatic.com/shopping?q=tbn:ANd9GcTN0NDdrPCDIn9NaiVIb7vTMSRVKBOQbkBMTHJyb9dzqC_WY5IGMoYuvnsDtsI8XvfpsX50GHyVY5kvPm-1nSr2bXEkwcR1sLJr1IR1dAkwVcXTXGOCB8frf7o\",\"created_at\":\"$D2024-11-30T20:11:12.579Z\",\"updated_at\":\"$D2024-12-01T03:20:16.117Z\",\"slug\":\"motorola-moto-g75-5g-256gb-grey-with-buds\",\"thumbnails\"
DEBUG    custom_components.price_tracker.services.buywisely.hydration_parser:hydration_parser.py:102 [DIAG][hydration_parser] Cleaned payload (first 500): [1,"11:[\"$\",\"$L59\",null,{\"product\":{\"id\":83429707,\"gid\":\"15797211988331096831\",\"title\":\"Motorola Moto G75 5G 256GB Grey with Buds\",\"image\":\"https://encrypted-tbn0.gstatic.com/shopping?q=tbn:ANd9GcTN0NDdrPCDIn9NaiVIb7vTMSRVKBOQbkBMTHJyb9dzqC_WY5IGMoYuvnsDtsI8XvfpsX50GHyVY5kvPm-1nSr2bXEkwcR1sLJr1IR1dAkwVcXTXGOCB8frf7o\",\"created_at\":\"$D2024-11-30T20:11:12.579Z\",\"updated_at\":\"$D2024-12-01T03:20:16.117Z\",\"slug\":\"motorola-moto-g75-5g-256gb-grey-with-buds\",\"thumbnails\"
ERROR    custom_components.price_tracker.services.buywisely.hydration_parser:hydration_parser.py:109 [DIAG][hydration_parser] Failed to parse with demjson3: String literal is not terminated
ERROR    custom_components.price_tracker.services.buywisely.hydration_parser:hydration_parser.py:110 [DIAG][hydration_parser] Problematic payload (first 1000): [1,"11:[\"$\",\"$L59\",null,{\"product\":{\"id\":83429707,\"gid\":\"15797211988331096831\",\"title\":\"Motorola Moto G75 5G 256GB Grey with Buds\",\"image\":\"https://encrypted-tbn0.gstatic.com/shopping?q=tbn:ANd9GcTN0NDdrPCDIn9NaiVIb7vTMSRVKBOQbkBMTHJyb9dzqC_WY5IGMoYuvnsDtsI8XvfpsX50GHyVY5kvPm-1nSr2bXEkwcR1sLJr1IR1dAkwVcXTXGOCB8frf7o\",\"created_at\":\"$D2024-11-30T20:11:12.579Z\",\"updated_at\":\"$D2024-12-01T03:20:16.117Z\",\"slug\":\"motorola-moto-g75-5g-256gb-grey-with-buds\",\"thumbnails\":[\"https://encrypted-tbn0.gstatic.com/shopping?q=tbn:ANd9GcSqDaT816y1UmPhBrzkea3Dn_Hh8yTT3fZX4XBtJEkQcCWOz-LJ1AMEbRRDBSKM-M061mIP09PmjUwBgDldhA0acuhIAop7lQ\u0026usqp=CAY\",\"https://encrypted-tbn3.gstatic.com/shopping?q=tbn:ANd9GcQfbnmIwlniWJ2_8uNp4bDf-6Ju-12jrovvM3RkZ_F8hYC0DcS85hBW3VZ9oCT7zcvdcW7cG-u8JHbZQMXKs0v2Co4aSaICOQ\u0026usqp=CAY\",\"https://encrypted-tbn0.gstatic.com/shopping?q=tbn:ANd9GcR8UqT2y3HwL6mbcrp9X3EK1qROspiqDkg2j-9eEDSoFr4zLWQaFn_YrCOAi5hlWIs3MKewSYZSOFGmiREKJJNSBeWTMR7I\u00
DEBUG    custom_components.price_tracker.services.buywisely.hydration_parser:hydration_parser.py:150 [DIAG][hydration_parser] No product data found in any push blocks.
--------------------------- Captured stderr teardown ---------------------------
DEBUG:asyncio:Close <_UnixSelectorEventLoop running=False closed=False debug=True>
DEBUG:asyncio:Using selector: EpollSelector
---------------------------- Captured log teardown -----------------------------
DEBUG    asyncio:base_events.py:714 Close <_UnixSelectorEventLoop running=False closed=False debug=True>
DEBUG    asyncio:selector_events.py:64 Using selector: EpollSelector
=============================== warnings summary ===============================
tests/common/test_config_flow.py::test_async_setup_entry_service_type_handling
  /mnt/e/source/personal_repos/homeassistant/custom_components/price_tracker/custom_components/price_tracker/__init__.py:162: RuntimeWarning: coroutine 'AsyncMockMixin._execute_mock_call' was never awaited
  Coroutine created at (most recent call last)
    File "/home/mbernardo/miniconda3/envs/homeassistant/lib/python3.12/site-packages/_pytest/python.py", line 159, in pytest_pyfunc_call
      result = testfunction(**testargs)
    File "/home/mbernardo/miniconda3/envs/homeassistant/lib/python3.12/site-packages/pytest_asyncio/plugin.py", line 929, in inner
      _loop.run_until_complete(task)
    File "/home/mbernardo/miniconda3/envs/homeassistant/lib/python3.12/asyncio/base_events.py", line 678, in run_until_complete
      self.run_forever()
    File "/home/mbernardo/miniconda3/envs/homeassistant/lib/python3.12/asyncio/base_events.py", line 645, in run_forever
      self._run_once()
    File "/home/mbernardo/miniconda3/envs/homeassistant/lib/python3.12/asyncio/base_events.py", line 1991, in _run_once
      handle._run()
    File "/home/mbernardo/miniconda3/envs/homeassistant/lib/python3.12/asyncio/events.py", line 88, in _run
      self._context.run(self._callback, *self._args)
    File "/mnt/e/source/personal_repos/homeassistant/custom_components/price_tracker/tests/common/test_config_flow.py", line 116, in test_async_setup_entry_service_type_handling
      result_init = await init_async_setup_entry(mock_hass, mock_config_entry)
    File "/mnt/e/source/personal_repos/homeassistant/custom_components/price_tracker/custom_components/price_tracker/__init__.py", line 162, in async_setup_entry
      hass.config_entries.async_update_entry(entry=entry, data=data, options=options)
    File "/home/mbernardo/miniconda3/envs/homeassistant/lib/python3.12/unittest/mock.py", line 1139, in __call__
      return self._mock_call(*args, **kwargs)
    File "/home/mbernardo/miniconda3/envs/homeassistant/lib/python3.12/unittest/mock.py", line 1143, in _mock_call
      return self._execute_mock_call(*args, **kwargs)
    hass.config_entries.async_update_entry(entry=entry, data=data, options=options)
  Enable tracemalloc to get traceback where the object was allocated.
  See https://docs.pytest.org/en/stable/how-to/capture-warnings.html#resource-warnings for more info.

tests/common/test_config_flow.py::test_async_setup_entry_service_type_handling
  /mnt/e/source/personal_repos/homeassistant/custom_components/price_tracker/custom_components/price_tracker/sensor.py:62: RuntimeWarning: coroutine 'AsyncMockMixin._execute_mock_call' was never awaited
  Coroutine created at (most recent call last)
    File "/home/mbernardo/miniconda3/envs/homeassistant/lib/python3.12/site-packages/_pytest/python.py", line 159, in pytest_pyfunc_call
      result = testfunction(**testargs)
    File "/home/mbernardo/miniconda3/envs/homeassistant/lib/python3.12/site-packages/pytest_asyncio/plugin.py", line 929, in inner
      _loop.run_until_complete(task)
    File "/home/mbernardo/miniconda3/envs/homeassistant/lib/python3.12/asyncio/base_events.py", line 678, in run_until_complete
      self.run_forever()
    File "/home/mbernardo/miniconda3/envs/homeassistant/lib/python3.12/asyncio/base_events.py", line 645, in run_forever
      self._run_once()
    File "/home/mbernardo/miniconda3/envs/homeassistant/lib/python3.12/asyncio/base_events.py", line 1991, in _run_once
      handle._run()
    File "/home/mbernardo/miniconda3/envs/homeassistant/lib/python3.12/asyncio/events.py", line 88, in _run
      self._context.run(self._callback, *self._args)
    File "/mnt/e/source/personal_repos/homeassistant/custom_components/price_tracker/tests/common/test_config_flow.py", line 122, in test_async_setup_entry_service_type_handling
      await sensor_async_setup_entry(mock_hass, mock_config_entry, mock_async_add_entities)
    File "/mnt/e/source/personal_repos/homeassistant/custom_components/price_tracker/custom_components/price_tracker/sensor.py", line 62, in async_setup_entry
      async_add_entities(list(devices.values()), update_before_add=True)
    File "/home/mbernardo/miniconda3/envs/homeassistant/lib/python3.12/unittest/mock.py", line 1139, in __call__
      return self._mock_call(*args, **kwargs)
    File "/home/mbernardo/miniconda3/envs/homeassistant/lib/python3.12/unittest/mock.py", line 1143, in _mock_call
      return self._execute_mock_call(*args, **kwargs)
    async_add_entities(list(devices.values()), update_before_add=True)
  Enable tracemalloc to get traceback where the object was allocated.
  See https://docs.pytest.org/en/stable/how-to/capture-warnings.html#resource-warnings for more info.

tests/common/test_config_flow.py::test_async_setup_entry_service_type_handling
  /mnt/e/source/personal_repos/homeassistant/custom_components/price_tracker/custom_components/price_tracker/sensor.py:100: RuntimeWarning: coroutine 'AsyncMockMixin._execute_mock_call' was never awaited
  Coroutine created at (most recent call last)
    File "/home/mbernardo/miniconda3/envs/homeassistant/lib/python3.12/site-packages/_pytest/python.py", line 159, in pytest_pyfunc_call
      result = testfunction(**testargs)
    File "/home/mbernardo/miniconda3/envs/homeassistant/lib/python3.12/site-packages/pytest_asyncio/plugin.py", line 929, in inner
      _loop.run_until_complete(task)
    File "/home/mbernardo/miniconda3/envs/homeassistant/lib/python3.12/asyncio/base_events.py", line 678, in run_until_complete
      self.run_forever()
    File "/home/mbernardo/miniconda3/envs/homeassistant/lib/python3.12/asyncio/base_events.py", line 645, in run_forever
      self._run_once()
    File "/home/mbernardo/miniconda3/envs/homeassistant/lib/python3.12/asyncio/base_events.py", line 1991, in _run_once
      handle._run()
    File "/home/mbernardo/miniconda3/envs/homeassistant/lib/python3.12/asyncio/events.py", line 88, in _run
      self._context.run(self._callback, *self._args)
    File "/mnt/e/source/personal_repos/homeassistant/custom_components/price_tracker/tests/common/test_config_flow.py", line 122, in test_async_setup_entry_service_type_handling
      await sensor_async_setup_entry(mock_hass, mock_config_entry, mock_async_add_entities)
    File "/mnt/e/source/personal_repos/homeassistant/custom_components/price_tracker/custom_components/price_tracker/sensor.py", line 100, in async_setup_entry
      async_add_entities(sensors, update_before_add=True)
    File "/home/mbernardo/miniconda3/envs/homeassistant/lib/python3.12/unittest/mock.py", line 1139, in __call__
      return self._mock_call(*args, **kwargs)
    File "/home/mbernardo/miniconda3/envs/homeassistant/lib/python3.12/unittest/mock.py", line 1143, in _mock_call
      return self._execute_mock_call(*args, **kwargs)
    async_add_entities(sensors, update_before_add=True)
  Enable tracemalloc to get traceback where the object was allocated.
  See https://docs.pytest.org/en/stable/how-to/capture-warnings.html#resource-warnings for more info.

tests/common/test_config_flow.py::test_lowest_price_populates_ha_entity
  /mnt/e/source/personal_repos/homeassistant/custom_components/price_tracker/custom_components/price_tracker/__init__.py:162: RuntimeWarning: coroutine 'AsyncMockMixin._execute_mock_call' was never awaited
  Coroutine created at (most recent call last)
    File "/home/mbernardo/miniconda3/envs/homeassistant/lib/python3.12/site-packages/_pytest/python.py", line 159, in pytest_pyfunc_call
      result = testfunction(**testargs)
    File "/home/mbernardo/miniconda3/envs/homeassistant/lib/python3.12/site-packages/pytest_asyncio/plugin.py", line 929, in inner
      _loop.run_until_complete(task)
    File "/home/mbernardo/miniconda3/envs/homeassistant/lib/python3.12/asyncio/base_events.py", line 678, in run_until_complete
      self.run_forever()
    File "/home/mbernardo/miniconda3/envs/homeassistant/lib/python3.12/asyncio/base_events.py", line 645, in run_forever
      self._run_once()
    File "/home/mbernardo/miniconda3/envs/homeassistant/lib/python3.12/asyncio/base_events.py", line 1991, in _run_once
      handle._run()
    File "/home/mbernardo/miniconda3/envs/homeassistant/lib/python3.12/asyncio/events.py", line 88, in _run
      self._context.run(self._callback, *self._args)
    File "/mnt/e/source/personal_repos/homeassistant/custom_components/price_tracker/tests/common/test_config_flow.py", line 200, in test_lowest_price_populates_ha_entity
      result_init = await init_async_setup_entry(mock_hass, mock_config_entry)
    File "/mnt/e/source/personal_repos/homeassistant/custom_components/price_tracker/custom_components/price_tracker/__init__.py", line 162, in async_setup_entry
      hass.config_entries.async_update_entry(entry=entry, data=data, options=options)
    File "/home/mbernardo/miniconda3/envs/homeassistant/lib/python3.12/unittest/mock.py", line 1139, in __call__
      return self._mock_call(*args, **kwargs)
    File "/home/mbernardo/miniconda3/envs/homeassistant/lib/python3.12/unittest/mock.py", line 1143, in _mock_call
      return self._execute_mock_call(*args, **kwargs)
    hass.config_entries.async_update_entry(entry=entry, data=data, options=options)
  Enable tracemalloc to get traceback where the object was allocated.
  See https://docs.pytest.org/en/stable/how-to/capture-warnings.html#resource-warnings for more info.

tests/common/test_config_flow.py::test_lowest_price_populates_ha_entity
  /mnt/e/source/personal_repos/homeassistant/custom_components/price_tracker/custom_components/price_tracker/sensor.py:62: RuntimeWarning: coroutine 'AsyncMockMixin._execute_mock_call' was never awaited
  Coroutine created at (most recent call last)
    File "/home/mbernardo/miniconda3/envs/homeassistant/lib/python3.12/site-packages/_pytest/python.py", line 159, in pytest_pyfunc_call
      result = testfunction(**testargs)
    File "/home/mbernardo/miniconda3/envs/homeassistant/lib/python3.12/site-packages/pytest_asyncio/plugin.py", line 929, in inner
      _loop.run_until_complete(task)
    File "/home/mbernardo/miniconda3/envs/homeassistant/lib/python3.12/asyncio/base_events.py", line 678, in run_until_complete
      self.run_forever()
    File "/home/mbernardo/miniconda3/envs/homeassistant/lib/python3.12/asyncio/base_events.py", line 645, in run_forever
      self._run_once()
    File "/home/mbernardo/miniconda3/envs/homeassistant/lib/python3.12/asyncio/base_events.py", line 1991, in _run_once
      handle._run()
    File "/home/mbernardo/miniconda3/envs/homeassistant/lib/python3.12/asyncio/events.py", line 88, in _run
      self._context.run(self._callback, *self._args)
    File "/mnt/e/source/personal_repos/homeassistant/custom_components/price_tracker/tests/common/test_config_flow.py", line 204, in test_lowest_price_populates_ha_entity
      await sensor_async_setup_entry(mock_hass, mock_config_entry, mock_async_add_entities)
    File "/mnt/e/source/personal_repos/homeassistant/custom_components/price_tracker/custom_components/price_tracker/sensor.py", line 62, in async_setup_entry
      async_add_entities(list(devices.values()), update_before_add=True)
    File "/home/mbernardo/miniconda3/envs/homeassistant/lib/python3.12/unittest/mock.py", line 1139, in __call__
      return self._mock_call(*args, **kwargs)
    File "/home/mbernardo/miniconda3/envs/homeassistant/lib/python3.12/unittest/mock.py", line 1143, in _mock_call
      return self._execute_mock_call(*args, **kwargs)
    async_add_entities(list(devices.values()), update_before_add=True)
  Enable tracemalloc to get traceback where the object was allocated.
  See https://docs.pytest.org/en/stable/how-to/capture-warnings.html#resource-warnings for more info.

tests/common/test_config_flow.py::test_lowest_price_populates_ha_entity
  /mnt/e/source/personal_repos/homeassistant/custom_components/price_tracker/custom_components/price_tracker/sensor.py:100: RuntimeWarning: coroutine 'AsyncMockMixin._execute_mock_call' was never awaited
  Coroutine created at (most recent call last)
    File "/home/mbernardo/miniconda3/envs/homeassistant/lib/python3.12/site-packages/_pytest/python.py", line 159, in pytest_pyfunc_call
      result = testfunction(**testargs)
    File "/home/mbernardo/miniconda3/envs/homeassistant/lib/python3.12/site-packages/pytest_asyncio/plugin.py", line 929, in inner
      _loop.run_until_complete(task)
    File "/home/mbernardo/miniconda3/envs/homeassistant/lib/python3.12/asyncio/base_events.py", line 678, in run_until_complete
      self.run_forever()
    File "/home/mbernardo/miniconda3/envs/homeassistant/lib/python3.12/asyncio/base_events.py", line 645, in run_forever
      self._run_once()
    File "/home/mbernardo/miniconda3/envs/homeassistant/lib/python3.12/asyncio/base_events.py", line 1991, in _run_once
      handle._run()
    File "/home/mbernardo/miniconda3/envs/homeassistant/lib/python3.12/asyncio/events.py", line 88, in _run
      self._context.run(self._callback, *self._args)
    File "/mnt/e/source/personal_repos/homeassistant/custom_components/price_tracker/tests/common/test_config_flow.py", line 204, in test_lowest_price_populates_ha_entity
      await sensor_async_setup_entry(mock_hass, mock_config_entry, mock_async_add_entities)
    File "/mnt/e/source/personal_repos/homeassistant/custom_components/price_tracker/custom_components/price_tracker/sensor.py", line 100, in async_setup_entry
      async_add_entities(sensors, update_before_add=True)
    File "/home/mbernardo/miniconda3/envs/homeassistant/lib/python3.12/unittest/mock.py", line 1139, in __call__
      return self._mock_call(*args, **kwargs)
    File "/home/mbernardo/miniconda3/envs/homeassistant/lib/python3.12/unittest/mock.py", line 1143, in _mock_call
      return self._execute_mock_call(*args, **kwargs)
    async_add_entities(sensors, update_before_add=True)
  Enable tracemalloc to get traceback where the object was allocated.
  See https://docs.pytest.org/en/stable/how-to/capture-warnings.html#resource-warnings for more info.

-- Docs: https://docs.pytest.org/en/stable/how-to/capture-warnings.html
=========================== short test summary info ============================
FAILED tests/buywisely/test_buywisely_parser.py::test_hydration_parser_with_real_data
=================== 1 failed, 4 passed, 6 warnings in 4.25s ====================
